2960 [Test worker] INFO  allcom.tests.TestBase -- Start test: [clickAboutUsLink]
3276 [Test worker] INFO  allcom.tests.TestBase -- PASSED: [clickAboutUsLink], with Parameters: []
3279 [Test worker] INFO  allcom.tests.TestBase -- Start test: [clickAllcomBottomLink]
3423 [Test worker] INFO  allcom.tests.TestBase -- PASSED: [clickAllcomBottomLink], with Parameters: []
3426 [Test worker] INFO  allcom.tests.TestBase -- Start test: [clickContactLink]
3664 [Test worker] INFO  allcom.tests.TestBase -- PASSED: [clickContactLink], with Parameters: []
3666 [Test worker] INFO  allcom.tests.TestBase -- Start test: [clickFacebookLink]
4472 [Test worker] INFO  allcom.tests.TestBase -- PASSED: [clickFacebookLink], with Parameters: []
4473 [Test worker] INFO  allcom.tests.TestBase -- Start test: [clickFavoritesAuctionsLink]
5038 [Test worker] INFO  allcom.tests.TestBase -- PASSED: [clickFavoritesAuctionsLink], with Parameters: []
5039 [Test worker] INFO  allcom.tests.TestBase -- Start test: [clickInstagramLink]
5524 [Test worker] ERROR allcom.tests.TestBase -- ERROR FAILED TEST: [clickInstagramLink], with Parameters: []
5525 [Test worker] ERROR allcom.tests.TestBase -- ERROR TEST MESSAGE: Current page status does not match the expected status expected [true] but found [false]
5938 [Test worker] ERROR allcom.tests.TestBase -- ERROR TEST SCREENSHOT: C:\Users\PORTISHEAD\Desktop\ALLCOM\allcom_qa\src\screenshots\screenshot_error_139820.png
5938 [Test worker] INFO  allcom.tests.TestBase -- [==================================================================================================]
5939 [Test worker] INFO  allcom.tests.TestBase -- Start test: [clickLoginLink]
6184 [Test worker] INFO  allcom.tests.TestBase -- PASSED: [clickLoginLink], with Parameters: []
6185 [Test worker] INFO  allcom.tests.TestBase -- Start test: [clickMyAccountLink]
6450 [Test worker] INFO  allcom.tests.TestBase -- PASSED: [clickMyAccountLink], with Parameters: []
6451 [Test worker] INFO  allcom.tests.TestBase -- Start test: [clickMyAuctionsLink]
6701 [Test worker] INFO  allcom.tests.TestBase -- PASSED: [clickMyAuctionsLink], with Parameters: []
6702 [Test worker] INFO  allcom.tests.TestBase -- Start test: [clickPortfolioLink]
6936 [Test worker] INFO  allcom.tests.TestBase -- PASSED: [clickPortfolioLink], with Parameters: []
6937 [Test worker] INFO  allcom.tests.TestBase -- Start test: [clickPrivacyPolicyLink]
7245 [Test worker] INFO  allcom.tests.TestBase -- PASSED: [clickPrivacyPolicyLink], with Parameters: []
7245 [Test worker] INFO  allcom.tests.TestBase -- Start test: [clickRegisterLink]
7479 [Test worker] INFO  allcom.tests.TestBase -- PASSED: [clickRegisterLink], with Parameters: []
7480 [Test worker] INFO  allcom.tests.TestBase -- Start test: [clickTwitterLink]
8238 [Test worker] ERROR allcom.tests.TestBase -- ERROR FAILED TEST: [clickTwitterLink], with Parameters: []
8239 [Test worker] ERROR allcom.tests.TestBase -- ERROR TEST MESSAGE: Current page status does not match the expected status expected [true] but found [false]
8519 [Test worker] ERROR allcom.tests.TestBase -- ERROR TEST SCREENSHOT: C:\Users\PORTISHEAD\Desktop\ALLCOM\allcom_qa\src\screenshots\screenshot_error_139847.png
8519 [Test worker] INFO  allcom.tests.TestBase -- [==================================================================================================]
8521 [Test worker] INFO  allcom.tests.TestBase -- Start test: [clickYoutubeLink]
9099 [Test worker] ERROR allcom.tests.TestBase -- ERROR FAILED TEST: [clickYoutubeLink], with Parameters: []
9099 [Test worker] ERROR allcom.tests.TestBase -- ERROR TEST MESSAGE: Current page status does not match the expected status expected [true] but found [false]
9425 [Test worker] ERROR allcom.tests.TestBase -- ERROR TEST SCREENSHOT: C:\Users\PORTISHEAD\Desktop\ALLCOM\allcom_qa\src\screenshots\screenshot_error_139856.png
9425 [Test worker] INFO  allcom.tests.TestBase -- [==================================================================================================]
