6387 [Test worker] INFO  allcom.tests.TestBase -- Start test: [registerNewFirmaWithValidRandomDataPositive]
7891 [Test worker] ERROR allcom.tests.TestBase -- ERROR FAILED TEST: [registerNewFirmaWithValidRandomDataPositive], with Parameters: []
7892 [Test worker] ERROR allcom.tests.TestBase -- ERROR TEST MESSAGE: expected [true] but found [false]
8118 [Test worker] ERROR allcom.tests.TestBase -- ERROR TEST SCREENSHOT: C:\Users\PORTISHEAD\Desktop\ALLCOM\allcom_qa\src\screenshots\screenshot_error_305418.png
8118 [Test worker] INFO  allcom.tests.TestBase -- [==================================================================================================]
8120 [Test worker] INFO  allcom.tests.TestBase -- Start test: [registerNewFirmaWithValidRandomDataPositive]
9323 [Test worker] ERROR allcom.tests.TestBase -- ERROR FAILED TEST: [registerNewFirmaWithValidRandomDataPositive], with Parameters: []
9323 [Test worker] ERROR allcom.tests.TestBase -- ERROR TEST MESSAGE: expected [true] but found [false]
9462 [Test worker] ERROR allcom.tests.TestBase -- ERROR TEST SCREENSHOT: C:\Users\PORTISHEAD\Desktop\ALLCOM\allcom_qa\src\screenshots\screenshot_error_305561.png
9462 [Test worker] INFO  allcom.tests.TestBase -- [==================================================================================================]
9463 [Test worker] INFO  allcom.tests.TestBase -- Start test: [registerNewFirmaWithValidRandomDataPositive]
10632 [Test worker] ERROR allcom.tests.TestBase -- ERROR FAILED TEST: [registerNewFirmaWithValidRandomDataPositive], with Parameters: []
10632 [Test worker] ERROR allcom.tests.TestBase -- ERROR TEST MESSAGE: expected [true] but found [false]
10785 [Test worker] ERROR allcom.tests.TestBase -- ERROR TEST SCREENSHOT: C:\Users\PORTISHEAD\Desktop\ALLCOM\allcom_qa\src\screenshots\screenshot_error_305692.png
10785 [Test worker] INFO  allcom.tests.TestBase -- [==================================================================================================]
10786 [Test worker] INFO  allcom.tests.TestBase -- Start test: [registerNewFirmaWithValidRandomDataPositive]
12005 [Test worker] ERROR allcom.tests.TestBase -- ERROR FAILED TEST: [registerNewFirmaWithValidRandomDataPositive], with Parameters: []
12005 [Test worker] ERROR allcom.tests.TestBase -- ERROR TEST MESSAGE: expected [true] but found [false]
12182 [Test worker] ERROR allcom.tests.TestBase -- ERROR TEST SCREENSHOT: C:\Users\PORTISHEAD\Desktop\ALLCOM\allcom_qa\src\screenshots\screenshot_error_305830.png
12182 [Test worker] INFO  allcom.tests.TestBase -- [==================================================================================================]
12183 [Test worker] INFO  allcom.tests.TestBase -- Start test: [registerNewFirmaWithValidRandomDataPositive]
13341 [Test worker] ERROR allcom.tests.TestBase -- ERROR FAILED TEST: [registerNewFirmaWithValidRandomDataPositive], with Parameters: []
13341 [Test worker] ERROR allcom.tests.TestBase -- ERROR TEST MESSAGE: expected [true] but found [false]
13506 [Test worker] ERROR allcom.tests.TestBase -- ERROR TEST SCREENSHOT: C:\Users\PORTISHEAD\Desktop\ALLCOM\allcom_qa\src\screenshots\screenshot_error_305963.png
13506 [Test worker] INFO  allcom.tests.TestBase -- [==================================================================================================]
13507 [Test worker] INFO  allcom.tests.TestBase -- Start test: [registerNewFirmaWithValidRandomDataPositive]
14673 [Test worker] ERROR allcom.tests.TestBase -- ERROR FAILED TEST: [registerNewFirmaWithValidRandomDataPositive], with Parameters: []
14674 [Test worker] ERROR allcom.tests.TestBase -- ERROR TEST MESSAGE: expected [true] but found [false]
14802 [Test worker] ERROR allcom.tests.TestBase -- ERROR TEST SCREENSHOT: C:\Users\PORTISHEAD\Desktop\ALLCOM\allcom_qa\src\screenshots\screenshot_error_306096.png
14802 [Test worker] INFO  allcom.tests.TestBase -- [==================================================================================================]
14803 [Test worker] INFO  allcom.tests.TestBase -- Start test: [registerNewFirmaWithValidRandomDataPositive]
15990 [Test worker] ERROR allcom.tests.TestBase -- ERROR FAILED TEST: [registerNewFirmaWithValidRandomDataPositive], with Parameters: []
15990 [Test worker] ERROR allcom.tests.TestBase -- ERROR TEST MESSAGE: expected [true] but found [false]
16157 [Test worker] ERROR allcom.tests.TestBase -- ERROR TEST SCREENSHOT: C:\Users\PORTISHEAD\Desktop\ALLCOM\allcom_qa\src\screenshots\screenshot_error_306228.png
16157 [Test worker] INFO  allcom.tests.TestBase -- [==================================================================================================]
16158 [Test worker] INFO  allcom.tests.TestBase -- Start test: [registerNewFirmaWithValidRandomDataPositive]
17348 [Test worker] ERROR allcom.tests.TestBase -- ERROR FAILED TEST: [registerNewFirmaWithValidRandomDataPositive], with Parameters: []
17348 [Test worker] ERROR allcom.tests.TestBase -- ERROR TEST MESSAGE: expected [true] but found [false]
17518 [Test worker] ERROR allcom.tests.TestBase -- ERROR TEST SCREENSHOT: C:\Users\PORTISHEAD\Desktop\ALLCOM\allcom_qa\src\screenshots\screenshot_error_306364.png
17519 [Test worker] INFO  allcom.tests.TestBase -- [==================================================================================================]
17519 [Test worker] INFO  allcom.tests.TestBase -- Start test: [registerNewFirmaWithValidRandomDataPositive]
18697 [Test worker] ERROR allcom.tests.TestBase -- ERROR FAILED TEST: [registerNewFirmaWithValidRandomDataPositive], with Parameters: []
18697 [Test worker] ERROR allcom.tests.TestBase -- ERROR TEST MESSAGE: expected [true] but found [false]
18819 [Test worker] ERROR allcom.tests.TestBase -- ERROR TEST SCREENSHOT: C:\Users\PORTISHEAD\Desktop\ALLCOM\allcom_qa\src\screenshots\screenshot_error_306499.png
18819 [Test worker] INFO  allcom.tests.TestBase -- [==================================================================================================]
18819 [Test worker] INFO  allcom.tests.TestBase -- Start test: [registerNewFirmaWithValidRandomDataPositive]
20011 [Test worker] ERROR allcom.tests.TestBase -- ERROR FAILED TEST: [registerNewFirmaWithValidRandomDataPositive], with Parameters: []
20011 [Test worker] ERROR allcom.tests.TestBase -- ERROR TEST MESSAGE: expected [true] but found [false]
20134 [Test worker] ERROR allcom.tests.TestBase -- ERROR TEST SCREENSHOT: C:\Users\PORTISHEAD\Desktop\ALLCOM\allcom_qa\src\screenshots\screenshot_error_306630.png
20134 [Test worker] INFO  allcom.tests.TestBase -- [==================================================================================================]
20134 [Test worker] INFO  allcom.tests.TestBase -- Start test: [registerNewFirmaWithValidRandomDataPositive]
