2828 [Test worker] INFO  allcom.tests.TestBase -- Start test: [aboutUsContentIsPresent]
3239 [Test worker] INFO  allcom.tests.TestBase -- PASSED: [aboutUsContentIsPresent], with Parameters: []
3240 [Test worker] INFO  allcom.tests.TestBase -- Start test: [aboutUsHeaderIsPresent]
3377 [Test worker] INFO  allcom.tests.TestBase -- PASSED: [aboutUsHeaderIsPresent], with Parameters: []
3379 [Test worker] INFO  allcom.tests.TestBase -- Start test: [aboutUsMapContainerIsPresent]
3506 [Test worker] INFO  allcom.tests.TestBase -- PASSED: [aboutUsMapContainerIsPresent], with Parameters: []
3509 [Test worker] INFO  allcom.tests.TestBase -- Start test: [allcomLogoIsPresent]
3620 [Test worker] INFO  allcom.tests.TestBase -- PASSED: [allcomLogoIsPresent], with Parameters: []
3621 [Test worker] INFO  allcom.tests.TestBase -- Start test: [clickAllcomLogoNavigatesToHomePage]
3919 [Test worker] INFO  allcom.tests.TestBase -- PASSED: [clickAllcomLogoNavigatesToHomePage], with Parameters: []
3920 [Test worker] INFO  allcom.tests.TestBase -- Start test: [cartTopIsPresent]
4033 [Test worker] INFO  allcom.tests.TestBase -- PASSED: [cartTopIsPresent], with Parameters: []
4034 [Test worker] INFO  allcom.tests.TestBase -- Start test: [clickCartTopNavigatesToCorrectPage]
4205 [Test worker] INFO  allcom.tests.TestBase -- PASSED: [clickCartTopNavigatesToCorrectPage], with Parameters: []
4206 [Test worker] INFO  allcom.tests.TestBase -- Start test: [clickMyAccountTopNavigatesToCorrectPage]
4398 [Test worker] INFO  allcom.tests.TestBase -- PASSED: [clickMyAccountTopNavigatesToCorrectPage], with Parameters: []
4399 [Test worker] INFO  allcom.tests.TestBase -- Start test: [clickWishlistTopNavigatesToCorrectPage]
4574 [Test worker] INFO  allcom.tests.TestBase -- PASSED: [clickWishlistTopNavigatesToCorrectPage], with Parameters: []
4575 [Test worker] INFO  allcom.tests.TestBase -- Start test: [myAccountTopIsPresent]
4690 [Test worker] INFO  allcom.tests.TestBase -- PASSED: [myAccountTopIsPresent], with Parameters: []
4690 [Test worker] INFO  allcom.tests.TestBase -- Start test: [wishlistTopIsPresent]
4807 [Test worker] INFO  allcom.tests.TestBase -- PASSED: [wishlistTopIsPresent], with Parameters: []
4809 [Test worker] INFO  allcom.tests.TestBase -- Start test: [searchBoxAcceptsLongInput]
5159 [Test worker] INFO  allcom.tests.TestBase -- PASSED: [searchBoxAcceptsLongInput], with Parameters: []
5160 [Test worker] INFO  allcom.tests.TestBase -- Start test: [searchBoxAcceptsSpecialCharacters]
5389 [Test worker] INFO  allcom.tests.TestBase -- PASSED: [searchBoxAcceptsSpecialCharacters], with Parameters: []
5390 [Test worker] INFO  allcom.tests.TestBase -- Start test: [searchBoxInputIsPresent]
5518 [Test worker] INFO  allcom.tests.TestBase -- PASSED: [searchBoxInputIsPresent], with Parameters: []
5533 [Test worker] INFO  allcom.tests.TestBase -- Start test: [searchBoxInputTest]
5759 [Test worker] INFO  allcom.tests.TestBase -- PASSED: [searchBoxInputTest], with Parameters: []
5760 [Test worker] INFO  allcom.tests.TestBase -- Start test: [searchBoxInputTest]
6015 [Test worker] INFO  allcom.tests.TestBase -- PASSED: [searchBoxInputTest], with Parameters: [ ]
6016 [Test worker] INFO  allcom.tests.TestBase -- Start test: [searchBoxInputTest]
6244 [Test worker] INFO  allcom.tests.TestBase -- PASSED: [searchBoxInputTest], with Parameters: [<script>]
6244 [Test worker] INFO  allcom.tests.TestBase -- Start test: [searchBoxInputTest]
6471 [Test worker] INFO  allcom.tests.TestBase -- PASSED: [searchBoxInputTest], with Parameters: [</script>]
6472 [Test worker] INFO  allcom.tests.TestBase -- Start test: [searchBoxInputTest]
6717 [Test worker] INFO  allcom.tests.TestBase -- PASSED: [searchBoxInputTest], with Parameters: [<script>]
6717 [Test worker] INFO  allcom.tests.TestBase -- Start test: [searchBoxInputTest]
6957 [Test worker] INFO  allcom.tests.TestBase -- PASSED: [searchBoxInputTest], with Parameters: [<img>]
6957 [Test worker] INFO  allcom.tests.TestBase -- Start test: [searchBoxInputTest]
7176 [Test worker] INFO  allcom.tests.TestBase -- PASSED: [searchBoxInputTest], with Parameters: [<div>]
7177 [Test worker] INFO  allcom.tests.TestBase -- Start test: [searchBoxInputTest]
7399 [Test worker] INFO  allcom.tests.TestBase -- PASSED: [searchBoxInputTest], with Parameters: [<iframe>]
7401 [Test worker] INFO  allcom.tests.TestBase -- Start test: [searchBoxInputTest]
7619 [Test worker] INFO  allcom.tests.TestBase -- PASSED: [searchBoxInputTest], with Parameters: [<input>]
7620 [Test worker] INFO  allcom.tests.TestBase -- Start test: [searchBoxInputTest]
7835 [Test worker] INFO  allcom.tests.TestBase -- PASSED: [searchBoxInputTest], with Parameters: [@@]
7836 [Test worker] INFO  allcom.tests.TestBase -- Start test: [searchBoxInputTest]
8043 [Test worker] INFO  allcom.tests.TestBase -- PASSED: [searchBoxInputTest], with Parameters: [char]
8050 [Test worker] INFO  allcom.tests.TestBase -- Start test: [searchBoxInputTest]
8360 [Test worker] INFO  allcom.tests.TestBase -- PASSED: [searchBoxInputTest], with Parameters: [nchar]
8361 [Test worker] INFO  allcom.tests.TestBase -- Start test: [searchBoxInputTest]
8582 [Test worker] INFO  allcom.tests.TestBase -- PASSED: [searchBoxInputTest], with Parameters: [varchar]
8582 [Test worker] INFO  allcom.tests.TestBase -- Start test: [searchBoxInputTest]
8808 [Test worker] INFO  allcom.tests.TestBase -- PASSED: [searchBoxInputTest], with Parameters: [nvarchar]
8809 [Test worker] INFO  allcom.tests.TestBase -- Start test: [searchBoxInputTest]
9020 [Test worker] INFO  allcom.tests.TestBase -- PASSED: [searchBoxInputTest], with Parameters: [alter]
9020 [Test worker] INFO  allcom.tests.TestBase -- Start test: [searchBoxInputTest]
9243 [Test worker] INFO  allcom.tests.TestBase -- PASSED: [searchBoxInputTest], with Parameters: [begin]
9243 [Test worker] INFO  allcom.tests.TestBase -- Start test: [searchBoxInputTest]
9467 [Test worker] INFO  allcom.tests.TestBase -- PASSED: [searchBoxInputTest], with Parameters: [cast]
9468 [Test worker] INFO  allcom.tests.TestBase -- Start test: [searchBoxInputTest]
9710 [Test worker] INFO  allcom.tests.TestBase -- PASSED: [searchBoxInputTest], with Parameters: [create]
9710 [Test worker] INFO  allcom.tests.TestBase -- Start test: [searchBoxInputTest]
9971 [Test worker] INFO  allcom.tests.TestBase -- PASSED: [searchBoxInputTest], with Parameters: [cursor]
9972 [Test worker] INFO  allcom.tests.TestBase -- Start test: [searchBoxInputTest]
10183 [Test worker] INFO  allcom.tests.TestBase -- PASSED: [searchBoxInputTest], with Parameters: [declare]
10183 [Test worker] INFO  allcom.tests.TestBase -- Start test: [searchBoxInputTest]
10406 [Test worker] INFO  allcom.tests.TestBase -- PASSED: [searchBoxInputTest], with Parameters: [delete]
10406 [Test worker] INFO  allcom.tests.TestBase -- Start test: [searchBoxInputTest]
10614 [Test worker] INFO  allcom.tests.TestBase -- PASSED: [searchBoxInputTest], with Parameters: [drop]
10615 [Test worker] INFO  allcom.tests.TestBase -- Start test: [searchBoxInputTest]
10833 [Test worker] INFO  allcom.tests.TestBase -- PASSED: [searchBoxInputTest], with Parameters: [exec]
10833 [Test worker] INFO  allcom.tests.TestBase -- Start test: [searchBoxInputTest]
11049 [Test worker] INFO  allcom.tests.TestBase -- PASSED: [searchBoxInputTest], with Parameters: [execute]
11049 [Test worker] INFO  allcom.tests.TestBase -- Start test: [searchBoxInputTest]
11261 [Test worker] INFO  allcom.tests.TestBase -- PASSED: [searchBoxInputTest], with Parameters: [fetch]
11261 [Test worker] INFO  allcom.tests.TestBase -- Start test: [searchBoxInputTest]
11470 [Test worker] INFO  allcom.tests.TestBase -- PASSED: [searchBoxInputTest], with Parameters: [insert]
11471 [Test worker] INFO  allcom.tests.TestBase -- Start test: [searchBoxInputTest]
11692 [Test worker] INFO  allcom.tests.TestBase -- PASSED: [searchBoxInputTest], with Parameters: [kill]
11692 [Test worker] INFO  allcom.tests.TestBase -- Start test: [searchBoxInputTest]
11911 [Test worker] INFO  allcom.tests.TestBase -- PASSED: [searchBoxInputTest], with Parameters: [select]
11912 [Test worker] INFO  allcom.tests.TestBase -- Start test: [searchBoxInputTest]
12139 [Test worker] INFO  allcom.tests.TestBase -- PASSED: [searchBoxInputTest], with Parameters: [sys]
12140 [Test worker] INFO  allcom.tests.TestBase -- Start test: [searchBoxInputTest]
12356 [Test worker] INFO  allcom.tests.TestBase -- PASSED: [searchBoxInputTest], with Parameters: [sysobjects]
12356 [Test worker] INFO  allcom.tests.TestBase -- Start test: [searchBoxInputTest]
12577 [Test worker] INFO  allcom.tests.TestBase -- PASSED: [searchBoxInputTest], with Parameters: [syscolumns]
12577 [Test worker] INFO  allcom.tests.TestBase -- Start test: [searchBoxInputTest]
12781 [Test worker] INFO  allcom.tests.TestBase -- PASSED: [searchBoxInputTest], with Parameters: [<script></script>]
12781 [Test worker] INFO  allcom.tests.TestBase -- Start test: [searchBoxInputTextTest]
12987 [Test worker] INFO  allcom.tests.TestBase -- PASSED: [searchBoxInputTextTest], with Parameters: []
12987 [Test worker] INFO  allcom.tests.TestBase -- Start test: [searchBoxIsAbsentOnLowResolution]
14980 [Test worker] INFO  allcom.tests.TestBase -- PASSED: [searchBoxIsAbsentOnLowResolution], with Parameters: []
14980 [Test worker] INFO  allcom.tests.TestBase -- Start test: [searchBoxIsClickableOnDifferentResolutions]
20931 [Test worker] ERROR allcom.tests.TestBase -- ERROR FAILED TEST: [searchBoxIsClickableOnDifferentResolutions], with Parameters: []
20931 [Test worker] ERROR allcom.tests.TestBase -- ERROR TEST MESSAGE: Expected condition failed: waiting for element to be clickable: By.cssSelector: [data-testid='searchButton'] (tried for 5 second(s) with 500 milliseconds interval)
Build info: version: '4.17.0', revision: 'e52b1be057*'
System info: os.name: 'Windows 11', os.arch: 'amd64', os.version: '10.0', java.version: '11.0.20'
Driver info: org.openqa.selenium.chrome.ChromeDriver
Capabilities {acceptInsecureCerts: false, browserName: chrome, browserVersion: 121.0.6167.86, chrome: {chromedriverVersion: 121.0.6167.85 (3f98d690ad7e..., userDataDir: C:\Windows\SystemTemp\scope...}, fedcm:accounts: true, goog:chromeOptions: {debuggerAddress: localhost:54025}, networkConnectionEnabled: false, pageLoadStrategy: normal, platformName: windows, proxy: Proxy(), se:cdp: ws://localhost:54025/devtoo..., se:cdpVersion: 121.0.6167.86, setWindowRect: true, strictFileInteractability: false, timeouts: {implicit: 0, pageLoad: 300000, script: 30000}, unhandledPromptBehavior: dismiss and notify, webauthn:extension:credBlob: true, webauthn:extension:largeBlob: true, webauthn:extension:minPinLength: true, webauthn:extension:prf: true, webauthn:virtualAuthenticators: true}
Session ID: 8103cea38bc70eb69e10f08b62e090b4
21084 [Test worker] ERROR allcom.tests.TestBase -- ERROR TEST SCREENSHOT: C:\Users\PORTISHEAD\Desktop\ALLCOM\allcom_qa\src\screenshots\screenshot_error_610102.png
21084 [Test worker] INFO  allcom.tests.TestBase -- [==================================================================================================]
21086 [Test worker] INFO  allcom.tests.TestBase -- Start test: [searchBoxIsEmptyBeforeInput]
21430 [Test worker] INFO  allcom.tests.TestBase -- PASSED: [searchBoxIsEmptyBeforeInput], with Parameters: []
21436 [Test worker] INFO  allcom.tests.TestBase -- Start test: [searchBoxIsPresent]
21683 [Test worker] INFO  allcom.tests.TestBase -- PASSED: [searchBoxIsPresent], with Parameters: []
21685 [Test worker] INFO  allcom.tests.TestBase -- Start test: [searchBoxIsPresentOnHighResolution]
27430 [Test worker] ERROR allcom.tests.TestBase -- ERROR FAILED TEST: [searchBoxIsPresentOnHighResolution], with Parameters: []
27430 [Test worker] ERROR allcom.tests.TestBase -- ERROR TEST MESSAGE: Expected condition failed: waiting for element to be clickable: [[ChromeDriver: chrome on windows (8103cea38bc70eb69e10f08b62e090b4)] -> class name: header__search--box] (tried for 5 second(s) with 500 milliseconds interval)
Build info: version: '4.17.0', revision: 'e52b1be057*'
System info: os.name: 'Windows 11', os.arch: 'amd64', os.version: '10.0', java.version: '11.0.20'
Driver info: org.openqa.selenium.chrome.ChromeDriver
Capabilities {acceptInsecureCerts: false, browserName: chrome, browserVersion: 121.0.6167.86, chrome: {chromedriverVersion: 121.0.6167.85 (3f98d690ad7e..., userDataDir: C:\Windows\SystemTemp\scope...}, fedcm:accounts: true, goog:chromeOptions: {debuggerAddress: localhost:54025}, networkConnectionEnabled: false, pageLoadStrategy: normal, platformName: windows, proxy: Proxy(), se:cdp: ws://localhost:54025/devtoo..., se:cdpVersion: 121.0.6167.86, setWindowRect: true, strictFileInteractability: false, timeouts: {implicit: 0, pageLoad: 300000, script: 30000}, unhandledPromptBehavior: dismiss and notify, webauthn:extension:credBlob: true, webauthn:extension:largeBlob: true, webauthn:extension:minPinLength: true, webauthn:extension:prf: true, webauthn:virtualAuthenticators: true}
Session ID: 8103cea38bc70eb69e10f08b62e090b4
27549 [Test worker] ERROR allcom.tests.TestBase -- ERROR TEST SCREENSHOT: C:\Users\PORTISHEAD\Desktop\ALLCOM\allcom_qa\src\screenshots\screenshot_error_610167.png
27549 [Test worker] INFO  allcom.tests.TestBase -- [==================================================================================================]
27549 [Test worker] INFO  allcom.tests.TestBase -- Start test: [searchButtonBottomIsAbsentOnHighResolution]
33555 [Test worker] ERROR allcom.tests.TestBase -- ERROR FAILED TEST: [searchButtonBottomIsAbsentOnHighResolution], with Parameters: []
33555 [Test worker] ERROR allcom.tests.TestBase -- ERROR TEST MESSAGE: Expected condition failed: waiting for condition to not be valid: element to be clickable: By.cssSelector: [data-testid='searchBottom'] (tried for 5 second(s) with 500 milliseconds interval)
Build info: version: '4.17.0', revision: 'e52b1be057*'
System info: os.name: 'Windows 11', os.arch: 'amd64', os.version: '10.0', java.version: '11.0.20'
Driver info: org.openqa.selenium.chrome.ChromeDriver
Capabilities {acceptInsecureCerts: false, browserName: chrome, browserVersion: 121.0.6167.86, chrome: {chromedriverVersion: 121.0.6167.85 (3f98d690ad7e..., userDataDir: C:\Windows\SystemTemp\scope...}, fedcm:accounts: true, goog:chromeOptions: {debuggerAddress: localhost:54025}, networkConnectionEnabled: false, pageLoadStrategy: normal, platformName: windows, proxy: Proxy(), se:cdp: ws://localhost:54025/devtoo..., se:cdpVersion: 121.0.6167.86, setWindowRect: true, strictFileInteractability: false, timeouts: {implicit: 0, pageLoad: 300000, script: 30000}, unhandledPromptBehavior: dismiss and notify, webauthn:extension:credBlob: true, webauthn:extension:largeBlob: true, webauthn:extension:minPinLength: true, webauthn:extension:prf: true, webauthn:virtualAuthenticators: true}
Session ID: 8103cea38bc70eb69e10f08b62e090b4
33689 [Test worker] ERROR allcom.tests.TestBase -- ERROR TEST SCREENSHOT: C:\Users\PORTISHEAD\Desktop\ALLCOM\allcom_qa\src\screenshots\screenshot_error_610229.png
33689 [Test worker] INFO  allcom.tests.TestBase -- [==================================================================================================]
33689 [Test worker] INFO  allcom.tests.TestBase -- Start test: [searchButtonBottomIsClickable]
34227 [Test worker] INFO  allcom.tests.TestBase -- PASSED: [searchButtonBottomIsClickable], with Parameters: []
34228 [Test worker] INFO  allcom.tests.TestBase -- Start test: [searchButtonBottomIsPresentOnLowResolution]
34753 [Test worker] INFO  allcom.tests.TestBase -- PASSED: [searchButtonBottomIsPresentOnLowResolution], with Parameters: []
34753 [Test worker] INFO  allcom.tests.TestBase -- Start test: [searchButtonIsClickable]
40532 [Test worker] ERROR allcom.tests.TestBase -- ERROR FAILED TEST: [searchButtonIsClickable], with Parameters: []
40532 [Test worker] ERROR allcom.tests.TestBase -- ERROR TEST MESSAGE: Expected condition failed: waiting for element to be clickable: By.cssSelector: [data-testid='searchButton'] (tried for 5 second(s) with 500 milliseconds interval)
Build info: version: '4.17.0', revision: 'e52b1be057*'
System info: os.name: 'Windows 11', os.arch: 'amd64', os.version: '10.0', java.version: '11.0.20'
Driver info: org.openqa.selenium.chrome.ChromeDriver
Capabilities {acceptInsecureCerts: false, browserName: chrome, browserVersion: 121.0.6167.86, chrome: {chromedriverVersion: 121.0.6167.85 (3f98d690ad7e..., userDataDir: C:\Windows\SystemTemp\scope...}, fedcm:accounts: true, goog:chromeOptions: {debuggerAddress: localhost:54025}, networkConnectionEnabled: false, pageLoadStrategy: normal, platformName: windows, proxy: Proxy(), se:cdp: ws://localhost:54025/devtoo..., se:cdpVersion: 121.0.6167.86, setWindowRect: true, strictFileInteractability: false, timeouts: {implicit: 0, pageLoad: 300000, script: 30000}, unhandledPromptBehavior: dismiss and notify, webauthn:extension:credBlob: true, webauthn:extension:largeBlob: true, webauthn:extension:minPinLength: true, webauthn:extension:prf: true, webauthn:virtualAuthenticators: true}
Session ID: 8103cea38bc70eb69e10f08b62e090b4
40637 [Test worker] ERROR allcom.tests.TestBase -- ERROR TEST SCREENSHOT: C:\Users\PORTISHEAD\Desktop\ALLCOM\allcom_qa\src\screenshots\screenshot_error_610298.png
40637 [Test worker] INFO  allcom.tests.TestBase -- [==================================================================================================]
40638 [Test worker] INFO  allcom.tests.TestBase -- Start test: [searchRedirectsToCorrectPageTest]
41305 [Test worker] INFO  allcom.tests.TestBase -- PASSED: [searchRedirectsToCorrectPageTest], with Parameters: []
41306 [Test worker] INFO  allcom.tests.TestBase -- Start test: [validateSearchWithIncorrectData]
41510 [Test worker] INFO  allcom.tests.TestBase -- PASSED: [validateSearchWithIncorrectData], with Parameters: []
41511 [Test worker] INFO  allcom.tests.TestBase -- Start test: [validateSearchWithIncorrectData]
41718 [Test worker] INFO  allcom.tests.TestBase -- PASSED: [validateSearchWithIncorrectData], with Parameters: [ ]
41719 [Test worker] INFO  allcom.tests.TestBase -- Start test: [validateSearchWithIncorrectData]
41918 [Test worker] INFO  allcom.tests.TestBase -- PASSED: [validateSearchWithIncorrectData], with Parameters: [<script>]
41918 [Test worker] INFO  allcom.tests.TestBase -- Start test: [validateSearchWithIncorrectData]
42129 [Test worker] INFO  allcom.tests.TestBase -- PASSED: [validateSearchWithIncorrectData], with Parameters: [</script>]
42129 [Test worker] INFO  allcom.tests.TestBase -- Start test: [validateSearchWithIncorrectData]
42326 [Test worker] INFO  allcom.tests.TestBase -- PASSED: [validateSearchWithIncorrectData], with Parameters: [<script>]
42327 [Test worker] INFO  allcom.tests.TestBase -- Start test: [validateSearchWithIncorrectData]
42529 [Test worker] INFO  allcom.tests.TestBase -- PASSED: [validateSearchWithIncorrectData], with Parameters: [<img>]
42529 [Test worker] INFO  allcom.tests.TestBase -- Start test: [validateSearchWithIncorrectData]
42737 [Test worker] INFO  allcom.tests.TestBase -- PASSED: [validateSearchWithIncorrectData], with Parameters: [<div>]
42737 [Test worker] INFO  allcom.tests.TestBase -- Start test: [validateSearchWithIncorrectData]
42939 [Test worker] INFO  allcom.tests.TestBase -- PASSED: [validateSearchWithIncorrectData], with Parameters: [<iframe>]
42939 [Test worker] INFO  allcom.tests.TestBase -- Start test: [validateSearchWithIncorrectData]
43260 [Test worker] INFO  allcom.tests.TestBase -- PASSED: [validateSearchWithIncorrectData], with Parameters: [<input>]
43260 [Test worker] INFO  allcom.tests.TestBase -- Start test: [validateSearchWithIncorrectData]
43457 [Test worker] INFO  allcom.tests.TestBase -- PASSED: [validateSearchWithIncorrectData], with Parameters: [@@]
43457 [Test worker] INFO  allcom.tests.TestBase -- Start test: [validateSearchWithIncorrectData]
43655 [Test worker] INFO  allcom.tests.TestBase -- PASSED: [validateSearchWithIncorrectData], with Parameters: [char]
43655 [Test worker] INFO  allcom.tests.TestBase -- Start test: [validateSearchWithIncorrectData]
43856 [Test worker] INFO  allcom.tests.TestBase -- PASSED: [validateSearchWithIncorrectData], with Parameters: [nchar]
43856 [Test worker] INFO  allcom.tests.TestBase -- Start test: [validateSearchWithIncorrectData]
44060 [Test worker] INFO  allcom.tests.TestBase -- PASSED: [validateSearchWithIncorrectData], with Parameters: [varchar]
44060 [Test worker] INFO  allcom.tests.TestBase -- Start test: [validateSearchWithIncorrectData]
44262 [Test worker] INFO  allcom.tests.TestBase -- PASSED: [validateSearchWithIncorrectData], with Parameters: [nvarchar]
44263 [Test worker] INFO  allcom.tests.TestBase -- Start test: [validateSearchWithIncorrectData]
44465 [Test worker] INFO  allcom.tests.TestBase -- PASSED: [validateSearchWithIncorrectData], with Parameters: [alter]
44465 [Test worker] INFO  allcom.tests.TestBase -- Start test: [validateSearchWithIncorrectData]
44667 [Test worker] INFO  allcom.tests.TestBase -- PASSED: [validateSearchWithIncorrectData], with Parameters: [begin]
44667 [Test worker] INFO  allcom.tests.TestBase -- Start test: [validateSearchWithIncorrectData]
44867 [Test worker] INFO  allcom.tests.TestBase -- PASSED: [validateSearchWithIncorrectData], with Parameters: [cast]
44867 [Test worker] INFO  allcom.tests.TestBase -- Start test: [validateSearchWithIncorrectData]
45078 [Test worker] INFO  allcom.tests.TestBase -- PASSED: [validateSearchWithIncorrectData], with Parameters: [create]
45078 [Test worker] INFO  allcom.tests.TestBase -- Start test: [validateSearchWithIncorrectData]
45277 [Test worker] INFO  allcom.tests.TestBase -- PASSED: [validateSearchWithIncorrectData], with Parameters: [cursor]
45277 [Test worker] INFO  allcom.tests.TestBase -- Start test: [validateSearchWithIncorrectData]
45468 [Test worker] INFO  allcom.tests.TestBase -- PASSED: [validateSearchWithIncorrectData], with Parameters: [declare]
45468 [Test worker] INFO  allcom.tests.TestBase -- Start test: [validateSearchWithIncorrectData]
45651 [Test worker] INFO  allcom.tests.TestBase -- PASSED: [validateSearchWithIncorrectData], with Parameters: [delete]
45651 [Test worker] INFO  allcom.tests.TestBase -- Start test: [validateSearchWithIncorrectData]
45845 [Test worker] INFO  allcom.tests.TestBase -- PASSED: [validateSearchWithIncorrectData], with Parameters: [drop]
45845 [Test worker] INFO  allcom.tests.TestBase -- Start test: [validateSearchWithIncorrectData]
46025 [Test worker] INFO  allcom.tests.TestBase -- PASSED: [validateSearchWithIncorrectData], with Parameters: [exec]
46025 [Test worker] INFO  allcom.tests.TestBase -- Start test: [validateSearchWithIncorrectData]
46220 [Test worker] INFO  allcom.tests.TestBase -- PASSED: [validateSearchWithIncorrectData], with Parameters: [execute]
46220 [Test worker] INFO  allcom.tests.TestBase -- Start test: [validateSearchWithIncorrectData]
46418 [Test worker] INFO  allcom.tests.TestBase -- PASSED: [validateSearchWithIncorrectData], with Parameters: [fetch]
46418 [Test worker] INFO  allcom.tests.TestBase -- Start test: [validateSearchWithIncorrectData]
46630 [Test worker] INFO  allcom.tests.TestBase -- PASSED: [validateSearchWithIncorrectData], with Parameters: [insert]
46630 [Test worker] INFO  allcom.tests.TestBase -- Start test: [validateSearchWithIncorrectData]
46830 [Test worker] INFO  allcom.tests.TestBase -- PASSED: [validateSearchWithIncorrectData], with Parameters: [kill]
46830 [Test worker] INFO  allcom.tests.TestBase -- Start test: [validateSearchWithIncorrectData]
47169 [Test worker] INFO  allcom.tests.TestBase -- PASSED: [validateSearchWithIncorrectData], with Parameters: [select]
47169 [Test worker] INFO  allcom.tests.TestBase -- Start test: [validateSearchWithIncorrectData]
47366 [Test worker] INFO  allcom.tests.TestBase -- PASSED: [validateSearchWithIncorrectData], with Parameters: [sys]
47366 [Test worker] INFO  allcom.tests.TestBase -- Start test: [validateSearchWithIncorrectData]
47591 [Test worker] INFO  allcom.tests.TestBase -- PASSED: [validateSearchWithIncorrectData], with Parameters: [sysobjects]
47592 [Test worker] INFO  allcom.tests.TestBase -- Start test: [validateSearchWithIncorrectData]
47812 [Test worker] INFO  allcom.tests.TestBase -- PASSED: [validateSearchWithIncorrectData], with Parameters: [syscolumns]
47812 [Test worker] INFO  allcom.tests.TestBase -- Start test: [validateSearchWithIncorrectData]
48020 [Test worker] INFO  allcom.tests.TestBase -- PASSED: [validateSearchWithIncorrectData], with Parameters: [<script></script>]
48021 [Test worker] INFO  allcom.tests.TestBase -- Start test: [clickOnForgotYourPasswordLabel]
48197 [Test worker] INFO  allcom.tests.TestBase -- PASSED: [clickOnForgotYourPasswordLabel], with Parameters: []
48197 [Test worker] INFO  allcom.tests.TestBase -- Start test: [clickOnLoginButtonWOData]
48581 [Test worker] INFO  allcom.tests.TestBase -- PASSED: [clickOnLoginButtonWOData], with Parameters: []
48583 [Test worker] INFO  allcom.tests.TestBase -- Start test: [clickOnRegisterButtonWOData]
48746 [Test worker] INFO  allcom.tests.TestBase -- PASSED: [clickOnRegisterButtonWOData], with Parameters: []
48747 [Test worker] INFO  allcom.tests.TestBase -- Start test: [loginWithInvalidData]
49305 [Test worker] INFO  allcom.tests.TestBase -- PASSED: [loginWithInvalidData], with Parameters: [﻿email, password]
49305 [Test worker] INFO  allcom.tests.TestBase -- Start test: [loginWithInvalidData]
49822 [Test worker] INFO  allcom.tests.TestBase -- PASSED: [loginWithInvalidData], with Parameters: [test@gmail.com, ]
49823 [Test worker] INFO  allcom.tests.TestBase -- Start test: [loginWithInvalidData]
50348 [Test worker] INFO  allcom.tests.TestBase -- PASSED: [loginWithInvalidData], with Parameters: [test@gmail.com, ]
50349 [Test worker] INFO  allcom.tests.TestBase -- Start test: [loginWithInvalidData]
50885 [Test worker] INFO  allcom.tests.TestBase -- PASSED: [loginWithInvalidData], with Parameters: [test@gmail.com, Tes123]
50886 [Test worker] INFO  allcom.tests.TestBase -- Start test: [loginWithInvalidData]
51424 [Test worker] INFO  allcom.tests.TestBase -- PASSED: [loginWithInvalidData], with Parameters: [test@gmail.com, Tes1234]
51425 [Test worker] INFO  allcom.tests.TestBase -- Start test: [loginWithInvalidData]
52229 [Test worker] INFO  allcom.tests.TestBase -- PASSED: [loginWithInvalidData], with Parameters: [test@gmail.com, Test1234555555555555555555555555555555555555555555555555555555555555555555555555555555555555]
52230 [Test worker] INFO  allcom.tests.TestBase -- Start test: [loginWithInvalidData]
52838 [Test worker] INFO  allcom.tests.TestBase -- PASSED: [loginWithInvalidData], with Parameters: [test@gmail.com, 11111E+12]
52838 [Test worker] INFO  allcom.tests.TestBase -- Start test: [loginWithInvalidData]
53408 [Test worker] INFO  allcom.tests.TestBase -- PASSED: [loginWithInvalidData], with Parameters: [test@gmail.com, *&^(*&%$##@]
53409 [Test worker] INFO  allcom.tests.TestBase -- Start test: [loginWithInvalidData]
53975 [Test worker] INFO  allcom.tests.TestBase -- PASSED: [loginWithInvalidData], with Parameters: [test@gmail.com, Qwertyuiop@1ы]
53982 [Test worker] INFO  allcom.tests.TestBase -- Start test: [loginWithInvalidData]
54583 [Test worker] INFO  allcom.tests.TestBase -- PASSED: [loginWithInvalidData], with Parameters: [test@gmail.com, ФЫВААПкгущуцз]
54583 [Test worker] INFO  allcom.tests.TestBase -- Start test: [loginWithInvalidData]
55135 [Test worker] INFO  allcom.tests.TestBase -- PASSED: [loginWithInvalidData], with Parameters: [test@gmail.com, Test 12345!]
55136 [Test worker] INFO  allcom.tests.TestBase -- Start test: [loginWithInvalidData]
55710 [Test worker] INFO  allcom.tests.TestBase -- PASSED: [loginWithInvalidData], with Parameters: [test@gmail.com,  Test12345!]
55710 [Test worker] INFO  allcom.tests.TestBase -- Start test: [loginWithInvalidData]
56261 [Test worker] INFO  allcom.tests.TestBase -- PASSED: [loginWithInvalidData], with Parameters: [test@gmail.com, Test12345]
56261 [Test worker] INFO  allcom.tests.TestBase -- Start test: [loginWithInvalidData]
56832 [Test worker] INFO  allcom.tests.TestBase -- PASSED: [loginWithInvalidData], with Parameters: [test@gmail.com, SELECT* FROM]
56833 [Test worker] INFO  allcom.tests.TestBase -- Start test: [loginWithInvalidData]
57443 [Test worker] INFO  allcom.tests.TestBase -- PASSED: [loginWithInvalidData], with Parameters: [test@gmail.com, www.gmail.com]
57443 [Test worker] INFO  allcom.tests.TestBase -- Start test: [loginWithInvalidData]
57992 [Test worker] INFO  allcom.tests.TestBase -- PASSED: [loginWithInvalidData], with Parameters: [test@gmail.com, test@gmail.com]
57992 [Test worker] INFO  allcom.tests.TestBase -- Start test: [loginWithInvalidData]
58527 [Test worker] INFO  allcom.tests.TestBase -- PASSED: [loginWithInvalidData], with Parameters: [test@gmail.com, 0]
58528 [Test worker] INFO  allcom.tests.TestBase -- Start test: [loginWithInvalidData]
59089 [Test worker] INFO  allcom.tests.TestBase -- PASSED: [loginWithInvalidData], with Parameters: [test@gmail.com, <input>]
59090 [Test worker] INFO  allcom.tests.TestBase -- Start test: [loginWithInvalidData]
59684 [Test worker] INFO  allcom.tests.TestBase -- PASSED: [loginWithInvalidData], with Parameters: [test@gmail.com, <script></script>]
59684 [Test worker] INFO  allcom.tests.TestBase -- Start test: [loginWithInvalidData]
60198 [Test worker] INFO  allcom.tests.TestBase -- PASSED: [loginWithInvalidData], with Parameters: [, Qwertyuiop@1]
60198 [Test worker] INFO  allcom.tests.TestBase -- Start test: [loginWithInvalidData]
60743 [Test worker] INFO  allcom.tests.TestBase -- PASSED: [loginWithInvalidData], with Parameters: [ , Qwertyuiop@1]
60743 [Test worker] INFO  allcom.tests.TestBase -- Start test: [loginWithInvalidData]
61320 [Test worker] INFO  allcom.tests.TestBase -- PASSED: [loginWithInvalidData], with Parameters: [testgmail.com, Qwertyuiop@1]
61320 [Test worker] INFO  allcom.tests.TestBase -- Start test: [loginWithInvalidData]
61911 [Test worker] INFO  allcom.tests.TestBase -- PASSED: [loginWithInvalidData], with Parameters: [test@.com, Qwertyuiop@1]
61912 [Test worker] INFO  allcom.tests.TestBase -- Start test: [loginWithInvalidData]
62493 [Test worker] INFO  allcom.tests.TestBase -- PASSED: [loginWithInvalidData], with Parameters: [test@gmailcom, Qwertyuiop@1]
62493 [Test worker] INFO  allcom.tests.TestBase -- Start test: [loginWithInvalidData]
63189 [Test worker] INFO  allcom.tests.TestBase -- PASSED: [loginWithInvalidData], with Parameters: [test@gmail., Qwertyuiop@1]
63190 [Test worker] INFO  allcom.tests.TestBase -- Start test: [loginWithInvalidData]
63779 [Test worker] INFO  allcom.tests.TestBase -- PASSED: [loginWithInvalidData], with Parameters: [@gmail.com, Qwertyuiop@1]
63779 [Test worker] INFO  allcom.tests.TestBase -- Start test: [loginWithInvalidData]
64360 [Test worker] INFO  allcom.tests.TestBase -- PASSED: [loginWithInvalidData], with Parameters: [Fqpwiuery, Qwertyuiop@1]
64360 [Test worker] INFO  allcom.tests.TestBase -- Start test: [loginWithInvalidData]
65004 [Test worker] INFO  allcom.tests.TestBase -- PASSED: [loginWithInvalidData], with Parameters: [цукшгешгз, Qwertyuiop@1]
65004 [Test worker] INFO  allcom.tests.TestBase -- Start test: [loginWithInvalidData]
65572 [Test worker] INFO  allcom.tests.TestBase -- PASSED: [loginWithInvalidData], with Parameters: [%^&()), Qwertyuiop@1]
65573 [Test worker] INFO  allcom.tests.TestBase -- Start test: [loginWithInvalidData]
66166 [Test worker] INFO  allcom.tests.TestBase -- PASSED: [loginWithInvalidData], with Parameters: [23446E+11, Qwertyuiop@1]
66167 [Test worker] INFO  allcom.tests.TestBase -- Start test: [loginWithInvalidData]
66764 [Test worker] INFO  allcom.tests.TestBase -- PASSED: [loginWithInvalidData], with Parameters: [тест@gmail.com, Qwertyuiop@1]
66765 [Test worker] INFO  allcom.tests.TestBase -- Start test: [loginWithInvalidData]
67365 [Test worker] INFO  allcom.tests.TestBase -- PASSED: [loginWithInvalidData], with Parameters: [SELECT* FROM, Qwertyuiop@1]
67365 [Test worker] INFO  allcom.tests.TestBase -- Start test: [loginWithInvalidData]
67967 [Test worker] INFO  allcom.tests.TestBase -- PASSED: [loginWithInvalidData], with Parameters: [test@@gmail.com, Qwertyuiop@1]
67967 [Test worker] INFO  allcom.tests.TestBase -- Start test: [loginWithInvalidData]
68576 [Test worker] INFO  allcom.tests.TestBase -- PASSED: [loginWithInvalidData], with Parameters: [www.telran.com, Qwertyuiop@1]
68577 [Test worker] INFO  allcom.tests.TestBase -- Start test: [loginWithInvalidData]
69175 [Test worker] INFO  allcom.tests.TestBase -- PASSED: [loginWithInvalidData], with Parameters: [tes t@gmail.com, Qwertyuiop@1]
69175 [Test worker] INFO  allcom.tests.TestBase -- Start test: [loginWithInvalidData]
69776 [Test worker] INFO  allcom.tests.TestBase -- PASSED: [loginWithInvalidData], with Parameters: [test@ gmail.com, Qwertyuiop@1]
69776 [Test worker] INFO  allcom.tests.TestBase -- Start test: [loginWithInvalidData]
70497 [Test worker] INFO  allcom.tests.TestBase -- PASSED: [loginWithInvalidData], with Parameters: [test@gmail .com, Qwertyuiop@1]
70498 [Test worker] INFO  allcom.tests.TestBase -- Start test: [loginWithInvalidData]
71095 [Test worker] INFO  allcom.tests.TestBase -- PASSED: [loginWithInvalidData], with Parameters: [test@gmail. com, Qwertyuiop@1]
71096 [Test worker] INFO  allcom.tests.TestBase -- Start test: [loginWithInvalidData]
71714 [Test worker] INFO  allcom.tests.TestBase -- PASSED: [loginWithInvalidData], with Parameters: [<script></script>, Qwertyuiop@1]
71715 [Test worker] INFO  allcom.tests.TestBase -- Start test: [loginWithInvalidData]
72341 [Test worker] INFO  allcom.tests.TestBase -- PASSED: [loginWithInvalidData], with Parameters: [<input>, Qwertyuiop@1]
72341 [Test worker] INFO  allcom.tests.TestBase -- Start test: [loginWithInvalidData]
72939 [Test worker] INFO  allcom.tests.TestBase -- PASSED: [loginWithInvalidData], with Parameters: [0, Qwertyuiop@1]
72940 [Test worker] INFO  allcom.tests.TestBase -- Start test: [loginWithInvalidData]
73530 [Test worker] INFO  allcom.tests.TestBase -- PASSED: [loginWithInvalidData], with Parameters: [test@gmail.com,  ]
73531 [Test worker] INFO  allcom.tests.TestBase -- Start test: [loginWithInvalidEmail]
74188 [Test worker] INFO  allcom.tests.TestBase -- PASSED: [loginWithInvalidEmail], with Parameters: []
74188 [Test worker] INFO  allcom.tests.TestBase -- Start test: [loginWithInvalidPassword]
74943 [Test worker] INFO  allcom.tests.TestBase -- PASSED: [loginWithInvalidPassword], with Parameters: []
74943 [Test worker] INFO  allcom.tests.TestBase -- Start test: [loginUserWithValidRandomDataPositive]
75579 [Test worker] INFO  allcom.tests.TestBase -- PASSED: [loginUserWithValidRandomDataPositive], with Parameters: []
75579 [Test worker] INFO  allcom.tests.TestBase -- Start test: [loginUserWithValidRandomDataPositive]
76225 [Test worker] INFO  allcom.tests.TestBase -- PASSED: [loginUserWithValidRandomDataPositive], with Parameters: []
76225 [Test worker] INFO  allcom.tests.TestBase -- Start test: [loginUserWithValidRandomDataPositive]
76882 [Test worker] INFO  allcom.tests.TestBase -- PASSED: [loginUserWithValidRandomDataPositive], with Parameters: []
76882 [Test worker] INFO  allcom.tests.TestBase -- Start test: [loginUserWithValidRandomDataPositive]
77542 [Test worker] INFO  allcom.tests.TestBase -- PASSED: [loginUserWithValidRandomDataPositive], with Parameters: []
77546 [Test worker] INFO  allcom.tests.TestBase -- Start test: [loginUserWithValidRandomDataPositive]
78221 [Test worker] INFO  allcom.tests.TestBase -- PASSED: [loginUserWithValidRandomDataPositive], with Parameters: []
78222 [Test worker] INFO  allcom.tests.TestBase -- Start test: [loginUserWithValidRandomDataPositive]
78913 [Test worker] INFO  allcom.tests.TestBase -- PASSED: [loginUserWithValidRandomDataPositive], with Parameters: []
78913 [Test worker] INFO  allcom.tests.TestBase -- Start test: [loginUserWithValidRandomDataPositive]
79707 [Test worker] INFO  allcom.tests.TestBase -- PASSED: [loginUserWithValidRandomDataPositive], with Parameters: []
79707 [Test worker] INFO  allcom.tests.TestBase -- Start test: [loginUserWithValidRandomDataPositive]
80389 [Test worker] INFO  allcom.tests.TestBase -- PASSED: [loginUserWithValidRandomDataPositive], with Parameters: []
80389 [Test worker] INFO  allcom.tests.TestBase -- Start test: [loginUserWithValidRandomDataPositive]
81035 [Test worker] INFO  allcom.tests.TestBase -- PASSED: [loginUserWithValidRandomDataPositive], with Parameters: []
81035 [Test worker] INFO  allcom.tests.TestBase -- Start test: [loginUserWithValidRandomDataPositive]
81707 [Test worker] INFO  allcom.tests.TestBase -- PASSED: [loginUserWithValidRandomDataPositive], with Parameters: []
81707 [Test worker] INFO  allcom.tests.TestBase -- Start test: [loginUserWithValidRandomDataPositive]
82383 [Test worker] INFO  allcom.tests.TestBase -- PASSED: [loginUserWithValidRandomDataPositive], with Parameters: []
82383 [Test worker] INFO  allcom.tests.TestBase -- Start test: [loginUserWithValidRandomDataPositive]
83070 [Test worker] INFO  allcom.tests.TestBase -- PASSED: [loginUserWithValidRandomDataPositive], with Parameters: []
83071 [Test worker] INFO  allcom.tests.TestBase -- Start test: [loginUserWithValidRandomDataPositive]
83743 [Test worker] INFO  allcom.tests.TestBase -- PASSED: [loginUserWithValidRandomDataPositive], with Parameters: []
83744 [Test worker] INFO  allcom.tests.TestBase -- Start test: [loginUserWithValidRandomDataPositive]
84406 [Test worker] INFO  allcom.tests.TestBase -- PASSED: [loginUserWithValidRandomDataPositive], with Parameters: []
84406 [Test worker] INFO  allcom.tests.TestBase -- Start test: [loginUserWithValidRandomDataPositive]
85080 [Test worker] INFO  allcom.tests.TestBase -- PASSED: [loginUserWithValidRandomDataPositive], with Parameters: []
85080 [Test worker] INFO  allcom.tests.TestBase -- Start test: [loginUserWithValidRandomDataPositive]
85722 [Test worker] INFO  allcom.tests.TestBase -- PASSED: [loginUserWithValidRandomDataPositive], with Parameters: []
85723 [Test worker] INFO  allcom.tests.TestBase -- Start test: [loginUserWithValidRandomDataPositive]
86391 [Test worker] INFO  allcom.tests.TestBase -- PASSED: [loginUserWithValidRandomDataPositive], with Parameters: []
86392 [Test worker] INFO  allcom.tests.TestBase -- Start test: [loginUserWithValidRandomDataPositive]
87067 [Test worker] INFO  allcom.tests.TestBase -- PASSED: [loginUserWithValidRandomDataPositive], with Parameters: []
87067 [Test worker] INFO  allcom.tests.TestBase -- Start test: [loginUserWithValidRandomDataPositive]
87752 [Test worker] INFO  allcom.tests.TestBase -- PASSED: [loginUserWithValidRandomDataPositive], with Parameters: []
87753 [Test worker] INFO  allcom.tests.TestBase -- Start test: [loginUserWithValidRandomDataPositive]
88429 [Test worker] INFO  allcom.tests.TestBase -- PASSED: [loginUserWithValidRandomDataPositive], with Parameters: []
88430 [Test worker] INFO  allcom.tests.TestBase -- Start test: [loginUserWithValidRandomDataPositive]
89103 [Test worker] INFO  allcom.tests.TestBase -- PASSED: [loginUserWithValidRandomDataPositive], with Parameters: []
89104 [Test worker] INFO  allcom.tests.TestBase -- Start test: [loginUserWithValidRandomDataPositive]
89789 [Test worker] INFO  allcom.tests.TestBase -- PASSED: [loginUserWithValidRandomDataPositive], with Parameters: []
89790 [Test worker] INFO  allcom.tests.TestBase -- Start test: [loginUserWithValidRandomDataPositive]
90469 [Test worker] INFO  allcom.tests.TestBase -- PASSED: [loginUserWithValidRandomDataPositive], with Parameters: []
90470 [Test worker] INFO  allcom.tests.TestBase -- Start test: [loginUserWithValidRandomDataPositive]
91185 [Test worker] INFO  allcom.tests.TestBase -- PASSED: [loginUserWithValidRandomDataPositive], with Parameters: []
91185 [Test worker] INFO  allcom.tests.TestBase -- Start test: [loginUserWithValidRandomDataPositive]
91873 [Test worker] INFO  allcom.tests.TestBase -- PASSED: [loginUserWithValidRandomDataPositive], with Parameters: []
91875 [Test worker] INFO  allcom.tests.TestBase -- Start test: [loginUserWithValidRandomDataPositive]
92567 [Test worker] INFO  allcom.tests.TestBase -- PASSED: [loginUserWithValidRandomDataPositive], with Parameters: []
92567 [Test worker] INFO  allcom.tests.TestBase -- Start test: [loginUserWithValidRandomDataPositive]
93265 [Test worker] INFO  allcom.tests.TestBase -- PASSED: [loginUserWithValidRandomDataPositive], with Parameters: []
93265 [Test worker] INFO  allcom.tests.TestBase -- Start test: [loginUserWithValidRandomDataPositive]
93947 [Test worker] INFO  allcom.tests.TestBase -- PASSED: [loginUserWithValidRandomDataPositive], with Parameters: []
93948 [Test worker] INFO  allcom.tests.TestBase -- Start test: [loginUserWithValidRandomDataPositive]
94649 [Test worker] INFO  allcom.tests.TestBase -- PASSED: [loginUserWithValidRandomDataPositive], with Parameters: []
94649 [Test worker] INFO  allcom.tests.TestBase -- Start test: [loginUserWithValidRandomDataPositive]
95329 [Test worker] INFO  allcom.tests.TestBase -- PASSED: [loginUserWithValidRandomDataPositive], with Parameters: []
95329 [Test worker] INFO  allcom.tests.TestBase -- Start test: [loginWithValidDataPositive]
95978 [Test worker] INFO  allcom.tests.TestBase -- PASSED: [loginWithValidDataPositive], with Parameters: []
95979 [Test worker] INFO  allcom.tests.TestBase -- Start test: [loginWithValidDataProviderPositive]
96727 [Test worker] INFO  allcom.tests.TestBase -- PASSED: [loginWithValidDataProviderPositive], with Parameters: [testuser1@testuser.com, Test!123]
96728 [Test worker] INFO  allcom.tests.TestBase -- Start test: [loginWithValidDataProviderPositive]
97395 [Test worker] INFO  allcom.tests.TestBase -- PASSED: [loginWithValidDataProviderPositive], with Parameters: [demoaccount@demoaccoun.com, Demo@Pass2022]
97395 [Test worker] INFO  allcom.tests.TestBase -- Start test: [loginWithValidDataProviderPositive]
98078 [Test worker] INFO  allcom.tests.TestBase -- PASSED: [loginWithValidDataProviderPositive], with Parameters: [user1234@user1234.com, Secure@Pwd567]
98079 [Test worker] INFO  allcom.tests.TestBase -- Start test: [loginWithValidDataProviderPositive]
98765 [Test worker] INFO  allcom.tests.TestBase -- PASSED: [loginWithValidDataProviderPositive], with Parameters: [trialuser@trialuser.cdddom, Test@Pass789]
98766 [Test worker] INFO  allcom.tests.TestBase -- Start test: [loginWithValidDataProviderPositive]
99446 [Test worker] INFO  allcom.tests.TestBase -- PASSED: [loginWithValidDataProviderPositive], with Parameters: [awesome_tester@example.com, Awesome!12345]
99446 [Test worker] INFO  allcom.tests.TestBase -- Start test: [loginWithValidDataProviderPositive]
100071 [Test worker] INFO  allcom.tests.TestBase -- PASSED: [loginWithValidDataProviderPositive], with Parameters: [dummyuser@i.ua, Dummy@Pass456]
100071 [Test worker] INFO  allcom.tests.TestBase -- Start test: [loginWithValidDataProviderPositive]
100797 [Test worker] INFO  allcom.tests.TestBase -- PASSED: [loginWithValidDataProviderPositive], with Parameters: [explorertester@example.com, Explore@Test789]
100797 [Test worker] INFO  allcom.tests.TestBase -- Start test: [loginWithValidDataProviderPositive]
101458 [Test worker] INFO  allcom.tests.TestBase -- PASSED: [loginWithValidDataProviderPositive], with Parameters: [betauser123@example.com, Beta@UserPass!33]
101458 [Test worker] INFO  allcom.tests.TestBase -- Start test: [loginWithValidDataProviderPositive]
102140 [Test worker] INFO  allcom.tests.TestBase -- PASSED: [loginWithValidDataProviderPositive], with Parameters: [verify_test@example.com, Verify@Pass2022]
102140 [Test worker] INFO  allcom.tests.TestBase -- Start test: [loginWithValidDataProviderPositive]
102845 [Test worker] INFO  allcom.tests.TestBase -- PASSED: [loginWithValidDataProviderPositive], with Parameters: [happytester@happytester.com, Happy@Testing!333]
102845 [Test worker] INFO  allcom.tests.TestBase -- Start test: [loginWithValidDataProviderPositive]
103521 [Test worker] INFO  allcom.tests.TestBase -- PASSED: [loginWithValidDataProviderPositive], with Parameters: [techtester@techtester.com, Tech@Pass123]
103521 [Test worker] INFO  allcom.tests.TestBase -- Start test: [loginWithValidDataProviderPositive]
104187 [Test worker] INFO  allcom.tests.TestBase -- PASSED: [loginWithValidDataProviderPositive], with Parameters: [quality_test@example.com, Quality!123]
104187 [Test worker] INFO  allcom.tests.TestBase -- Start test: [loginWithValidDataProviderPositive]
104878 [Test worker] INFO  allcom.tests.TestBase -- PASSED: [loginWithValidDataProviderPositive], with Parameters: [trialaccount@trialaccount.com, Trial@Pass456]
104878 [Test worker] INFO  allcom.tests.TestBase -- Start test: [loginWithValidDataProviderPositive]
105537 [Test worker] INFO  allcom.tests.TestBase -- PASSED: [loginWithValidDataProviderPositive], with Parameters: [email@email.com, Email!Test789]
105537 [Test worker] INFO  allcom.tests.TestBase -- Start test: [loginWithValidDataProviderPositive]
106205 [Test worker] INFO  allcom.tests.TestBase -- PASSED: [loginWithValidDataProviderPositive], with Parameters: [secureuser@example.com, Secure@User2022]
106205 [Test worker] INFO  allcom.tests.TestBase -- Start test: [loginWithValidDataProviderPositive]
106894 [Test worker] INFO  allcom.tests.TestBase -- PASSED: [loginWithValidDataProviderPositive], with Parameters: [happytester2@example.com, Happy@Testing!33]
106894 [Test worker] INFO  allcom.tests.TestBase -- Start test: [loginWithValidDataProviderPositive]
107560 [Test worker] INFO  allcom.tests.TestBase -- PASSED: [loginWithValidDataProviderPositive], with Parameters: [user456@example.com, User@Pass123]
107560 [Test worker] INFO  allcom.tests.TestBase -- Start test: [loginWithValidDataProviderPositive]
108231 [Test worker] INFO  allcom.tests.TestBase -- PASSED: [loginWithValidDataProviderPositive], with Parameters: [testaccount@example.com, Test@12345]
108231 [Test worker] INFO  allcom.tests.TestBase -- Start test: [loginWithValidDataProviderPositive]
108930 [Test worker] INFO  allcom.tests.TestBase -- PASSED: [loginWithValidDataProviderPositive], with Parameters: [betauser456@betauser456.com, Beta@UserPass!333]
108930 [Test worker] INFO  allcom.tests.TestBase -- Start test: [loginWithValidDataProviderPositive]
109663 [Test worker] INFO  allcom.tests.TestBase -- PASSED: [loginWithValidDataProviderPositive], with Parameters: [securetester@example.com, Secure@Test2022]
109663 [Test worker] INFO  allcom.tests.TestBase -- Start test: [loginWithValidDataProviderPositive]
110358 [Test worker] INFO  allcom.tests.TestBase -- PASSED: [loginWithValidDataProviderPositive], with Parameters: [qualityuser@example.com, Quality!Test123]
110358 [Test worker] INFO  allcom.tests.TestBase -- Start test: [loginWithValidDataProviderPositive]
111075 [Test worker] INFO  allcom.tests.TestBase -- PASSED: [loginWithValidDataProviderPositive], with Parameters: [explorertester2@example.com, Explore@Test789]
111076 [Test worker] INFO  allcom.tests.TestBase -- Start test: [loginWithValidDataProviderPositive]
111811 [Test worker] INFO  allcom.tests.TestBase -- PASSED: [loginWithValidDataProviderPositive], with Parameters: [dummyuser2@dummyuser2.com, Dummy@Pass456]
111811 [Test worker] INFO  allcom.tests.TestBase -- Start test: [loginWithValidDataProviderPositive]
112507 [Test worker] INFO  allcom.tests.TestBase -- PASSED: [loginWithValidDataProviderPositive], with Parameters: [prodtester2@example.com, Prod@Test2023]
112507 [Test worker] INFO  allcom.tests.TestBase -- Start test: [loginWithValidDataProviderPositive]
113201 [Test worker] INFO  allcom.tests.TestBase -- PASSED: [loginWithValidDataProviderPositive], with Parameters: [verifyuser@example.com, Verify@Test2022]
113201 [Test worker] INFO  allcom.tests.TestBase -- Start test: [loginWithValidDataProviderPositive]
113891 [Test worker] INFO  allcom.tests.TestBase -- PASSED: [loginWithValidDataProviderPositive], with Parameters: [techengineer@example.com, Tech@Engineer123]
113891 [Test worker] INFO  allcom.tests.TestBase -- Start test: [loginWithValidDataProviderPositive]
114562 [Test worker] INFO  allcom.tests.TestBase -- PASSED: [loginWithValidDataProviderPositive], with Parameters: [qauser@example.com, QA@Tester2022]
114562 [Test worker] INFO  allcom.tests.TestBase -- Start test: [loginWithValidDataProviderPositive]
115284 [Test worker] INFO  allcom.tests.TestBase -- PASSED: [loginWithValidDataProviderPositive], with Parameters: [happytestuser@example.com, Happy@TestUser123]
115284 [Test worker] INFO  allcom.tests.TestBase -- Start test: [loginWithValidDataProviderPositive]
116135 [Test worker] INFO  allcom.tests.TestBase -- PASSED: [loginWithValidDataProviderPositive], with Parameters: [nikolenkotenikolenkotenikolenkotenikolenkotenikolenkotenikolenk@gmail.com, secureusersecureuserD@User202]
116136 [Test worker] INFO  allcom.tests.TestBase -- Start test: [loginWithValidDataProviderPositive]
117560 [Test worker] INFO  allcom.tests.TestBase -- PASSED: [loginWithValidDataProviderPositive], with Parameters: [nikolenkotenikolenkotenikolenkotenikolenkotenikolenkotenikolenk@gmailgmailgmailgmailgmailgmailgmailgmailgmailgmailgmailgmailgma.com, ecureusersecureuserecureusersecureuserecureusersecureuserecureusersecureuserecureusersecureuserecureusersecureuserecureusersecureuserecureusersecureuserecureusersecureuserecureusersecureuserecureusersecureuserecureusersecureuserecureusersecureusaD@User2022]
117560 [Test worker] INFO  allcom.tests.TestBase -- Start test: [clickOnBackToHomeButton]
118000 [Test worker] INFO  allcom.tests.TestBase -- PASSED: [clickOnBackToHomeButton], with Parameters: []
118000 [Test worker] INFO  allcom.tests.TestBase -- Start test: [findContentTitleElement]
118112 [Test worker] INFO  allcom.tests.TestBase -- PASSED: [findContentTitleElement], with Parameters: []
118113 [Test worker] INFO  allcom.tests.TestBase -- Start test: [isCreateNewPasswordButtonPresent]
118348 [Test worker] INFO  allcom.tests.TestBase -- PASSED: [isCreateNewPasswordButtonPresent], with Parameters: []
118348 [Test worker] INFO  allcom.tests.TestBase -- Start test: [isPasswordResetNotSuccessInvalidDataWithValidationCheck]
118981 [Test worker] INFO  allcom.tests.TestBase -- PASSED: [isPasswordResetNotSuccessInvalidDataWithValidationCheck], with Parameters: []
118981 [Test worker] INFO  allcom.tests.TestBase -- Start test: [isPasswordResetNotSuccessInvalidDataWoValidationCheck]
119611 [Test worker] INFO  allcom.tests.TestBase -- PASSED: [isPasswordResetNotSuccessInvalidDataWoValidationCheck], with Parameters: []
119612 [Test worker] INFO  allcom.tests.TestBase -- Start test: [isPasswordResetNotSuccessInvalidDataWoValidationCheckWoTimer]
120239 [Test worker] INFO  allcom.tests.TestBase -- PASSED: [isPasswordResetNotSuccessInvalidDataWoValidationCheckWoTimer], with Parameters: []
120239 [Test worker] INFO  allcom.tests.TestBase -- Start test: [isPasswordResetSuccessValidDataWithValidationCheck]
120863 [Test worker] INFO  allcom.tests.TestBase -- PASSED: [isPasswordResetSuccessValidDataWithValidationCheck], with Parameters: []
120864 [Test worker] INFO  allcom.tests.TestBase -- Start test: [isPasswordResetSuccessValidDataWoValidationCheck]
121497 [Test worker] INFO  allcom.tests.TestBase -- PASSED: [isPasswordResetSuccessValidDataWoValidationCheck], with Parameters: []
121498 [Test worker] INFO  allcom.tests.TestBase -- Start test: [validateComparePasswordsEqualityNegative]
121661 [Test worker] INFO  allcom.tests.TestBase -- PASSED: [validateComparePasswordsEqualityNegative], with Parameters: []
121662 [Test worker] INFO  allcom.tests.TestBase -- Start test: [validateComparePasswordsEqualityPositive]
122334 [Test worker] INFO  allcom.tests.TestBase -- PASSED: [validateComparePasswordsEqualityPositive], with Parameters: []
122334 [Test worker] INFO  allcom.tests.TestBase -- Start test: [validatePasswordConfirmWithIncorrectData]
122827 [Test worker] INFO  allcom.tests.TestBase -- PASSED: [validatePasswordConfirmWithIncorrectData], with Parameters: [﻿Tes123]
122828 [Test worker] INFO  allcom.tests.TestBase -- Start test: [validatePasswordConfirmWithIncorrectData]
123230 [Test worker] INFO  allcom.tests.TestBase -- PASSED: [validatePasswordConfirmWithIncorrectData], with Parameters: [Tes1234]
123231 [Test worker] INFO  allcom.tests.TestBase -- Start test: [validatePasswordConfirmWithIncorrectData]
123789 [Test worker] INFO  allcom.tests.TestBase -- PASSED: [validatePasswordConfirmWithIncorrectData], with Parameters: [Test1234555555555555555555555555555555555555555555555555555555555555555555555555555555555555]
123789 [Test worker] INFO  allcom.tests.TestBase -- Start test: [validatePasswordConfirmWithIncorrectData]
124071 [Test worker] INFO  allcom.tests.TestBase -- PASSED: [validatePasswordConfirmWithIncorrectData], with Parameters: [1]
124072 [Test worker] INFO  allcom.tests.TestBase -- Start test: [validatePasswordConfirmWithIncorrectData]
124573 [Test worker] INFO  allcom.tests.TestBase -- PASSED: [validatePasswordConfirmWithIncorrectData], with Parameters: [*&^(*&%$##@]
124573 [Test worker] INFO  allcom.tests.TestBase -- Start test: [validatePasswordConfirmWithIncorrectData]
125124 [Test worker] INFO  allcom.tests.TestBase -- PASSED: [validatePasswordConfirmWithIncorrectData], with Parameters: [Qwertyuiop@1ы]
125124 [Test worker] INFO  allcom.tests.TestBase -- Start test: [validatePasswordConfirmWithIncorrectData]
125630 [Test worker] INFO  allcom.tests.TestBase -- PASSED: [validatePasswordConfirmWithIncorrectData], with Parameters: [ФЫВААПкгущуцз]
125630 [Test worker] INFO  allcom.tests.TestBase -- Start test: [validatePasswordConfirmWithIncorrectData]
125923 [Test worker] INFO  allcom.tests.TestBase -- PASSED: [validatePasswordConfirmWithIncorrectData], with Parameters: [Test 12345!]
125923 [Test worker] INFO  allcom.tests.TestBase -- Start test: [validatePasswordConfirmWithIncorrectData]
126472 [Test worker] INFO  allcom.tests.TestBase -- PASSED: [validatePasswordConfirmWithIncorrectData], with Parameters: [SELECT* FROM]
126473 [Test worker] INFO  allcom.tests.TestBase -- Start test: [validatePasswordConfirmWithIncorrectData]
126975 [Test worker] INFO  allcom.tests.TestBase -- PASSED: [validatePasswordConfirmWithIncorrectData], with Parameters: [www.gmail.com]
126975 [Test worker] INFO  allcom.tests.TestBase -- Start test: [validatePasswordConfirmWithIncorrectData]
127206 [Test worker] INFO  allcom.tests.TestBase -- PASSED: [validatePasswordConfirmWithIncorrectData], with Parameters: []
127206 [Test worker] INFO  allcom.tests.TestBase -- Start test: [validatePasswordConfirmWithIncorrectData]
127686 [Test worker] INFO  allcom.tests.TestBase -- PASSED: [validatePasswordConfirmWithIncorrectData], with Parameters: [ ]
127686 [Test worker] INFO  allcom.tests.TestBase -- Start test: [validatePasswordConfirmWithIncorrectData]
127914 [Test worker] INFO  allcom.tests.TestBase -- PASSED: [validatePasswordConfirmWithIncorrectData], with Parameters: []
127915 [Test worker] INFO  allcom.tests.TestBase -- Start test: [validatePasswordConfirmWithIncorrectData]
128429 [Test worker] INFO  allcom.tests.TestBase -- PASSED: [validatePasswordConfirmWithIncorrectData], with Parameters: [0]
128429 [Test worker] INFO  allcom.tests.TestBase -- Start test: [validatePasswordConfirmWithIncorrectData]
128715 [Test worker] INFO  allcom.tests.TestBase -- PASSED: [validatePasswordConfirmWithIncorrectData], with Parameters: [<input>]
128715 [Test worker] INFO  allcom.tests.TestBase -- Start test: [validatePasswordConfirmWithIncorrectData]
129212 [Test worker] INFO  allcom.tests.TestBase -- PASSED: [validatePasswordConfirmWithIncorrectData], with Parameters: [<script></script>]
129212 [Test worker] INFO  allcom.tests.TestBase -- Start test: [validatePasswordConfirmWithIncorrectData]
129709 [Test worker] INFO  allcom.tests.TestBase -- PASSED: [validatePasswordConfirmWithIncorrectData], with Parameters: [11111E+12]
129710 [Test worker] INFO  allcom.tests.TestBase -- Start test: [validatePasswordWithIncorrectData]
130003 [Test worker] INFO  allcom.tests.TestBase -- PASSED: [validatePasswordWithIncorrectData], with Parameters: [﻿Tes123]
130003 [Test worker] INFO  allcom.tests.TestBase -- Start test: [validatePasswordWithIncorrectData]
130372 [Test worker] INFO  allcom.tests.TestBase -- PASSED: [validatePasswordWithIncorrectData], with Parameters: [Tes1234]
130372 [Test worker] INFO  allcom.tests.TestBase -- Start test: [validatePasswordWithIncorrectData]
130796 [Test worker] INFO  allcom.tests.TestBase -- PASSED: [validatePasswordWithIncorrectData], with Parameters: [Test1234555555555555555555555555555555555555555555555555555555555555555555555555555555555555]
130797 [Test worker] INFO  allcom.tests.TestBase -- Start test: [validatePasswordWithIncorrectData]
131143 [Test worker] INFO  allcom.tests.TestBase -- PASSED: [validatePasswordWithIncorrectData], with Parameters: [1]
131143 [Test worker] INFO  allcom.tests.TestBase -- Start test: [validatePasswordWithIncorrectData]
131439 [Test worker] INFO  allcom.tests.TestBase -- PASSED: [validatePasswordWithIncorrectData], with Parameters: [*&^(*&%$##@]
131440 [Test worker] INFO  allcom.tests.TestBase -- Start test: [validatePasswordWithIncorrectData]
131808 [Test worker] INFO  allcom.tests.TestBase -- PASSED: [validatePasswordWithIncorrectData], with Parameters: [Qwertyuiop@1ы]
131808 [Test worker] INFO  allcom.tests.TestBase -- Start test: [validatePasswordWithIncorrectData]
132376 [Test worker] INFO  allcom.tests.TestBase -- PASSED: [validatePasswordWithIncorrectData], with Parameters: [ФЫВААПкгущуцз]
132376 [Test worker] INFO  allcom.tests.TestBase -- Start test: [validatePasswordWithIncorrectData]
132881 [Test worker] INFO  allcom.tests.TestBase -- PASSED: [validatePasswordWithIncorrectData], with Parameters: [Test 12345!]
132881 [Test worker] INFO  allcom.tests.TestBase -- Start test: [validatePasswordWithIncorrectData]
133298 [Test worker] INFO  allcom.tests.TestBase -- PASSED: [validatePasswordWithIncorrectData], with Parameters: [SELECT* FROM]
133299 [Test worker] INFO  allcom.tests.TestBase -- Start test: [validatePasswordWithIncorrectData]
133613 [Test worker] INFO  allcom.tests.TestBase -- PASSED: [validatePasswordWithIncorrectData], with Parameters: [www.gmail.com]
133614 [Test worker] INFO  allcom.tests.TestBase -- Start test: [validatePasswordWithIncorrectData]
134088 [Test worker] INFO  allcom.tests.TestBase -- PASSED: [validatePasswordWithIncorrectData], with Parameters: []
134089 [Test worker] INFO  allcom.tests.TestBase -- Start test: [validatePasswordWithIncorrectData]
134384 [Test worker] INFO  allcom.tests.TestBase -- PASSED: [validatePasswordWithIncorrectData], with Parameters: [ ]
134385 [Test worker] INFO  allcom.tests.TestBase -- Start test: [validatePasswordWithIncorrectData]
134977 [Test worker] INFO  allcom.tests.TestBase -- PASSED: [validatePasswordWithIncorrectData], with Parameters: []
134977 [Test worker] INFO  allcom.tests.TestBase -- Start test: [validatePasswordWithIncorrectData]
135223 [Test worker] INFO  allcom.tests.TestBase -- PASSED: [validatePasswordWithIncorrectData], with Parameters: [0]
135224 [Test worker] INFO  allcom.tests.TestBase -- Start test: [validatePasswordWithIncorrectData]
135750 [Test worker] INFO  allcom.tests.TestBase -- PASSED: [validatePasswordWithIncorrectData], with Parameters: [<input>]
135751 [Test worker] INFO  allcom.tests.TestBase -- Start test: [validatePasswordWithIncorrectData]
136106 [Test worker] INFO  allcom.tests.TestBase -- PASSED: [validatePasswordWithIncorrectData], with Parameters: [<script></script>]
136106 [Test worker] INFO  allcom.tests.TestBase -- Start test: [validatePasswordWithIncorrectData]
136467 [Test worker] INFO  allcom.tests.TestBase -- PASSED: [validatePasswordWithIncorrectData], with Parameters: [11111E+12]
136467 [Test worker] INFO  allcom.tests.TestBase -- Start test: [restoreWithInvalidEmail]
137124 [Test worker] INFO  allcom.tests.TestBase -- PASSED: [restoreWithInvalidEmail], with Parameters: [﻿]
137124 [Test worker] INFO  allcom.tests.TestBase -- Start test: [restoreWithInvalidEmail]
137487 [Test worker] INFO  allcom.tests.TestBase -- PASSED: [restoreWithInvalidEmail], with Parameters: []
137487 [Test worker] INFO  allcom.tests.TestBase -- Start test: [restoreWithInvalidEmail]
137911 [Test worker] INFO  allcom.tests.TestBase -- PASSED: [restoreWithInvalidEmail], with Parameters: [testgmail.com]
137912 [Test worker] INFO  allcom.tests.TestBase -- Start test: [restoreWithInvalidEmail]
138498 [Test worker] INFO  allcom.tests.TestBase -- PASSED: [restoreWithInvalidEmail], with Parameters: [test@.com]
138499 [Test worker] INFO  allcom.tests.TestBase -- Start test: [restoreWithInvalidEmail]
139100 [Test worker] INFO  allcom.tests.TestBase -- PASSED: [restoreWithInvalidEmail], with Parameters: [test@gmailcom]
139100 [Test worker] INFO  allcom.tests.TestBase -- Start test: [restoreWithInvalidEmail]
139419 [Test worker] INFO  allcom.tests.TestBase -- PASSED: [restoreWithInvalidEmail], with Parameters: [test@gmail.]
139419 [Test worker] INFO  allcom.tests.TestBase -- Start test: [restoreWithInvalidEmail]
139997 [Test worker] INFO  allcom.tests.TestBase -- PASSED: [restoreWithInvalidEmail], with Parameters: [@gmail.com]
139998 [Test worker] INFO  allcom.tests.TestBase -- Start test: [restoreWithInvalidEmail]
140629 [Test worker] INFO  allcom.tests.TestBase -- PASSED: [restoreWithInvalidEmail], with Parameters: [Fqpwiuery]
140629 [Test worker] INFO  allcom.tests.TestBase -- Start test: [restoreWithInvalidEmail]
141211 [Test worker] INFO  allcom.tests.TestBase -- PASSED: [restoreWithInvalidEmail], with Parameters: [цукшгешгз]
141211 [Test worker] INFO  allcom.tests.TestBase -- Start test: [restoreWithInvalidEmail]
141785 [Test worker] INFO  allcom.tests.TestBase -- PASSED: [restoreWithInvalidEmail], with Parameters: ["%^&()):"]
141785 [Test worker] INFO  allcom.tests.TestBase -- Start test: [restoreWithInvalidEmail]
142291 [Test worker] INFO  allcom.tests.TestBase -- PASSED: [restoreWithInvalidEmail], with Parameters: [1]
142291 [Test worker] INFO  allcom.tests.TestBase -- Start test: [restoreWithInvalidEmail]
142709 [Test worker] INFO  allcom.tests.TestBase -- PASSED: [restoreWithInvalidEmail], with Parameters: [тест@gmail.com]
142709 [Test worker] INFO  allcom.tests.TestBase -- Start test: [restoreWithInvalidEmail]
143181 [Test worker] INFO  allcom.tests.TestBase -- PASSED: [restoreWithInvalidEmail], with Parameters: [SELECT* FROM]
143181 [Test worker] INFO  allcom.tests.TestBase -- Start test: [restoreWithInvalidEmail]
143742 [Test worker] INFO  allcom.tests.TestBase -- PASSED: [restoreWithInvalidEmail], with Parameters: [test@@gmail.com]
143742 [Test worker] INFO  allcom.tests.TestBase -- Start test: [restoreWithInvalidEmail]
144331 [Test worker] INFO  allcom.tests.TestBase -- PASSED: [restoreWithInvalidEmail], with Parameters: [www.telran.com]
144332 [Test worker] INFO  allcom.tests.TestBase -- Start test: [restoreWithInvalidEmail]
144924 [Test worker] INFO  allcom.tests.TestBase -- PASSED: [restoreWithInvalidEmail], with Parameters: [tes t@gmail.com]
144924 [Test worker] INFO  allcom.tests.TestBase -- Start test: [restoreWithInvalidEmail]
145504 [Test worker] INFO  allcom.tests.TestBase -- PASSED: [restoreWithInvalidEmail], with Parameters: [test@ gmail.com]
145505 [Test worker] INFO  allcom.tests.TestBase -- Start test: [restoreWithInvalidEmail]
146081 [Test worker] INFO  allcom.tests.TestBase -- PASSED: [restoreWithInvalidEmail], with Parameters: [test@gmail .com]
146081 [Test worker] INFO  allcom.tests.TestBase -- Start test: [restoreWithInvalidEmail]
146689 [Test worker] INFO  allcom.tests.TestBase -- PASSED: [restoreWithInvalidEmail], with Parameters: [test@gmail. com]
146689 [Test worker] INFO  allcom.tests.TestBase -- Start test: [restoreWithInvalidEmail]
147309 [Test worker] INFO  allcom.tests.TestBase -- PASSED: [restoreWithInvalidEmail], with Parameters: [<script></script>]
147310 [Test worker] INFO  allcom.tests.TestBase -- Start test: [restoreWithInvalidEmail]
147901 [Test worker] INFO  allcom.tests.TestBase -- PASSED: [restoreWithInvalidEmail], with Parameters: [<input>]
147901 [Test worker] INFO  allcom.tests.TestBase -- Start test: [restoreWithInvalidEmail]
148475 [Test worker] INFO  allcom.tests.TestBase -- PASSED: [restoreWithInvalidEmail], with Parameters: [0]
148476 [Test worker] INFO  allcom.tests.TestBase -- Start test: [restoreWithValidEmail]
149228 [Test worker] INFO  allcom.tests.TestBase -- PASSED: [restoreWithValidEmail], with Parameters: []
149229 [Test worker] INFO  allcom.tests.TestBase -- Start test: [isLoginButtonPresent]
149540 [Test worker] INFO  allcom.tests.TestBase -- PASSED: [isLoginButtonPresent], with Parameters: []
149541 [Test worker] INFO  allcom.tests.TestBase -- Start test: [validateCityWithIncorrectData]
150142 [Test worker] INFO  allcom.tests.TestBase -- PASSED: [validateCityWithIncorrectData], with Parameters: []
150142 [Test worker] INFO  allcom.tests.TestBase -- Start test: [validateCityWithIncorrectData]
150579 [Test worker] INFO  allcom.tests.TestBase -- PASSED: [validateCityWithIncorrectData], with Parameters: [ ]
150579 [Test worker] INFO  allcom.tests.TestBase -- Start test: [validateCityWithIncorrectData]
150960 [Test worker] INFO  allcom.tests.TestBase -- PASSED: [validateCityWithIncorrectData], with Parameters: []
150960 [Test worker] INFO  allcom.tests.TestBase -- Start test: [validateCityWithIncorrectData]
151542 [Test worker] INFO  allcom.tests.TestBase -- PASSED: [validateCityWithIncorrectData], with Parameters: [1]
151542 [Test worker] INFO  allcom.tests.TestBase -- Start test: [validateCityWithIncorrectData]
152160 [Test worker] INFO  allcom.tests.TestBase -- PASSED: [validateCityWithIncorrectData], with Parameters: [s]
152160 [Test worker] INFO  allcom.tests.TestBase -- Start test: [validateCityWithIncorrectData]
152746 [Test worker] INFO  allcom.tests.TestBase -- PASSED: [validateCityWithIncorrectData], with Parameters: [S]
152746 [Test worker] INFO  allcom.tests.TestBase -- Start test: [validateCityWithIncorrectData]
153075 [Test worker] INFO  allcom.tests.TestBase -- PASSED: [validateCityWithIncorrectData], with Parameters: [ы]
153075 [Test worker] INFO  allcom.tests.TestBase -- Start test: [validateCityWithIncorrectData]
153686 [Test worker] INFO  allcom.tests.TestBase -- PASSED: [validateCityWithIncorrectData], with Parameters: [Sы]
153686 [Test worker] INFO  allcom.tests.TestBase -- Start test: [validateCityWithIncorrectData]
154299 [Test worker] INFO  allcom.tests.TestBase -- PASSED: [validateCityWithIncorrectData], with Parameters: [S1]
154299 [Test worker] INFO  allcom.tests.TestBase -- Start test: [validateCityWithIncorrectData]
154904 [Test worker] INFO  allcom.tests.TestBase -- PASSED: [validateCityWithIncorrectData], with Parameters: [!]
154905 [Test worker] INFO  allcom.tests.TestBase -- Start test: [validateCityWithIncorrectData]
155504 [Test worker] INFO  allcom.tests.TestBase -- PASSED: [validateCityWithIncorrectData], with Parameters: [@]
155505 [Test worker] INFO  allcom.tests.TestBase -- Start test: [validateCityWithIncorrectData]
155890 [Test worker] INFO  allcom.tests.TestBase -- PASSED: [validateCityWithIncorrectData], with Parameters: [#]
155890 [Test worker] INFO  allcom.tests.TestBase -- Start test: [validateCityWithIncorrectData]
156352 [Test worker] INFO  allcom.tests.TestBase -- PASSED: [validateCityWithIncorrectData], with Parameters: [Ass$]
156352 [Test worker] INFO  allcom.tests.TestBase -- Start test: [validateCityWithIncorrectData]
156969 [Test worker] INFO  allcom.tests.TestBase -- PASSED: [validateCityWithIncorrectData], with Parameters: [ss%]
156969 [Test worker] INFO  allcom.tests.TestBase -- Start test: [validateCityWithIncorrectData]
157591 [Test worker] INFO  allcom.tests.TestBase -- PASSED: [validateCityWithIncorrectData], with Parameters: [(]
157591 [Test worker] INFO  allcom.tests.TestBase -- Start test: [validateCityWithIncorrectData]
158262 [Test worker] INFO  allcom.tests.TestBase -- PASSED: [validateCityWithIncorrectData], with Parameters: [<script></script>]
158263 [Test worker] INFO  allcom.tests.TestBase -- Start test: [validateCityWithIncorrectData]
158954 [Test worker] INFO  allcom.tests.TestBase -- PASSED: [validateCityWithIncorrectData], with Parameters: [<input>]
158954 [Test worker] INFO  allcom.tests.TestBase -- Start test: [validateCityWithIncorrectData]
159318 [Test worker] INFO  allcom.tests.TestBase -- PASSED: [validateCityWithIncorrectData], with Parameters: [0]
159319 [Test worker] INFO  allcom.tests.TestBase -- Start test: [validateCompanyNameWithIncorrectData]
159934 [Test worker] INFO  allcom.tests.TestBase -- PASSED: [validateCompanyNameWithIncorrectData], with Parameters: []
159935 [Test worker] INFO  allcom.tests.TestBase -- Start test: [validateCompanyNameWithIncorrectData]
160373 [Test worker] INFO  allcom.tests.TestBase -- PASSED: [validateCompanyNameWithIncorrectData], with Parameters: [ ]
160374 [Test worker] INFO  allcom.tests.TestBase -- Start test: [validateCompanyNameWithIncorrectData]
160762 [Test worker] INFO  allcom.tests.TestBase -- PASSED: [validateCompanyNameWithIncorrectData], with Parameters: []
160763 [Test worker] INFO  allcom.tests.TestBase -- Start test: [validateCompanyNameWithIncorrectData]
161371 [Test worker] INFO  allcom.tests.TestBase -- PASSED: [validateCompanyNameWithIncorrectData], with Parameters: [1]
161371 [Test worker] INFO  allcom.tests.TestBase -- Start test: [validateCompanyNameWithIncorrectData]
162001 [Test worker] INFO  allcom.tests.TestBase -- PASSED: [validateCompanyNameWithIncorrectData], with Parameters: [s]
162001 [Test worker] INFO  allcom.tests.TestBase -- Start test: [validateCompanyNameWithIncorrectData]
162431 [Test worker] INFO  allcom.tests.TestBase -- PASSED: [validateCompanyNameWithIncorrectData], with Parameters: [S]
162432 [Test worker] INFO  allcom.tests.TestBase -- Start test: [validateCompanyNameWithIncorrectData]
162893 [Test worker] INFO  allcom.tests.TestBase -- PASSED: [validateCompanyNameWithIncorrectData], with Parameters: [ы]
162893 [Test worker] INFO  allcom.tests.TestBase -- Start test: [validateCompanyNameWithIncorrectData]
163500 [Test worker] INFO  allcom.tests.TestBase -- PASSED: [validateCompanyNameWithIncorrectData], with Parameters: [Sы]
163500 [Test worker] INFO  allcom.tests.TestBase -- Start test: [validateCompanyNameWithIncorrectData]
164124 [Test worker] INFO  allcom.tests.TestBase -- PASSED: [validateCompanyNameWithIncorrectData], with Parameters: [!]
164124 [Test worker] INFO  allcom.tests.TestBase -- Start test: [validateCompanyNameWithIncorrectData]
164725 [Test worker] INFO  allcom.tests.TestBase -- PASSED: [validateCompanyNameWithIncorrectData], with Parameters: [@]
164727 [Test worker] INFO  allcom.tests.TestBase -- Start test: [validateCompanyNameWithIncorrectData]
165042 [Test worker] INFO  allcom.tests.TestBase -- PASSED: [validateCompanyNameWithIncorrectData], with Parameters: [#]
165042 [Test worker] INFO  allcom.tests.TestBase -- Start test: [validateCompanyNameWithIncorrectData]
165674 [Test worker] INFO  allcom.tests.TestBase -- PASSED: [validateCompanyNameWithIncorrectData], with Parameters: [(]
165674 [Test worker] INFO  allcom.tests.TestBase -- Start test: [validateCompanyNameWithIncorrectData]
166359 [Test worker] INFO  allcom.tests.TestBase -- PASSED: [validateCompanyNameWithIncorrectData], with Parameters: [<script></script>]
166360 [Test worker] INFO  allcom.tests.TestBase -- Start test: [validateCompanyNameWithIncorrectData]
166759 [Test worker] INFO  allcom.tests.TestBase -- PASSED: [validateCompanyNameWithIncorrectData], with Parameters: [<input>]
166759 [Test worker] INFO  allcom.tests.TestBase -- Start test: [validateCompanyNameWithIncorrectData]
167217 [Test worker] INFO  allcom.tests.TestBase -- PASSED: [validateCompanyNameWithIncorrectData], with Parameters: [0]
167218 [Test worker] INFO  allcom.tests.TestBase -- Start test: [validateCompanyPositionWithIncorrectData]
167837 [Test worker] INFO  allcom.tests.TestBase -- PASSED: [validateCompanyPositionWithIncorrectData], with Parameters: []
167837 [Test worker] INFO  allcom.tests.TestBase -- Start test: [validateCompanyPositionWithIncorrectData]
168469 [Test worker] INFO  allcom.tests.TestBase -- PASSED: [validateCompanyPositionWithIncorrectData], with Parameters: [ ]
168469 [Test worker] INFO  allcom.tests.TestBase -- Start test: [validateCompanyPositionWithIncorrectData]
168873 [Test worker] INFO  allcom.tests.TestBase -- PASSED: [validateCompanyPositionWithIncorrectData], with Parameters: []
168873 [Test worker] INFO  allcom.tests.TestBase -- Start test: [validateCompanyPositionWithIncorrectData]
169452 [Test worker] INFO  allcom.tests.TestBase -- PASSED: [validateCompanyPositionWithIncorrectData], with Parameters: [1]
169453 [Test worker] INFO  allcom.tests.TestBase -- Start test: [validateCompanyPositionWithIncorrectData]
170076 [Test worker] INFO  allcom.tests.TestBase -- PASSED: [validateCompanyPositionWithIncorrectData], with Parameters: [s]
170076 [Test worker] INFO  allcom.tests.TestBase -- Start test: [validateCompanyPositionWithIncorrectData]
170706 [Test worker] INFO  allcom.tests.TestBase -- PASSED: [validateCompanyPositionWithIncorrectData], with Parameters: [S]
170707 [Test worker] INFO  allcom.tests.TestBase -- Start test: [validateCompanyPositionWithIncorrectData]
171359 [Test worker] INFO  allcom.tests.TestBase -- PASSED: [validateCompanyPositionWithIncorrectData], with Parameters: [ы]
171359 [Test worker] INFO  allcom.tests.TestBase -- Start test: [validateCompanyPositionWithIncorrectData]
172007 [Test worker] INFO  allcom.tests.TestBase -- PASSED: [validateCompanyPositionWithIncorrectData], with Parameters: [Sы]
172007 [Test worker] INFO  allcom.tests.TestBase -- Start test: [validateCompanyPositionWithIncorrectData]
172653 [Test worker] INFO  allcom.tests.TestBase -- PASSED: [validateCompanyPositionWithIncorrectData], with Parameters: [!]
172653 [Test worker] INFO  allcom.tests.TestBase -- Start test: [validateCompanyPositionWithIncorrectData]
173293 [Test worker] INFO  allcom.tests.TestBase -- PASSED: [validateCompanyPositionWithIncorrectData], with Parameters: [@]
173293 [Test worker] INFO  allcom.tests.TestBase -- Start test: [validateCompanyPositionWithIncorrectData]
174006 [Test worker] INFO  allcom.tests.TestBase -- PASSED: [validateCompanyPositionWithIncorrectData], with Parameters: [#]
174006 [Test worker] INFO  allcom.tests.TestBase -- Start test: [validateCompanyPositionWithIncorrectData]
174662 [Test worker] INFO  allcom.tests.TestBase -- PASSED: [validateCompanyPositionWithIncorrectData], with Parameters: [Ass$]
174663 [Test worker] INFO  allcom.tests.TestBase -- Start test: [validateCompanyPositionWithIncorrectData]
175312 [Test worker] INFO  allcom.tests.TestBase -- PASSED: [validateCompanyPositionWithIncorrectData], with Parameters: [ss%]
175313 [Test worker] INFO  allcom.tests.TestBase -- Start test: [validateCompanyPositionWithIncorrectData]
175967 [Test worker] INFO  allcom.tests.TestBase -- PASSED: [validateCompanyPositionWithIncorrectData], with Parameters: [(]
175968 [Test worker] INFO  allcom.tests.TestBase -- Start test: [validateCompanyPositionWithIncorrectData]
176687 [Test worker] INFO  allcom.tests.TestBase -- PASSED: [validateCompanyPositionWithIncorrectData], with Parameters: [<script></script>]
176687 [Test worker] INFO  allcom.tests.TestBase -- Start test: [validateCompanyPositionWithIncorrectData]
177400 [Test worker] INFO  allcom.tests.TestBase -- PASSED: [validateCompanyPositionWithIncorrectData], with Parameters: [<input>]
177400 [Test worker] INFO  allcom.tests.TestBase -- Start test: [validateCompanyPositionWithIncorrectData]
178072 [Test worker] INFO  allcom.tests.TestBase -- PASSED: [validateCompanyPositionWithIncorrectData], with Parameters: [0]
178072 [Test worker] INFO  allcom.tests.TestBase -- Start test: [validateComparePasswordsEqualityNegativeData]
178213 [Test worker] INFO  allcom.tests.TestBase -- PASSED: [validateComparePasswordsEqualityNegativeData], with Parameters: []
178214 [Test worker] INFO  allcom.tests.TestBase -- Start test: [validateEmailWithIncorrectData]
178807 [Test worker] INFO  allcom.tests.TestBase -- PASSED: [validateEmailWithIncorrectData], with Parameters: [﻿]
178807 [Test worker] INFO  allcom.tests.TestBase -- Start test: [validateEmailWithIncorrectData]
179357 [Test worker] INFO  allcom.tests.TestBase -- PASSED: [validateEmailWithIncorrectData], with Parameters: []
179358 [Test worker] INFO  allcom.tests.TestBase -- Start test: [validateEmailWithIncorrectData]
179963 [Test worker] INFO  allcom.tests.TestBase -- PASSED: [validateEmailWithIncorrectData], with Parameters: [testgmail.com]
179963 [Test worker] INFO  allcom.tests.TestBase -- Start test: [validateEmailWithIncorrectData]
180553 [Test worker] INFO  allcom.tests.TestBase -- PASSED: [validateEmailWithIncorrectData], with Parameters: [test@.com]
180553 [Test worker] INFO  allcom.tests.TestBase -- Start test: [validateEmailWithIncorrectData]
181215 [Test worker] INFO  allcom.tests.TestBase -- PASSED: [validateEmailWithIncorrectData], with Parameters: [test@gmailcom]
181215 [Test worker] INFO  allcom.tests.TestBase -- Start test: [validateEmailWithIncorrectData]
181804 [Test worker] INFO  allcom.tests.TestBase -- PASSED: [validateEmailWithIncorrectData], with Parameters: [test@gmail.]
181804 [Test worker] INFO  allcom.tests.TestBase -- Start test: [validateEmailWithIncorrectData]
182479 [Test worker] INFO  allcom.tests.TestBase -- PASSED: [validateEmailWithIncorrectData], with Parameters: [@gmail.com]
182479 [Test worker] INFO  allcom.tests.TestBase -- Start test: [validateEmailWithIncorrectData]
183072 [Test worker] INFO  allcom.tests.TestBase -- PASSED: [validateEmailWithIncorrectData], with Parameters: [Fqpwiuery]
183072 [Test worker] INFO  allcom.tests.TestBase -- Start test: [validateEmailWithIncorrectData]
183696 [Test worker] INFO  allcom.tests.TestBase -- PASSED: [validateEmailWithIncorrectData], with Parameters: [цукшгешгз]
183696 [Test worker] INFO  allcom.tests.TestBase -- Start test: [validateEmailWithIncorrectData]
184297 [Test worker] INFO  allcom.tests.TestBase -- PASSED: [validateEmailWithIncorrectData], with Parameters: ["%^&()):"]
184298 [Test worker] INFO  allcom.tests.TestBase -- Start test: [validateEmailWithIncorrectData]
184879 [Test worker] INFO  allcom.tests.TestBase -- PASSED: [validateEmailWithIncorrectData], with Parameters: [1]
184879 [Test worker] INFO  allcom.tests.TestBase -- Start test: [validateEmailWithIncorrectData]
185518 [Test worker] INFO  allcom.tests.TestBase -- PASSED: [validateEmailWithIncorrectData], with Parameters: [тест@gmail.com]
185518 [Test worker] INFO  allcom.tests.TestBase -- Start test: [validateEmailWithIncorrectData]
186136 [Test worker] INFO  allcom.tests.TestBase -- PASSED: [validateEmailWithIncorrectData], with Parameters: [SELECT* FROM]
186136 [Test worker] INFO  allcom.tests.TestBase -- Start test: [validateEmailWithIncorrectData]
186756 [Test worker] INFO  allcom.tests.TestBase -- PASSED: [validateEmailWithIncorrectData], with Parameters: [test@@gmail.com]
186756 [Test worker] INFO  allcom.tests.TestBase -- Start test: [validateEmailWithIncorrectData]
187325 [Test worker] INFO  allcom.tests.TestBase -- PASSED: [validateEmailWithIncorrectData], with Parameters: [www.telran.com]
187326 [Test worker] INFO  allcom.tests.TestBase -- Start test: [validateEmailWithIncorrectData]
187914 [Test worker] INFO  allcom.tests.TestBase -- PASSED: [validateEmailWithIncorrectData], with Parameters: [tes t@gmail.com]
187914 [Test worker] INFO  allcom.tests.TestBase -- Start test: [validateEmailWithIncorrectData]
188542 [Test worker] INFO  allcom.tests.TestBase -- PASSED: [validateEmailWithIncorrectData], with Parameters: [test@ gmail.com]
188542 [Test worker] INFO  allcom.tests.TestBase -- Start test: [validateEmailWithIncorrectData]
189169 [Test worker] INFO  allcom.tests.TestBase -- PASSED: [validateEmailWithIncorrectData], with Parameters: [test@gmail .com]
189169 [Test worker] INFO  allcom.tests.TestBase -- Start test: [validateEmailWithIncorrectData]
189937 [Test worker] INFO  allcom.tests.TestBase -- PASSED: [validateEmailWithIncorrectData], with Parameters: [test@gmail. com]
189937 [Test worker] INFO  allcom.tests.TestBase -- Start test: [validateEmailWithIncorrectData]
190572 [Test worker] INFO  allcom.tests.TestBase -- PASSED: [validateEmailWithIncorrectData], with Parameters: [<script></script>]
190573 [Test worker] INFO  allcom.tests.TestBase -- Start test: [validateEmailWithIncorrectData]
191196 [Test worker] INFO  allcom.tests.TestBase -- PASSED: [validateEmailWithIncorrectData], with Parameters: [<input>]
191196 [Test worker] INFO  allcom.tests.TestBase -- Start test: [validateEmailWithIncorrectData]
191793 [Test worker] INFO  allcom.tests.TestBase -- PASSED: [validateEmailWithIncorrectData], with Parameters: [0]
191795 [Test worker] INFO  allcom.tests.TestBase -- Start test: [validateFirstNameWithIncorrectData]
192370 [Test worker] INFO  allcom.tests.TestBase -- PASSED: [validateFirstNameWithIncorrectData], with Parameters: []
192370 [Test worker] INFO  allcom.tests.TestBase -- Start test: [validateFirstNameWithIncorrectData]
192956 [Test worker] INFO  allcom.tests.TestBase -- PASSED: [validateFirstNameWithIncorrectData], with Parameters: [ ]
192956 [Test worker] INFO  allcom.tests.TestBase -- Start test: [validateFirstNameWithIncorrectData]
193529 [Test worker] INFO  allcom.tests.TestBase -- PASSED: [validateFirstNameWithIncorrectData], with Parameters: []
193530 [Test worker] INFO  allcom.tests.TestBase -- Start test: [validateFirstNameWithIncorrectData]
194111 [Test worker] INFO  allcom.tests.TestBase -- PASSED: [validateFirstNameWithIncorrectData], with Parameters: [1]
194111 [Test worker] INFO  allcom.tests.TestBase -- Start test: [validateFirstNameWithIncorrectData]
194877 [Test worker] INFO  allcom.tests.TestBase -- PASSED: [validateFirstNameWithIncorrectData], with Parameters: [s]
194877 [Test worker] INFO  allcom.tests.TestBase -- Start test: [validateFirstNameWithIncorrectData]
195499 [Test worker] INFO  allcom.tests.TestBase -- PASSED: [validateFirstNameWithIncorrectData], with Parameters: [S]
195499 [Test worker] INFO  allcom.tests.TestBase -- Start test: [validateFirstNameWithIncorrectData]
196084 [Test worker] INFO  allcom.tests.TestBase -- PASSED: [validateFirstNameWithIncorrectData], with Parameters: [ы]
196084 [Test worker] INFO  allcom.tests.TestBase -- Start test: [validateFirstNameWithIncorrectData]
196680 [Test worker] INFO  allcom.tests.TestBase -- PASSED: [validateFirstNameWithIncorrectData], with Parameters: [Sы]
196680 [Test worker] INFO  allcom.tests.TestBase -- Start test: [validateFirstNameWithIncorrectData]
197277 [Test worker] INFO  allcom.tests.TestBase -- PASSED: [validateFirstNameWithIncorrectData], with Parameters: [S1]
197277 [Test worker] INFO  allcom.tests.TestBase -- Start test: [validateFirstNameWithIncorrectData]
197874 [Test worker] INFO  allcom.tests.TestBase -- PASSED: [validateFirstNameWithIncorrectData], with Parameters: [!]
197874 [Test worker] INFO  allcom.tests.TestBase -- Start test: [validateFirstNameWithIncorrectData]
198487 [Test worker] INFO  allcom.tests.TestBase -- PASSED: [validateFirstNameWithIncorrectData], with Parameters: [@]
198487 [Test worker] INFO  allcom.tests.TestBase -- Start test: [validateFirstNameWithIncorrectData]
199113 [Test worker] INFO  allcom.tests.TestBase -- PASSED: [validateFirstNameWithIncorrectData], with Parameters: [#]
199113 [Test worker] INFO  allcom.tests.TestBase -- Start test: [validateFirstNameWithIncorrectData]
199720 [Test worker] INFO  allcom.tests.TestBase -- PASSED: [validateFirstNameWithIncorrectData], with Parameters: [Ass$]
199720 [Test worker] INFO  allcom.tests.TestBase -- Start test: [validateFirstNameWithIncorrectData]
200318 [Test worker] INFO  allcom.tests.TestBase -- PASSED: [validateFirstNameWithIncorrectData], with Parameters: [ss%]
200318 [Test worker] INFO  allcom.tests.TestBase -- Start test: [validateFirstNameWithIncorrectData]
200905 [Test worker] INFO  allcom.tests.TestBase -- PASSED: [validateFirstNameWithIncorrectData], with Parameters: [(]
200905 [Test worker] INFO  allcom.tests.TestBase -- Start test: [validateFirstNameWithIncorrectData]
201541 [Test worker] INFO  allcom.tests.TestBase -- PASSED: [validateFirstNameWithIncorrectData], with Parameters: [<script></script>]
201541 [Test worker] INFO  allcom.tests.TestBase -- Start test: [validateFirstNameWithIncorrectData]
202297 [Test worker] INFO  allcom.tests.TestBase -- PASSED: [validateFirstNameWithIncorrectData], with Parameters: [<input>]
202297 [Test worker] INFO  allcom.tests.TestBase -- Start test: [validateFirstNameWithIncorrectData]
202898 [Test worker] INFO  allcom.tests.TestBase -- PASSED: [validateFirstNameWithIncorrectData], with Parameters: [0]
202899 [Test worker] INFO  allcom.tests.TestBase -- Start test: [validateHouseNumberWithIncorrectData]
203570 [Test worker] INFO  allcom.tests.TestBase -- PASSED: [validateHouseNumberWithIncorrectData], with Parameters: [ ]
203570 [Test worker] INFO  allcom.tests.TestBase -- Start test: [validateHouseNumberWithIncorrectData]
204233 [Test worker] INFO  allcom.tests.TestBase -- PASSED: [validateHouseNumberWithIncorrectData], with Parameters: []
204234 [Test worker] INFO  allcom.tests.TestBase -- Start test: [validateHouseNumberWithIncorrectData]
204931 [Test worker] INFO  allcom.tests.TestBase -- PASSED: [validateHouseNumberWithIncorrectData], with Parameters: [ы]
204931 [Test worker] INFO  allcom.tests.TestBase -- Start test: [validateHouseNumberWithIncorrectData]
205814 [Test worker] INFO  allcom.tests.TestBase -- PASSED: [validateHouseNumberWithIncorrectData], with Parameters: [я]
205814 [Test worker] INFO  allcom.tests.TestBase -- Start test: [validateHouseNumberWithIncorrectData]
206521 [Test worker] INFO  allcom.tests.TestBase -- PASSED: [validateHouseNumberWithIncorrectData], with Parameters: [ы]
206521 [Test worker] INFO  allcom.tests.TestBase -- Start test: [validateHouseNumberWithIncorrectData]
207242 [Test worker] INFO  allcom.tests.TestBase -- PASSED: [validateHouseNumberWithIncorrectData], with Parameters: [ё]
207242 [Test worker] INFO  allcom.tests.TestBase -- Start test: [validateHouseNumberWithIncorrectData]
207960 [Test worker] INFO  allcom.tests.TestBase -- PASSED: [validateHouseNumberWithIncorrectData], with Parameters: [Sы]
207960 [Test worker] INFO  allcom.tests.TestBase -- Start test: [validateHouseNumberWithIncorrectData]
208660 [Test worker] INFO  allcom.tests.TestBase -- PASSED: [validateHouseNumberWithIncorrectData], with Parameters: [!]
208660 [Test worker] INFO  allcom.tests.TestBase -- Start test: [validateHouseNumberWithIncorrectData]
209432 [Test worker] INFO  allcom.tests.TestBase -- PASSED: [validateHouseNumberWithIncorrectData], with Parameters: [@]
209432 [Test worker] INFO  allcom.tests.TestBase -- Start test: [validateHouseNumberWithIncorrectData]
210150 [Test worker] INFO  allcom.tests.TestBase -- PASSED: [validateHouseNumberWithIncorrectData], with Parameters: [Ass$]
210150 [Test worker] INFO  allcom.tests.TestBase -- Start test: [validateHouseNumberWithIncorrectData]
210870 [Test worker] INFO  allcom.tests.TestBase -- PASSED: [validateHouseNumberWithIncorrectData], with Parameters: [ss%]
210870 [Test worker] INFO  allcom.tests.TestBase -- Start test: [validateHouseNumberWithIncorrectData]
211579 [Test worker] INFO  allcom.tests.TestBase -- PASSED: [validateHouseNumberWithIncorrectData], with Parameters: [(]
211580 [Test worker] INFO  allcom.tests.TestBase -- Start test: [validateHouseNumberWithIncorrectData]
212307 [Test worker] INFO  allcom.tests.TestBase -- PASSED: [validateHouseNumberWithIncorrectData], with Parameters: [(1]
212308 [Test worker] INFO  allcom.tests.TestBase -- Start test: [validateHouseNumberWithIncorrectData]
213100 [Test worker] INFO  allcom.tests.TestBase -- PASSED: [validateHouseNumberWithIncorrectData], with Parameters: [<script></script>]
213100 [Test worker] INFO  allcom.tests.TestBase -- Start test: [validateHouseNumberWithIncorrectData]
213882 [Test worker] INFO  allcom.tests.TestBase -- PASSED: [validateHouseNumberWithIncorrectData], with Parameters: [<input>]
213882 [Test worker] INFO  allcom.tests.TestBase -- Start test: [validateLastNameWithIncorrectData]
214460 [Test worker] INFO  allcom.tests.TestBase -- PASSED: [validateLastNameWithIncorrectData], with Parameters: []
214460 [Test worker] INFO  allcom.tests.TestBase -- Start test: [validateLastNameWithIncorrectData]
215238 [Test worker] INFO  allcom.tests.TestBase -- PASSED: [validateLastNameWithIncorrectData], with Parameters: [ ]
215238 [Test worker] INFO  allcom.tests.TestBase -- Start test: [validateLastNameWithIncorrectData]
215839 [Test worker] INFO  allcom.tests.TestBase -- PASSED: [validateLastNameWithIncorrectData], with Parameters: []
215839 [Test worker] INFO  allcom.tests.TestBase -- Start test: [validateLastNameWithIncorrectData]
216462 [Test worker] INFO  allcom.tests.TestBase -- PASSED: [validateLastNameWithIncorrectData], with Parameters: [1]
216462 [Test worker] INFO  allcom.tests.TestBase -- Start test: [validateLastNameWithIncorrectData]
217080 [Test worker] INFO  allcom.tests.TestBase -- PASSED: [validateLastNameWithIncorrectData], with Parameters: [s]
217081 [Test worker] INFO  allcom.tests.TestBase -- Start test: [validateLastNameWithIncorrectData]
217704 [Test worker] INFO  allcom.tests.TestBase -- PASSED: [validateLastNameWithIncorrectData], with Parameters: [S]
217704 [Test worker] INFO  allcom.tests.TestBase -- Start test: [validateLastNameWithIncorrectData]
218327 [Test worker] INFO  allcom.tests.TestBase -- PASSED: [validateLastNameWithIncorrectData], with Parameters: [ы]
218327 [Test worker] INFO  allcom.tests.TestBase -- Start test: [validateLastNameWithIncorrectData]
218947 [Test worker] INFO  allcom.tests.TestBase -- PASSED: [validateLastNameWithIncorrectData], with Parameters: [Sы]
218947 [Test worker] INFO  allcom.tests.TestBase -- Start test: [validateLastNameWithIncorrectData]
219567 [Test worker] INFO  allcom.tests.TestBase -- PASSED: [validateLastNameWithIncorrectData], with Parameters: [S1]
219567 [Test worker] INFO  allcom.tests.TestBase -- Start test: [validateLastNameWithIncorrectData]
220258 [Test worker] INFO  allcom.tests.TestBase -- PASSED: [validateLastNameWithIncorrectData], with Parameters: [!]
220259 [Test worker] INFO  allcom.tests.TestBase -- Start test: [validateLastNameWithIncorrectData]
220883 [Test worker] INFO  allcom.tests.TestBase -- PASSED: [validateLastNameWithIncorrectData], with Parameters: [@]
220884 [Test worker] INFO  allcom.tests.TestBase -- Start test: [validateLastNameWithIncorrectData]
221500 [Test worker] INFO  allcom.tests.TestBase -- PASSED: [validateLastNameWithIncorrectData], with Parameters: [#]
221500 [Test worker] INFO  allcom.tests.TestBase -- Start test: [validateLastNameWithIncorrectData]
222202 [Test worker] INFO  allcom.tests.TestBase -- PASSED: [validateLastNameWithIncorrectData], with Parameters: [Ass$]
222202 [Test worker] INFO  allcom.tests.TestBase -- Start test: [validateLastNameWithIncorrectData]
222601 [Test worker] INFO  allcom.tests.TestBase -- PASSED: [validateLastNameWithIncorrectData], with Parameters: [ss%]
222601 [Test worker] INFO  allcom.tests.TestBase -- Start test: [validateLastNameWithIncorrectData]
223201 [Test worker] INFO  allcom.tests.TestBase -- PASSED: [validateLastNameWithIncorrectData], with Parameters: [(]
223202 [Test worker] INFO  allcom.tests.TestBase -- Start test: [validateLastNameWithIncorrectData]
224012 [Test worker] INFO  allcom.tests.TestBase -- PASSED: [validateLastNameWithIncorrectData], with Parameters: [<script></script>]
224013 [Test worker] INFO  allcom.tests.TestBase -- Start test: [validateLastNameWithIncorrectData]
224657 [Test worker] INFO  allcom.tests.TestBase -- PASSED: [validateLastNameWithIncorrectData], with Parameters: [<input>]
224657 [Test worker] INFO  allcom.tests.TestBase -- Start test: [validateLastNameWithIncorrectData]
225298 [Test worker] INFO  allcom.tests.TestBase -- PASSED: [validateLastNameWithIncorrectData], with Parameters: [0]
225299 [Test worker] INFO  allcom.tests.TestBase -- Start test: [validatePasswordConfirmWithIncorrectData]
226047 [Test worker] INFO  allcom.tests.TestBase -- PASSED: [validatePasswordConfirmWithIncorrectData], with Parameters: [﻿Tes123]
226047 [Test worker] INFO  allcom.tests.TestBase -- Start test: [validatePasswordConfirmWithIncorrectData]
226555 [Test worker] INFO  allcom.tests.TestBase -- PASSED: [validatePasswordConfirmWithIncorrectData], with Parameters: [Tes1234]
226556 [Test worker] INFO  allcom.tests.TestBase -- Start test: [validatePasswordConfirmWithIncorrectData]
227575 [Test worker] INFO  allcom.tests.TestBase -- PASSED: [validatePasswordConfirmWithIncorrectData], with Parameters: [Test1234555555555555555555555555555555555555555555555555555555555555555555555555555555555555]
227575 [Test worker] INFO  allcom.tests.TestBase -- Start test: [validatePasswordConfirmWithIncorrectData]
228539 [Test worker] INFO  allcom.tests.TestBase -- PASSED: [validatePasswordConfirmWithIncorrectData], with Parameters: [1]
228539 [Test worker] INFO  allcom.tests.TestBase -- Start test: [validatePasswordConfirmWithIncorrectData]
229474 [Test worker] INFO  allcom.tests.TestBase -- PASSED: [validatePasswordConfirmWithIncorrectData], with Parameters: [*&^(*&%$##@]
229476 [Test worker] INFO  allcom.tests.TestBase -- Start test: [validatePasswordConfirmWithIncorrectData]
230283 [Test worker] INFO  allcom.tests.TestBase -- PASSED: [validatePasswordConfirmWithIncorrectData], with Parameters: [Qwertyuiop@1ы]
230284 [Test worker] INFO  allcom.tests.TestBase -- Start test: [validatePasswordConfirmWithIncorrectData]
231128 [Test worker] INFO  allcom.tests.TestBase -- PASSED: [validatePasswordConfirmWithIncorrectData], with Parameters: [ФЫВААПкгущуцз]
231129 [Test worker] INFO  allcom.tests.TestBase -- Start test: [validatePasswordConfirmWithIncorrectData]
232211 [Test worker] INFO  allcom.tests.TestBase -- PASSED: [validatePasswordConfirmWithIncorrectData], with Parameters: [Test 12345!]
232211 [Test worker] INFO  allcom.tests.TestBase -- Start test: [validatePasswordConfirmWithIncorrectData]
233191 [Test worker] INFO  allcom.tests.TestBase -- PASSED: [validatePasswordConfirmWithIncorrectData], with Parameters: [SELECT* FROM]
233191 [Test worker] INFO  allcom.tests.TestBase -- Start test: [validatePasswordConfirmWithIncorrectData]
234202 [Test worker] INFO  allcom.tests.TestBase -- PASSED: [validatePasswordConfirmWithIncorrectData], with Parameters: [www.gmail.com]
234203 [Test worker] INFO  allcom.tests.TestBase -- Start test: [validatePasswordConfirmWithIncorrectData]
235043 [Test worker] INFO  allcom.tests.TestBase -- PASSED: [validatePasswordConfirmWithIncorrectData], with Parameters: []
235043 [Test worker] INFO  allcom.tests.TestBase -- Start test: [validatePasswordConfirmWithIncorrectData]
235885 [Test worker] INFO  allcom.tests.TestBase -- PASSED: [validatePasswordConfirmWithIncorrectData], with Parameters: [ ]
235885 [Test worker] INFO  allcom.tests.TestBase -- Start test: [validatePasswordConfirmWithIncorrectData]
236497 [Test worker] INFO  allcom.tests.TestBase -- PASSED: [validatePasswordConfirmWithIncorrectData], with Parameters: []
236497 [Test worker] INFO  allcom.tests.TestBase -- Start test: [validatePasswordConfirmWithIncorrectData]
237134 [Test worker] INFO  allcom.tests.TestBase -- PASSED: [validatePasswordConfirmWithIncorrectData], with Parameters: [0]
237134 [Test worker] INFO  allcom.tests.TestBase -- Start test: [validatePasswordConfirmWithIncorrectData]
237785 [Test worker] INFO  allcom.tests.TestBase -- PASSED: [validatePasswordConfirmWithIncorrectData], with Parameters: [<input>]
237785 [Test worker] INFO  allcom.tests.TestBase -- Start test: [validatePasswordConfirmWithIncorrectData]
238474 [Test worker] INFO  allcom.tests.TestBase -- PASSED: [validatePasswordConfirmWithIncorrectData], with Parameters: [<script></script>]
238474 [Test worker] INFO  allcom.tests.TestBase -- Start test: [validatePasswordConfirmWithIncorrectData]
239131 [Test worker] INFO  allcom.tests.TestBase -- PASSED: [validatePasswordConfirmWithIncorrectData], with Parameters: [11111E+12]
239132 [Test worker] INFO  allcom.tests.TestBase -- Start test: [validatePasswordWithIncorrectData]
239850 [Test worker] INFO  allcom.tests.TestBase -- PASSED: [validatePasswordWithIncorrectData], with Parameters: [﻿Tes123]
239850 [Test worker] INFO  allcom.tests.TestBase -- Start test: [validatePasswordWithIncorrectData]
240677 [Test worker] INFO  allcom.tests.TestBase -- PASSED: [validatePasswordWithIncorrectData], with Parameters: [Tes1234]
240677 [Test worker] INFO  allcom.tests.TestBase -- Start test: [validatePasswordWithIncorrectData]
241793 [Test worker] INFO  allcom.tests.TestBase -- PASSED: [validatePasswordWithIncorrectData], with Parameters: [Test1234555555555555555555555555555555555555555555555555555555555555555555555555555555555555]
241793 [Test worker] INFO  allcom.tests.TestBase -- Start test: [validatePasswordWithIncorrectData]
242612 [Test worker] INFO  allcom.tests.TestBase -- PASSED: [validatePasswordWithIncorrectData], with Parameters: [1]
242612 [Test worker] INFO  allcom.tests.TestBase -- Start test: [validatePasswordWithIncorrectData]
243287 [Test worker] INFO  allcom.tests.TestBase -- PASSED: [validatePasswordWithIncorrectData], with Parameters: [*&^(*&%$##@]
243289 [Test worker] INFO  allcom.tests.TestBase -- Start test: [validatePasswordWithIncorrectData]
243966 [Test worker] INFO  allcom.tests.TestBase -- PASSED: [validatePasswordWithIncorrectData], with Parameters: [Qwertyuiop@1ы]
243967 [Test worker] INFO  allcom.tests.TestBase -- Start test: [validatePasswordWithIncorrectData]
244701 [Test worker] INFO  allcom.tests.TestBase -- PASSED: [validatePasswordWithIncorrectData], with Parameters: [ФЫВААПкгущуцз]
244701 [Test worker] INFO  allcom.tests.TestBase -- Start test: [validatePasswordWithIncorrectData]
245376 [Test worker] INFO  allcom.tests.TestBase -- PASSED: [validatePasswordWithIncorrectData], with Parameters: [Test 12345!]
245376 [Test worker] INFO  allcom.tests.TestBase -- Start test: [validatePasswordWithIncorrectData]
246044 [Test worker] INFO  allcom.tests.TestBase -- PASSED: [validatePasswordWithIncorrectData], with Parameters: [SELECT* FROM]
246044 [Test worker] INFO  allcom.tests.TestBase -- Start test: [validatePasswordWithIncorrectData]
246736 [Test worker] INFO  allcom.tests.TestBase -- PASSED: [validatePasswordWithIncorrectData], with Parameters: [www.gmail.com]
246736 [Test worker] INFO  allcom.tests.TestBase -- Start test: [validatePasswordWithIncorrectData]
247412 [Test worker] INFO  allcom.tests.TestBase -- PASSED: [validatePasswordWithIncorrectData], with Parameters: []
247413 [Test worker] INFO  allcom.tests.TestBase -- Start test: [validatePasswordWithIncorrectData]
248048 [Test worker] INFO  allcom.tests.TestBase -- PASSED: [validatePasswordWithIncorrectData], with Parameters: [ ]
248048 [Test worker] INFO  allcom.tests.TestBase -- Start test: [validatePasswordWithIncorrectData]
248673 [Test worker] INFO  allcom.tests.TestBase -- PASSED: [validatePasswordWithIncorrectData], with Parameters: []
248673 [Test worker] INFO  allcom.tests.TestBase -- Start test: [validatePasswordWithIncorrectData]
249327 [Test worker] INFO  allcom.tests.TestBase -- PASSED: [validatePasswordWithIncorrectData], with Parameters: [0]
249327 [Test worker] INFO  allcom.tests.TestBase -- Start test: [validatePasswordWithIncorrectData]
249988 [Test worker] INFO  allcom.tests.TestBase -- PASSED: [validatePasswordWithIncorrectData], with Parameters: [<input>]
249989 [Test worker] INFO  allcom.tests.TestBase -- Start test: [validatePasswordWithIncorrectData]
250685 [Test worker] INFO  allcom.tests.TestBase -- PASSED: [validatePasswordWithIncorrectData], with Parameters: [<script></script>]
250685 [Test worker] INFO  allcom.tests.TestBase -- Start test: [validatePasswordWithIncorrectData]
251360 [Test worker] INFO  allcom.tests.TestBase -- PASSED: [validatePasswordWithIncorrectData], with Parameters: [11111E+12]
251361 [Test worker] INFO  allcom.tests.TestBase -- Start test: [validatePhoneWithIncorrectData]
252048 [Test worker] INFO  allcom.tests.TestBase -- PASSED: [validatePhoneWithIncorrectData], with Parameters: []
252049 [Test worker] INFO  allcom.tests.TestBase -- Start test: [validatePhoneWithIncorrectData]
252709 [Test worker] INFO  allcom.tests.TestBase -- PASSED: [validatePhoneWithIncorrectData], with Parameters: [ ]
252709 [Test worker] INFO  allcom.tests.TestBase -- Start test: [validatePhoneWithIncorrectData]
253347 [Test worker] INFO  allcom.tests.TestBase -- PASSED: [validatePhoneWithIncorrectData], with Parameters: []
253347 [Test worker] INFO  allcom.tests.TestBase -- Start test: [validatePhoneWithIncorrectData]
253692 [Test worker] INFO  allcom.tests.TestBase -- PASSED: [validatePhoneWithIncorrectData], with Parameters: [1]
253692 [Test worker] INFO  allcom.tests.TestBase -- Start test: [validatePhoneWithIncorrectData]
254136 [Test worker] INFO  allcom.tests.TestBase -- PASSED: [validatePhoneWithIncorrectData], with Parameters: [s]
254136 [Test worker] INFO  allcom.tests.TestBase -- Start test: [validatePhoneWithIncorrectData]
254783 [Test worker] INFO  allcom.tests.TestBase -- PASSED: [validatePhoneWithIncorrectData], with Parameters: [S]
254783 [Test worker] INFO  allcom.tests.TestBase -- Start test: [validatePhoneWithIncorrectData]
255477 [Test worker] INFO  allcom.tests.TestBase -- PASSED: [validatePhoneWithIncorrectData], with Parameters: [ы]
255477 [Test worker] INFO  allcom.tests.TestBase -- Start test: [validatePhoneWithIncorrectData]
256148 [Test worker] INFO  allcom.tests.TestBase -- PASSED: [validatePhoneWithIncorrectData], with Parameters: [Sы]
256148 [Test worker] INFO  allcom.tests.TestBase -- Start test: [validatePhoneWithIncorrectData]
257126 [Test worker] INFO  allcom.tests.TestBase -- PASSED: [validatePhoneWithIncorrectData], with Parameters: [S1]
257126 [Test worker] INFO  allcom.tests.TestBase -- Start test: [validatePhoneWithIncorrectData]
257941 [Test worker] INFO  allcom.tests.TestBase -- PASSED: [validatePhoneWithIncorrectData], with Parameters: [!]
257942 [Test worker] INFO  allcom.tests.TestBase -- Start test: [validatePhoneWithIncorrectData]
258769 [Test worker] INFO  allcom.tests.TestBase -- PASSED: [validatePhoneWithIncorrectData], with Parameters: [@]
258770 [Test worker] INFO  allcom.tests.TestBase -- Start test: [validatePhoneWithIncorrectData]
259625 [Test worker] INFO  allcom.tests.TestBase -- PASSED: [validatePhoneWithIncorrectData], with Parameters: [#]
259625 [Test worker] INFO  allcom.tests.TestBase -- Start test: [validatePhoneWithIncorrectData]
260326 [Test worker] INFO  allcom.tests.TestBase -- PASSED: [validatePhoneWithIncorrectData], with Parameters: [Ass$]
260326 [Test worker] INFO  allcom.tests.TestBase -- Start test: [validatePhoneWithIncorrectData]
261153 [Test worker] INFO  allcom.tests.TestBase -- PASSED: [validatePhoneWithIncorrectData], with Parameters: [ss%]
261153 [Test worker] INFO  allcom.tests.TestBase -- Start test: [validatePhoneWithIncorrectData]
261845 [Test worker] INFO  allcom.tests.TestBase -- PASSED: [validatePhoneWithIncorrectData], with Parameters: [(]
261845 [Test worker] INFO  allcom.tests.TestBase -- Start test: [validatePhoneWithIncorrectData]
262589 [Test worker] INFO  allcom.tests.TestBase -- PASSED: [validatePhoneWithIncorrectData], with Parameters: [<script></script>]
262589 [Test worker] INFO  allcom.tests.TestBase -- Start test: [validatePhoneWithIncorrectData]
263296 [Test worker] INFO  allcom.tests.TestBase -- PASSED: [validatePhoneWithIncorrectData], with Parameters: [<input>]
263296 [Test worker] INFO  allcom.tests.TestBase -- Start test: [validatePhoneWithIncorrectData]
263999 [Test worker] INFO  allcom.tests.TestBase -- PASSED: [validatePhoneWithIncorrectData], with Parameters: [0]
263999 [Test worker] INFO  allcom.tests.TestBase -- Start test: [validatePhoneWithIncorrectData]
264437 [Test worker] INFO  allcom.tests.TestBase -- PASSED: [validatePhoneWithIncorrectData], with Parameters: [123456789]
264437 [Test worker] INFO  allcom.tests.TestBase -- Start test: [validatePhoneWithIncorrectData]
264827 [Test worker] INFO  allcom.tests.TestBase -- PASSED: [validatePhoneWithIncorrectData], with Parameters: [null]
264827 [Test worker] INFO  allcom.tests.TestBase -- Start test: [validatePhoneWithIncorrectData]
265651 [Test worker] INFO  allcom.tests.TestBase -- PASSED: [validatePhoneWithIncorrectData], with Parameters: [1234567890123]
265651 [Test worker] INFO  allcom.tests.TestBase -- Start test: [validatePhoneWithIncorrectData]
266574 [Test worker] INFO  allcom.tests.TestBase -- PASSED: [validatePhoneWithIncorrectData], with Parameters: [1234567890ы]
266574 [Test worker] INFO  allcom.tests.TestBase -- Start test: [validatePhoneWithIncorrectData]
267013 [Test worker] INFO  allcom.tests.TestBase -- PASSED: [validatePhoneWithIncorrectData], with Parameters: [1234567890s]
267014 [Test worker] INFO  allcom.tests.TestBase -- Start test: [validatePhoneWithIncorrectData]
267496 [Test worker] INFO  allcom.tests.TestBase -- PASSED: [validatePhoneWithIncorrectData], with Parameters: [123456789O]
267497 [Test worker] INFO  allcom.tests.TestBase -- Start test: [validatePostalWithIncorrectData]
268287 [Test worker] INFO  allcom.tests.TestBase -- PASSED: [validatePostalWithIncorrectData], with Parameters: []
268287 [Test worker] INFO  allcom.tests.TestBase -- Start test: [validatePostalWithIncorrectData]
269054 [Test worker] INFO  allcom.tests.TestBase -- PASSED: [validatePostalWithIncorrectData], with Parameters: [ ]
269055 [Test worker] INFO  allcom.tests.TestBase -- Start test: [validatePostalWithIncorrectData]
269831 [Test worker] INFO  allcom.tests.TestBase -- PASSED: [validatePostalWithIncorrectData], with Parameters: []
269831 [Test worker] INFO  allcom.tests.TestBase -- Start test: [validatePostalWithIncorrectData]
270607 [Test worker] INFO  allcom.tests.TestBase -- PASSED: [validatePostalWithIncorrectData], with Parameters: [1]
270607 [Test worker] INFO  allcom.tests.TestBase -- Start test: [validatePostalWithIncorrectData]
271341 [Test worker] INFO  allcom.tests.TestBase -- PASSED: [validatePostalWithIncorrectData], with Parameters: [s]
271341 [Test worker] INFO  allcom.tests.TestBase -- Start test: [validatePostalWithIncorrectData]
272131 [Test worker] INFO  allcom.tests.TestBase -- PASSED: [validatePostalWithIncorrectData], with Parameters: [S]
272131 [Test worker] INFO  allcom.tests.TestBase -- Start test: [validatePostalWithIncorrectData]
272929 [Test worker] INFO  allcom.tests.TestBase -- PASSED: [validatePostalWithIncorrectData], with Parameters: [ы]
272929 [Test worker] INFO  allcom.tests.TestBase -- Start test: [validatePostalWithIncorrectData]
273880 [Test worker] INFO  allcom.tests.TestBase -- PASSED: [validatePostalWithIncorrectData], with Parameters: [Sы]
273880 [Test worker] INFO  allcom.tests.TestBase -- Start test: [validatePostalWithIncorrectData]
274820 [Test worker] INFO  allcom.tests.TestBase -- PASSED: [validatePostalWithIncorrectData], with Parameters: [S1]
274822 [Test worker] INFO  allcom.tests.TestBase -- Start test: [validatePostalWithIncorrectData]
275760 [Test worker] INFO  allcom.tests.TestBase -- PASSED: [validatePostalWithIncorrectData], with Parameters: [!]
275760 [Test worker] INFO  allcom.tests.TestBase -- Start test: [validatePostalWithIncorrectData]
276756 [Test worker] INFO  allcom.tests.TestBase -- PASSED: [validatePostalWithIncorrectData], with Parameters: [@]
276757 [Test worker] INFO  allcom.tests.TestBase -- Start test: [validatePostalWithIncorrectData]
277732 [Test worker] INFO  allcom.tests.TestBase -- PASSED: [validatePostalWithIncorrectData], with Parameters: [#]
277732 [Test worker] INFO  allcom.tests.TestBase -- Start test: [validatePostalWithIncorrectData]
278877 [Test worker] INFO  allcom.tests.TestBase -- PASSED: [validatePostalWithIncorrectData], with Parameters: [Ass$]
278877 [Test worker] INFO  allcom.tests.TestBase -- Start test: [validatePostalWithIncorrectData]
279798 [Test worker] INFO  allcom.tests.TestBase -- PASSED: [validatePostalWithIncorrectData], with Parameters: [ss%]
279798 [Test worker] INFO  allcom.tests.TestBase -- Start test: [validatePostalWithIncorrectData]
281123 [Test worker] INFO  allcom.tests.TestBase -- PASSED: [validatePostalWithIncorrectData], with Parameters: [(]
281123 [Test worker] INFO  allcom.tests.TestBase -- Start test: [validatePostalWithIncorrectData]
282152 [Test worker] INFO  allcom.tests.TestBase -- PASSED: [validatePostalWithIncorrectData], with Parameters: [<script></script>]
282152 [Test worker] INFO  allcom.tests.TestBase -- Start test: [validatePostalWithIncorrectData]
283280 [Test worker] INFO  allcom.tests.TestBase -- PASSED: [validatePostalWithIncorrectData], with Parameters: [<input>]
283280 [Test worker] INFO  allcom.tests.TestBase -- Start test: [validatePostalWithIncorrectData]
284121 [Test worker] INFO  allcom.tests.TestBase -- PASSED: [validatePostalWithIncorrectData], with Parameters: [0]
284122 [Test worker] INFO  allcom.tests.TestBase -- Start test: [validatePostalWithIncorrectData]
284974 [Test worker] INFO  allcom.tests.TestBase -- PASSED: [validatePostalWithIncorrectData], with Parameters: [1234]
284975 [Test worker] INFO  allcom.tests.TestBase -- Start test: [validatePostalWithIncorrectData]
285772 [Test worker] INFO  allcom.tests.TestBase -- PASSED: [validatePostalWithIncorrectData], with Parameters: [123456]
285772 [Test worker] INFO  allcom.tests.TestBase -- Start test: [validatePostalWithIncorrectData]
286601 [Test worker] INFO  allcom.tests.TestBase -- PASSED: [validatePostalWithIncorrectData], with Parameters: [12345d]
286601 [Test worker] INFO  allcom.tests.TestBase -- Start test: [validatePostalWithIncorrectData]
287508 [Test worker] INFO  allcom.tests.TestBase -- PASSED: [validatePostalWithIncorrectData], with Parameters: [O01234]
287508 [Test worker] INFO  allcom.tests.TestBase -- Start test: [validatePostalWithIncorrectData]
288434 [Test worker] INFO  allcom.tests.TestBase -- PASSED: [validatePostalWithIncorrectData], with Parameters: [1234#]
288434 [Test worker] INFO  allcom.tests.TestBase -- Start test: [validatePostalWithIncorrectData]
289365 [Test worker] INFO  allcom.tests.TestBase -- PASSED: [validatePostalWithIncorrectData], with Parameters: [null]
289365 [Test worker] INFO  allcom.tests.TestBase -- Start test: [validatePostalWithIncorrectData]
290272 [Test worker] INFO  allcom.tests.TestBase -- PASSED: [validatePostalWithIncorrectData], with Parameters: [12345s]
290272 [Test worker] INFO  allcom.tests.TestBase -- Start test: [validatePostalWithIncorrectData]
291147 [Test worker] INFO  allcom.tests.TestBase -- PASSED: [validatePostalWithIncorrectData], with Parameters: [1234567890s]
291147 [Test worker] INFO  allcom.tests.TestBase -- Start test: [validatePostalWithIncorrectData]
292015 [Test worker] INFO  allcom.tests.TestBase -- PASSED: [validatePostalWithIncorrectData], with Parameters: [123456789O]
292016 [Test worker] INFO  allcom.tests.TestBase -- Start test: [validatePostalWithIncorrectData]
292887 [Test worker] INFO  allcom.tests.TestBase -- PASSED: [validatePostalWithIncorrectData], with Parameters: [123456789012345678901]
292888 [Test worker] INFO  allcom.tests.TestBase -- Start test: [validateStreetWithIncorrectData]
293696 [Test worker] INFO  allcom.tests.TestBase -- PASSED: [validateStreetWithIncorrectData], with Parameters: []
293697 [Test worker] INFO  allcom.tests.TestBase -- Start test: [validateStreetWithIncorrectData]
294489 [Test worker] INFO  allcom.tests.TestBase -- PASSED: [validateStreetWithIncorrectData], with Parameters: [ ]
294490 [Test worker] INFO  allcom.tests.TestBase -- Start test: [validateStreetWithIncorrectData]
295271 [Test worker] INFO  allcom.tests.TestBase -- PASSED: [validateStreetWithIncorrectData], with Parameters: []
295271 [Test worker] INFO  allcom.tests.TestBase -- Start test: [validateStreetWithIncorrectData]
296054 [Test worker] INFO  allcom.tests.TestBase -- PASSED: [validateStreetWithIncorrectData], with Parameters: [1]
296054 [Test worker] INFO  allcom.tests.TestBase -- Start test: [validateStreetWithIncorrectData]
296850 [Test worker] INFO  allcom.tests.TestBase -- PASSED: [validateStreetWithIncorrectData], with Parameters: [s]
296850 [Test worker] INFO  allcom.tests.TestBase -- Start test: [validateStreetWithIncorrectData]
297688 [Test worker] INFO  allcom.tests.TestBase -- PASSED: [validateStreetWithIncorrectData], with Parameters: [S]
297689 [Test worker] INFO  allcom.tests.TestBase -- Start test: [validateStreetWithIncorrectData]
298543 [Test worker] INFO  allcom.tests.TestBase -- PASSED: [validateStreetWithIncorrectData], with Parameters: [ы]
298543 [Test worker] INFO  allcom.tests.TestBase -- Start test: [validateStreetWithIncorrectData]
299484 [Test worker] INFO  allcom.tests.TestBase -- PASSED: [validateStreetWithIncorrectData], with Parameters: [Sы]
299484 [Test worker] INFO  allcom.tests.TestBase -- Start test: [validateStreetWithIncorrectData]
300276 [Test worker] INFO  allcom.tests.TestBase -- PASSED: [validateStreetWithIncorrectData], with Parameters: [!]
300276 [Test worker] INFO  allcom.tests.TestBase -- Start test: [validateStreetWithIncorrectData]
301066 [Test worker] INFO  allcom.tests.TestBase -- PASSED: [validateStreetWithIncorrectData], with Parameters: [@]
301066 [Test worker] INFO  allcom.tests.TestBase -- Start test: [validateStreetWithIncorrectData]
301852 [Test worker] INFO  allcom.tests.TestBase -- PASSED: [validateStreetWithIncorrectData], with Parameters: [#]
301852 [Test worker] INFO  allcom.tests.TestBase -- Start test: [validateStreetWithIncorrectData]
302677 [Test worker] INFO  allcom.tests.TestBase -- PASSED: [validateStreetWithIncorrectData], with Parameters: [Ass$]
302677 [Test worker] INFO  allcom.tests.TestBase -- Start test: [validateStreetWithIncorrectData]
303482 [Test worker] INFO  allcom.tests.TestBase -- PASSED: [validateStreetWithIncorrectData], with Parameters: [ss%]
303482 [Test worker] INFO  allcom.tests.TestBase -- Start test: [validateStreetWithIncorrectData]
304276 [Test worker] INFO  allcom.tests.TestBase -- PASSED: [validateStreetWithIncorrectData], with Parameters: [(]
304276 [Test worker] INFO  allcom.tests.TestBase -- Start test: [validateStreetWithIncorrectData]
305146 [Test worker] INFO  allcom.tests.TestBase -- PASSED: [validateStreetWithIncorrectData], with Parameters: [<script></script>]
305146 [Test worker] INFO  allcom.tests.TestBase -- Start test: [validateStreetWithIncorrectData]
305978 [Test worker] INFO  allcom.tests.TestBase -- PASSED: [validateStreetWithIncorrectData], with Parameters: [<input>]
305978 [Test worker] INFO  allcom.tests.TestBase -- Start test: [validateStreetWithIncorrectData]
306782 [Test worker] INFO  allcom.tests.TestBase -- PASSED: [validateStreetWithIncorrectData], with Parameters: [0]
306783 [Test worker] INFO  allcom.tests.TestBase -- Start test: [validateTaxWithIncorrectData]
307610 [Test worker] INFO  allcom.tests.TestBase -- PASSED: [validateTaxWithIncorrectData], with Parameters: []
307610 [Test worker] INFO  allcom.tests.TestBase -- Start test: [validateTaxWithIncorrectData]
308456 [Test worker] INFO  allcom.tests.TestBase -- PASSED: [validateTaxWithIncorrectData], with Parameters: [ ]
308457 [Test worker] INFO  allcom.tests.TestBase -- Start test: [validateTaxWithIncorrectData]
309271 [Test worker] INFO  allcom.tests.TestBase -- PASSED: [validateTaxWithIncorrectData], with Parameters: []
309271 [Test worker] INFO  allcom.tests.TestBase -- Start test: [validateTaxWithIncorrectData]
310068 [Test worker] INFO  allcom.tests.TestBase -- PASSED: [validateTaxWithIncorrectData], with Parameters: [1]
310068 [Test worker] INFO  allcom.tests.TestBase -- Start test: [validateTaxWithIncorrectData]
310862 [Test worker] INFO  allcom.tests.TestBase -- PASSED: [validateTaxWithIncorrectData], with Parameters: [s]
310862 [Test worker] INFO  allcom.tests.TestBase -- Start test: [validateTaxWithIncorrectData]
311664 [Test worker] INFO  allcom.tests.TestBase -- PASSED: [validateTaxWithIncorrectData], with Parameters: [S]
311664 [Test worker] INFO  allcom.tests.TestBase -- Start test: [validateTaxWithIncorrectData]
312504 [Test worker] INFO  allcom.tests.TestBase -- PASSED: [validateTaxWithIncorrectData], with Parameters: [ы]
312504 [Test worker] INFO  allcom.tests.TestBase -- Start test: [validateTaxWithIncorrectData]
313340 [Test worker] INFO  allcom.tests.TestBase -- PASSED: [validateTaxWithIncorrectData], with Parameters: [Sы]
313340 [Test worker] INFO  allcom.tests.TestBase -- Start test: [validateTaxWithIncorrectData]
314176 [Test worker] INFO  allcom.tests.TestBase -- PASSED: [validateTaxWithIncorrectData], with Parameters: [S1]
314177 [Test worker] INFO  allcom.tests.TestBase -- Start test: [validateTaxWithIncorrectData]
314984 [Test worker] INFO  allcom.tests.TestBase -- PASSED: [validateTaxWithIncorrectData], with Parameters: [!]
314985 [Test worker] INFO  allcom.tests.TestBase -- Start test: [validateTaxWithIncorrectData]
315777 [Test worker] INFO  allcom.tests.TestBase -- PASSED: [validateTaxWithIncorrectData], with Parameters: [@]
315778 [Test worker] INFO  allcom.tests.TestBase -- Start test: [validateTaxWithIncorrectData]
316578 [Test worker] INFO  allcom.tests.TestBase -- PASSED: [validateTaxWithIncorrectData], with Parameters: [#]
316578 [Test worker] INFO  allcom.tests.TestBase -- Start test: [validateTaxWithIncorrectData]
317431 [Test worker] INFO  allcom.tests.TestBase -- PASSED: [validateTaxWithIncorrectData], with Parameters: [Ass$]
317431 [Test worker] INFO  allcom.tests.TestBase -- Start test: [validateTaxWithIncorrectData]
318263 [Test worker] INFO  allcom.tests.TestBase -- PASSED: [validateTaxWithIncorrectData], with Parameters: [ss%]
318263 [Test worker] INFO  allcom.tests.TestBase -- Start test: [validateTaxWithIncorrectData]
319073 [Test worker] INFO  allcom.tests.TestBase -- PASSED: [validateTaxWithIncorrectData], with Parameters: [(]
319073 [Test worker] INFO  allcom.tests.TestBase -- Start test: [validateTaxWithIncorrectData]
319983 [Test worker] INFO  allcom.tests.TestBase -- PASSED: [validateTaxWithIncorrectData], with Parameters: [<script></script>]
319983 [Test worker] INFO  allcom.tests.TestBase -- Start test: [validateTaxWithIncorrectData]
320857 [Test worker] INFO  allcom.tests.TestBase -- PASSED: [validateTaxWithIncorrectData], with Parameters: [<input>]
320857 [Test worker] INFO  allcom.tests.TestBase -- Start test: [validateTaxWithIncorrectData]
321664 [Test worker] INFO  allcom.tests.TestBase -- PASSED: [validateTaxWithIncorrectData], with Parameters: [0]
321664 [Test worker] INFO  allcom.tests.TestBase -- Start test: [validateTaxWithIncorrectData]
322534 [Test worker] INFO  allcom.tests.TestBase -- PASSED: [validateTaxWithIncorrectData], with Parameters: [12345678]
322534 [Test worker] INFO  allcom.tests.TestBase -- Start test: [validateTaxWithIncorrectData]
323445 [Test worker] INFO  allcom.tests.TestBase -- PASSED: [validateTaxWithIncorrectData], with Parameters: [123456789d]
323445 [Test worker] INFO  allcom.tests.TestBase -- Start test: [validateTaxWithIncorrectData]
324316 [Test worker] INFO  allcom.tests.TestBase -- PASSED: [validateTaxWithIncorrectData], with Parameters: [123456789#]
324316 [Test worker] INFO  allcom.tests.TestBase -- Start test: [validateTaxWithIncorrectData]
325152 [Test worker] INFO  allcom.tests.TestBase -- PASSED: [validateTaxWithIncorrectData], with Parameters: [null]
325152 [Test worker] INFO  allcom.tests.TestBase -- Start test: [validateTaxWithIncorrectData]
326033 [Test worker] INFO  allcom.tests.TestBase -- PASSED: [validateTaxWithIncorrectData], with Parameters: [1234567890ы]
326033 [Test worker] INFO  allcom.tests.TestBase -- Start test: [validateTaxWithIncorrectData]
326928 [Test worker] INFO  allcom.tests.TestBase -- PASSED: [validateTaxWithIncorrectData], with Parameters: [1234567890s]
326928 [Test worker] INFO  allcom.tests.TestBase -- Start test: [validateTaxWithIncorrectData]
327826 [Test worker] INFO  allcom.tests.TestBase -- PASSED: [validateTaxWithIncorrectData], with Parameters: [123456789O]
327827 [Test worker] INFO  allcom.tests.TestBase -- Start test: [validateTaxWithIncorrectData]
328787 [Test worker] INFO  allcom.tests.TestBase -- PASSED: [validateTaxWithIncorrectData], with Parameters: [123456789012345678901]
328787 [Test worker] INFO  allcom.tests.TestBase -- Start test: [registerClientWithValidDataPositiveTest]
330404 [Test worker] INFO  allcom.tests.TestBase -- PASSED: [registerClientWithValidDataPositiveTest], with Parameters: []
330404 [Test worker] INFO  allcom.tests.TestBase -- Start test: [registerFirmaWithValidDataPositiveTest]
333021 [Test worker] INFO  allcom.tests.TestBase -- PASSED: [registerFirmaWithValidDataPositiveTest], with Parameters: []
333022 [Test worker] INFO  allcom.tests.TestBase -- Start test: [registerNewFirmaWithValidDataPositive]
335815 [Test worker] INFO  allcom.tests.TestBase -- PASSED: [registerNewFirmaWithValidDataPositive], with Parameters: [John, Doe, johndoe@example.com, 4934567894, Test!123, Test!123, ACME Corp, Manager, 123456789012, 12345, Berlin, Berliner Strasse, 42A]
335815 [Test worker] INFO  allcom.tests.TestBase -- Start test: [registerNewFirmaWithValidDataPositive]
338601 [Test worker] INFO  allcom.tests.TestBase -- PASSED: [registerNewFirmaWithValidDataPositive], with Parameters: [Jane, Smith, janesmith@example.com, 9876545321, Demo@Pass2022, Demo@Pass2022, XYZ Ltd, Engineer, 987654321098, 54321, Hamburg, Hauptstrasse, 17B]
338601 [Test worker] INFO  allcom.tests.TestBase -- Start test: [registerNewFirmaWithValidDataPositive]
341449 [Test worker] INFO  allcom.tests.TestBase -- PASSED: [registerNewFirmaWithValidDataPositive], with Parameters: [Alice, Johnson, alicejohnson@example.com, 4556789012, Secure@Pwd567, Secure@Pwd567, QuickFix Inc, Developer, 654321098765, 67890, Munich, Muenchner Weg, 99C]
341449 [Test worker] INFO  allcom.tests.TestBase -- Start test: [registerNewFirmaWithValidDataPositive]
344369 [Test worker] INFO  allcom.tests.TestBase -- PASSED: [registerNewFirmaWithValidDataPositive], with Parameters: [Bob, Miller, bobmiller@example.com, 7890123545, Test@Pass789, Test@Pass789, Sprint Systems, Analyst, 210987654321, 98765, Stuttgart, Stuttgarter Allee, 12D]
344369 [Test worker] INFO  allcom.tests.TestBase -- Start test: [registerNewFirmaWithValidDataPositive]
347269 [Test worker] INFO  allcom.tests.TestBase -- PASSED: [registerNewFirmaWithValidDataPositive], with Parameters: [Charlie, Brown, charliebrown@example.com, 3210958765, Awesome!12345, Awesome!12345, InnoTech Solutions, Designer, 543210987654, 34567, Frankfurt, Frankfurte Ring, 7E]
347270 [Test worker] INFO  allcom.tests.TestBase -- Start test: [registerNewFirmaWithValidDataPositive]
350113 [Test worker] INFO  allcom.tests.TestBase -- PASSED: [registerNewFirmaWithValidDataPositive], with Parameters: [Eva, Clark, evaclark@example.com, 6543210958, Dummy@Pass456, Dummy@Pass456, SmartGrid GmbH, Manager, 109876543210, 87654, Dusseldorf, Duesseldorfer Platz, 23F]
350114 [Test worker] INFO  allcom.tests.TestBase -- Start test: [registerNewFirmaWithValidDataPositive]
353018 [Test worker] INFO  allcom.tests.TestBase -- PASSED: [registerNewFirmaWithValidDataPositive], with Parameters: [David, Williams, davidwilliams@example.com, 25109876554, Explore@Test789, Explore@Test789, TechPro GmbH, Engineer, 987654321012, 43210, Leipzig, Leipziger Strasse, 56G]
353018 [Test worker] INFO  allcom.tests.TestBase -- Start test: [registerNewFirmaWithValidDataPositive]
355890 [Test worker] INFO  allcom.tests.TestBase -- PASSED: [registerNewFirmaWithValidDataPositive], with Parameters: [Olivia, Jones, oliviajones@example.com, 54321509875, Beta@UserPass!33, Beta@UserPass!33, InnovaCorp AG, Analyst, 876543210987, 21098, Hannover, Hannoveraner Weg, 78H]
355890 [Test worker] INFO  allcom.tests.TestBase -- Start test: [registerNewFirmaWithValidDataPositive]
358794 [Test worker] INFO  allcom.tests.TestBase -- PASSED: [registerNewFirmaWithValidDataPositive], with Parameters: [Michael, Smith, michaelsmith@example.com, 8765543210, Verify@Pass2022, Verify@Pass2022, FirmTech Solutions, Developer, 109876543210, 76543, Cologne, Koelner Gasse, 34I]
358795 [Test worker] INFO  allcom.tests.TestBase -- Start test: [registerNewFirmaWithValidDataPositive]
361743 [Test worker] INFO  allcom.tests.TestBase -- PASSED: [registerNewFirmaWithValidDataPositive], with Parameters: [Sophie, Anderson, sophieanderson@example.com, 1095876543, Happy@Testing!333, Happy@Testing!333, DataFlow Systems, Designer, 321098765, 54321, Berlin, Berliner Strasse, 42A]
361743 [Test worker] INFO  allcom.tests.TestBase -- Start test: [registerNewFirmaWithValidDataPositive]
364571 [Test worker] INFO  allcom.tests.TestBase -- PASSED: [registerNewFirmaWithValidDataPositive], with Parameters: [Alex, White, alexwhite@example.com, 9876543521, Pass@123, Pass@123, GlobalTech Ltd, Manager, 123456789012, 12345, Hamburg, Hauptstrasse, 17B]
364571 [Test worker] INFO  allcom.tests.TestBase -- Start test: [registerNewFirmaWithValidDataPositive]
367448 [Test worker] INFO  allcom.tests.TestBase -- PASSED: [registerNewFirmaWithValidDataPositive], with Parameters: [Emma, Taylor, emataylor@example.com, 6543251098, Test@456, Test@456, BlueSky Inc, Engineer, 987654321098, 54321, Munich, Muenchner Weg, 99C]
367448 [Test worker] INFO  allcom.tests.TestBase -- Start test: [registerNewFirmaWithValidDataPositive]
370307 [Test worker] INFO  allcom.tests.TestBase -- PASSED: [registerNewFirmaWithValidDataPositive], with Parameters: [Daniel, Baker, danielbaker@example.com, 3251098765, Secure@789, Secure@789, SmartBuild Solutions, Developer, 654321098765, 67890, Stuttgart, Stuttgarter Allee, 12D]
370308 [Test worker] INFO  allcom.tests.TestBase -- Start test: [registerNewFirmaWithValidDataPositive]
373293 [Test worker] INFO  allcom.tests.TestBase -- PASSED: [registerNewFirmaWithValidDataPositive], with Parameters: [Grace, Turner, graceturner@example.com, 7859012345, Pass!2022, Pass!2022, FastTech Systems, Analyst, 210987654321, 98765, Frankfurt, Frankfurter Ring, 7E]
373293 [Test worker] INFO  allcom.tests.TestBase -- Start test: [registerNewFirmaWithValidDataPositive]
376228 [Test worker] INFO  allcom.tests.TestBase -- PASSED: [registerNewFirmaWithValidDataPositive], with Parameters: [Oliver, Hall, oliverhall@example.com, 2109587654, Explore@2023, Explore@2023, TechGenius GmbH, Engineer, 987654321012, 43210, Dusseldorf, Duesseldorfer Platz, 23F]
376228 [Test worker] INFO  allcom.tests.TestBase -- Start test: [registerNewFirmaWithValidDataPositive]
379323 [Test worker] INFO  allcom.tests.TestBase -- PASSED: [registerNewFirmaWithValidDataPositive], with Parameters: [Mia, Wilson, miawilson@example.com, 5432105987, Beta@Tester!33, Beta@Tester!33, InnoSoft AG, Analyst, 876543210987, 21098, Leipzig, Leipziger Strasse, 56G]
379323 [Test worker] INFO  allcom.tests.TestBase -- Start test: [registerNewFirmaWithValidDataPositive]
382175 [Test worker] INFO  allcom.tests.TestBase -- PASSED: [registerNewFirmaWithValidDataPositive], with Parameters: [Sophia, Moore, sophiamoore@example.com, 8756543210, Verify@4567, Verify@4567, SmartData Solutions, Developer, 109876543210, 76543, Hannover, Hannoveraner Weg, 78H]
382175 [Test worker] INFO  allcom.tests.TestBase -- Start test: [registerNewFirmaWithValidDataPositive]
384980 [Test worker] INFO  allcom.tests.TestBase -- PASSED: [registerNewFirmaWithValidDataPositive], with Parameters: [Liam, Carter, liamcarter@example.com, 1098576543, Happy@2023, Happy@2023, FutureTech Corp, Designer, 321098765, 54321, Cologne, Koelner Gasse, 4I]
384980 [Test worker] INFO  allcom.tests.TestBase -- Start test: [registerNewFirmaWithValidDataPositive]
387816 [Test worker] INFO  allcom.tests.TestBase -- PASSED: [registerNewFirmaWithValidDataPositive], with Parameters: [Ava, Martin, avamartin@example.com, 7654325109, Test@12345, Test@12345, DataInnovate GmbH, Manager, 123456789012, 12345, Berlin, Berliner Strasse, 42A]
387816 [Test worker] INFO  allcom.tests.TestBase -- Start test: [registerNewFirmaWithValidDataPositive]
390627 [Test worker] INFO  allcom.tests.TestBase -- PASSED: [registerNewFirmaWithValidDataPositive], with Parameters: [Lucas, Harris, lucasharris@example.com, 98576543210, Pass@2022, Pass@2022, GlobalSoft Ltd, Engineer, 987654321098, 54321, Hamburg, Hauptstrasse, 17B]
390627 [Test worker] INFO  allcom.tests.TestBase -- Start test: [registerNewFirmaWithValidDataPositive]
393470 [Test worker] INFO  allcom.tests.TestBase -- PASSED: [registerNewFirmaWithValidDataPositive], with Parameters: [Ella, Cooper, ellacooper@example.com, 8765432109, Secure@1234, Secure@1234, BlueWave Inc, Developer, 654321098765, 67890, Munich, Muenchner Weg, 99C]
393470 [Test worker] INFO  allcom.tests.TestBase -- Start test: [registerNewFirmaWithValidDataPositive]
396349 [Test worker] INFO  allcom.tests.TestBase -- PASSED: [registerNewFirmaWithValidDataPositive], with Parameters: [Jackson, Fisher, jacksonfisher@example.com, 7654321098, Test@5678, Test@5678, SmartTech Solutions, Analyst, 210987654321, 98765, Stuttgart, Stuttgarter Allee, 12D]
396349 [Test worker] INFO  allcom.tests.TestBase -- Start test: [registerNewFirmaWithValidDataPositive]
399210 [Test worker] INFO  allcom.tests.TestBase -- PASSED: [registerNewFirmaWithValidDataPositive], with Parameters: [Isabella, Clark, isabellaclark@example.com, 10987654321, Awesome@2022, Awesome@2022, InnoConnect GmbH, Designer, 543210987654, 34567, Frankfurt, Frankfurter Ring, 7E]
399210 [Test worker] INFO  allcom.tests.TestBase -- Start test: [registerNewFirmaWithValidDataPositive]
402028 [Test worker] INFO  allcom.tests.TestBase -- PASSED: [registerNewFirmaWithValidDataPositive], with Parameters: [Leo, Ward, leoward@example.com, 87654321098, Dummy@4567, Dummy@4567, FutureBuild Systems, Manager, 109876543210, 87654, Dusseldorf, Duesseldorfer Platz, 23F]
402028 [Test worker] INFO  allcom.tests.TestBase -- Start test: [registerNewFirmaWithValidDataPositive]
404979 [Test worker] INFO  allcom.tests.TestBase -- PASSED: [registerNewFirmaWithValidDataPositive], with Parameters: [Aria, Martin, ariamartin@example.com, 10987654321, Explore@Tester!33, Explore@Tester!33, DataScape AG, Engineer, 987654321012, 43210, Leipzig, Leipziger Strasse, 56G]
404979 [Test worker] INFO  allcom.tests.TestBase -- Start test: [registerNewFirmaWithValidDataPositive]
407858 [Test worker] INFO  allcom.tests.TestBase -- PASSED: [registerNewFirmaWithValidDataPositive], with Parameters: [Oliver, Adams, oliveradams@example.com, 7654321098, Beta@Tester456, Beta@Tester456, InnoWave Corp, Analyst, 876543210987, 21098, Hannover, Hannoveraner Weg, 8H]
407859 [Test worker] INFO  allcom.tests.TestBase -- Start test: [registerNewFirmaWithValidDataPositive]
410757 [Test worker] INFO  allcom.tests.TestBase -- PASSED: [registerNewFirmaWithValidDataPositive], with Parameters: [Liam, Grey, liamgrey@example.com, 10987654321, Verify@Tester2022, Verify@Tester2022, SmartMind Solutions, Developer, 109876543210, 76543, Cologne, Koelner Gasse, 34I]
410757 [Test worker] INFO  allcom.tests.TestBase -- Start test: [registerNewFirmaWithValidDataPositive]
413616 [Test worker] INFO  allcom.tests.TestBase -- PASSED: [registerNewFirmaWithValidDataPositive], with Parameters: [Zoe, Turner, zoeturner@example.com, 76543210987, Happy@Tester2022, Happy@Tester2022, FutureTech Innovations, Designer, 32109876576, 54321, Berlin, Berliner Strasse, 42A]
413616 [Test worker] INFO  allcom.tests.TestBase -- Start test: [registerNewFirmaWithValidDataPositive]
416512 [Test worker] INFO  allcom.tests.TestBase -- PASSED: [registerNewFirmaWithValidDataPositive], with Parameters: [Ethan, Williams, ethanwilliams@example.com, 10987654321, Test@Tester123, Test@Tester123, GlobalInnovate GmbH, Manager, 123456789012, 12345, Hamburg, Hauptstrasse, 17B]
416512 [Test worker] INFO  allcom.tests.TestBase -- Start test: [registerNewFirmaWithValidDataPositive]
419348 [Test worker] INFO  allcom.tests.TestBase -- PASSED: [registerNewFirmaWithValidDataPositive], with Parameters: [Luna, Knight, lunaknight@example.com, 87654321098, Pass@Tester2022, Pass@Tester2022, BlueTech Ltd, Engineer, 987654321098, 54321, Munich, Muenchner Weg, 99C]
419348 [Test worker] INFO  allcom.tests.TestBase -- Start test: [registerNewFirmaWithValidDataPositive]
422454 [Test worker] INFO  allcom.tests.TestBase -- PASSED: [registerNewFirmaWithValidDataPositive], with Parameters: [Nikolay, Kotenko, nikolenkotenikolenkotenikolenkotenikolenkotenikolenkotenikolenk@gmail.com, 87654321098, Explore@Tester!33, Explore@Tester!33, DataScape AG, Analyst, 109876543210, 43210, Cologne, Koelner Gasse, 17B]
422454 [Test worker] INFO  allcom.tests.TestBase -- Start test: [registerNewFirmaWithValidDataPositive]
425693 [Test worker] INFO  allcom.tests.TestBase -- PASSED: [registerNewFirmaWithValidDataPositive], with Parameters: [Gmail, Kotenko, nikolenkotenikolenkotenikolenkotenikolenkotenikolenkotenikolenk@gmailgmailgmailgmailgmailgmailgmailgmailgmailgmailgmailgmailgma.com, 87654321098, Pass@Tester2022, Pass@Tester2022, FutureTech Innovations, Designer, 543210987654, 76543, Munich, Duesseldorfer Platz, #45]
425694 [Test worker] INFO  allcom.tests.TestBase -- Start test: [registerNewFirmaWithValidRandomDataPositive]
428742 [Test worker] INFO  allcom.tests.TestBase -- PASSED: [registerNewFirmaWithValidRandomDataPositive], with Parameters: []
428742 [Test worker] INFO  allcom.tests.TestBase -- Start test: [registerNewFirmaWithValidRandomDataPositive]
431822 [Test worker] INFO  allcom.tests.TestBase -- PASSED: [registerNewFirmaWithValidRandomDataPositive], with Parameters: []
431823 [Test worker] INFO  allcom.tests.TestBase -- Start test: [registerNewFirmaWithValidRandomDataPositive]
434899 [Test worker] INFO  allcom.tests.TestBase -- PASSED: [registerNewFirmaWithValidRandomDataPositive], with Parameters: []
434900 [Test worker] INFO  allcom.tests.TestBase -- Start test: [registerNewFirmaWithValidRandomDataPositive]
437914 [Test worker] INFO  allcom.tests.TestBase -- PASSED: [registerNewFirmaWithValidRandomDataPositive], with Parameters: []
437915 [Test worker] INFO  allcom.tests.TestBase -- Start test: [registerNewFirmaWithValidRandomDataPositive]
440976 [Test worker] INFO  allcom.tests.TestBase -- PASSED: [registerNewFirmaWithValidRandomDataPositive], with Parameters: []
440976 [Test worker] INFO  allcom.tests.TestBase -- Start test: [registerNewFirmaWithValidRandomDataPositive]
443975 [Test worker] INFO  allcom.tests.TestBase -- PASSED: [registerNewFirmaWithValidRandomDataPositive], with Parameters: []
443976 [Test worker] INFO  allcom.tests.TestBase -- Start test: [registerNewFirmaWithValidRandomDataPositive]
447081 [Test worker] INFO  allcom.tests.TestBase -- PASSED: [registerNewFirmaWithValidRandomDataPositive], with Parameters: []
447082 [Test worker] INFO  allcom.tests.TestBase -- Start test: [registerNewFirmaWithValidRandomDataPositive]
450140 [Test worker] INFO  allcom.tests.TestBase -- PASSED: [registerNewFirmaWithValidRandomDataPositive], with Parameters: []
450140 [Test worker] INFO  allcom.tests.TestBase -- Start test: [registerNewFirmaWithValidRandomDataPositive]
453152 [Test worker] INFO  allcom.tests.TestBase -- PASSED: [registerNewFirmaWithValidRandomDataPositive], with Parameters: []
453152 [Test worker] INFO  allcom.tests.TestBase -- Start test: [registerNewFirmaWithValidRandomDataPositive]
456199 [Test worker] INFO  allcom.tests.TestBase -- PASSED: [registerNewFirmaWithValidRandomDataPositive], with Parameters: []
456199 [Test worker] INFO  allcom.tests.TestBase -- Start test: [registerNewFirmaWithValidRandomDataPositive]
459289 [Test worker] INFO  allcom.tests.TestBase -- PASSED: [registerNewFirmaWithValidRandomDataPositive], with Parameters: []
459290 [Test worker] INFO  allcom.tests.TestBase -- Start test: [registerNewFirmaWithValidRandomDataPositive]
462312 [Test worker] INFO  allcom.tests.TestBase -- PASSED: [registerNewFirmaWithValidRandomDataPositive], with Parameters: []
462313 [Test worker] INFO  allcom.tests.TestBase -- Start test: [registerNewFirmaWithValidRandomDataPositive]
465369 [Test worker] INFO  allcom.tests.TestBase -- PASSED: [registerNewFirmaWithValidRandomDataPositive], with Parameters: []
465370 [Test worker] INFO  allcom.tests.TestBase -- Start test: [registerNewFirmaWithValidRandomDataPositive]
468431 [Test worker] INFO  allcom.tests.TestBase -- PASSED: [registerNewFirmaWithValidRandomDataPositive], with Parameters: []
468431 [Test worker] INFO  allcom.tests.TestBase -- Start test: [registerNewFirmaWithValidRandomDataPositive]
471452 [Test worker] INFO  allcom.tests.TestBase -- PASSED: [registerNewFirmaWithValidRandomDataPositive], with Parameters: []
471452 [Test worker] INFO  allcom.tests.TestBase -- Start test: [registerNewFirmaWithValidRandomDataPositive]
474507 [Test worker] INFO  allcom.tests.TestBase -- PASSED: [registerNewFirmaWithValidRandomDataPositive], with Parameters: []
474507 [Test worker] INFO  allcom.tests.TestBase -- Start test: [registerNewFirmaWithValidRandomDataPositive]
477648 [Test worker] INFO  allcom.tests.TestBase -- PASSED: [registerNewFirmaWithValidRandomDataPositive], with Parameters: []
477649 [Test worker] INFO  allcom.tests.TestBase -- Start test: [registerNewFirmaWithValidRandomDataPositive]
480741 [Test worker] INFO  allcom.tests.TestBase -- PASSED: [registerNewFirmaWithValidRandomDataPositive], with Parameters: []
480741 [Test worker] INFO  allcom.tests.TestBase -- Start test: [registerNewFirmaWithValidRandomDataPositive]
483807 [Test worker] INFO  allcom.tests.TestBase -- PASSED: [registerNewFirmaWithValidRandomDataPositive], with Parameters: []
483807 [Test worker] INFO  allcom.tests.TestBase -- Start test: [registerNewFirmaWithValidRandomDataPositive]
486937 [Test worker] INFO  allcom.tests.TestBase -- PASSED: [registerNewFirmaWithValidRandomDataPositive], with Parameters: []
486937 [Test worker] INFO  allcom.tests.TestBase -- Start test: [registerNewFirmaWithValidRandomDataPositive]
489996 [Test worker] INFO  allcom.tests.TestBase -- PASSED: [registerNewFirmaWithValidRandomDataPositive], with Parameters: []
489996 [Test worker] INFO  allcom.tests.TestBase -- Start test: [registerNewFirmaWithValidRandomDataPositive]
493122 [Test worker] INFO  allcom.tests.TestBase -- PASSED: [registerNewFirmaWithValidRandomDataPositive], with Parameters: []
493123 [Test worker] INFO  allcom.tests.TestBase -- Start test: [registerNewFirmaWithValidRandomDataPositive]
496121 [Test worker] INFO  allcom.tests.TestBase -- PASSED: [registerNewFirmaWithValidRandomDataPositive], with Parameters: []
496121 [Test worker] INFO  allcom.tests.TestBase -- Start test: [registerNewFirmaWithValidRandomDataPositive]
499187 [Test worker] INFO  allcom.tests.TestBase -- PASSED: [registerNewFirmaWithValidRandomDataPositive], with Parameters: []
499187 [Test worker] INFO  allcom.tests.TestBase -- Start test: [registerNewFirmaWithValidRandomDataPositive]
502325 [Test worker] INFO  allcom.tests.TestBase -- PASSED: [registerNewFirmaWithValidRandomDataPositive], with Parameters: []
502326 [Test worker] INFO  allcom.tests.TestBase -- Start test: [registerNewFirmaWithValidRandomDataPositive]
505431 [Test worker] INFO  allcom.tests.TestBase -- PASSED: [registerNewFirmaWithValidRandomDataPositive], with Parameters: []
505431 [Test worker] INFO  allcom.tests.TestBase -- Start test: [registerNewFirmaWithValidRandomDataPositive]
508577 [Test worker] INFO  allcom.tests.TestBase -- PASSED: [registerNewFirmaWithValidRandomDataPositive], with Parameters: []
508577 [Test worker] INFO  allcom.tests.TestBase -- Start test: [registerNewFirmaWithValidRandomDataPositive]
511632 [Test worker] INFO  allcom.tests.TestBase -- PASSED: [registerNewFirmaWithValidRandomDataPositive], with Parameters: []
511633 [Test worker] INFO  allcom.tests.TestBase -- Start test: [registerNewFirmaWithValidRandomDataPositive]
514768 [Test worker] INFO  allcom.tests.TestBase -- PASSED: [registerNewFirmaWithValidRandomDataPositive], with Parameters: []
514769 [Test worker] INFO  allcom.tests.TestBase -- Start test: [registerNewFirmaWithValidRandomDataPositive]
517827 [Test worker] INFO  allcom.tests.TestBase -- PASSED: [registerNewFirmaWithValidRandomDataPositive], with Parameters: []
517828 [Test worker] INFO  allcom.tests.TestBase -- Start test: [registerNewUserWithValidDataPositive]
519535 [Test worker] INFO  allcom.tests.TestBase -- PASSED: [registerNewUserWithValidDataPositive], with Parameters: [John, Doe, johndoe@example.com, 4934567894, Test!123]
519535 [Test worker] INFO  allcom.tests.TestBase -- Start test: [registerNewUserWithValidDataPositive]
521257 [Test worker] INFO  allcom.tests.TestBase -- PASSED: [registerNewUserWithValidDataPositive], with Parameters: [Jane, Smith, janesmith@example.com, 9876545321, Demo@Pass2022]
521257 [Test worker] INFO  allcom.tests.TestBase -- Start test: [registerNewUserWithValidDataPositive]
523020 [Test worker] INFO  allcom.tests.TestBase -- PASSED: [registerNewUserWithValidDataPositive], with Parameters: [Alice, Johnson, alicejohnson@example.com, 4556789012, Secure@Pwd567]
523020 [Test worker] INFO  allcom.tests.TestBase -- Start test: [registerNewUserWithValidDataPositive]
524726 [Test worker] INFO  allcom.tests.TestBase -- PASSED: [registerNewUserWithValidDataPositive], with Parameters: [Bob, Miller, bobmiller@example.com, 7890123545, Test@Pass789]
524726 [Test worker] INFO  allcom.tests.TestBase -- Start test: [registerNewUserWithValidDataPositive]
526499 [Test worker] INFO  allcom.tests.TestBase -- PASSED: [registerNewUserWithValidDataPositive], with Parameters: [Charlie, Brown, charliebrown@example.com, 3210958765, Awesome!12345]
526499 [Test worker] INFO  allcom.tests.TestBase -- Start test: [registerNewUserWithValidDataPositive]
528201 [Test worker] INFO  allcom.tests.TestBase -- PASSED: [registerNewUserWithValidDataPositive], with Parameters: [Eva, Clark, evaclark@example.com, 6543210958, Dummy@Pass456]
528201 [Test worker] INFO  allcom.tests.TestBase -- Start test: [registerNewUserWithValidDataPositive]
529980 [Test worker] INFO  allcom.tests.TestBase -- PASSED: [registerNewUserWithValidDataPositive], with Parameters: [David, Williams, davidwilliams@example.com, 25109876554, Explore@Test789]
529980 [Test worker] INFO  allcom.tests.TestBase -- Start test: [registerNewUserWithValidDataPositive]
531733 [Test worker] INFO  allcom.tests.TestBase -- PASSED: [registerNewUserWithValidDataPositive], with Parameters: [Olivia, Jones, oliviajones@example.com, 54321509875, Beta@UserPass!33]
531733 [Test worker] INFO  allcom.tests.TestBase -- Start test: [registerNewUserWithValidDataPositive]
533461 [Test worker] INFO  allcom.tests.TestBase -- PASSED: [registerNewUserWithValidDataPositive], with Parameters: [Michael, Smith, michaelsmith@example.com, 8765543210, Verify@Pass2022]
533461 [Test worker] INFO  allcom.tests.TestBase -- Start test: [registerNewUserWithValidDataPositive]
535228 [Test worker] INFO  allcom.tests.TestBase -- PASSED: [registerNewUserWithValidDataPositive], with Parameters: [Sophie, Anderson, sophieanderson@example.com, 1095876543, Happy@Testing!333]
535229 [Test worker] INFO  allcom.tests.TestBase -- Start test: [registerNewUserWithValidDataPositive]
536947 [Test worker] INFO  allcom.tests.TestBase -- PASSED: [registerNewUserWithValidDataPositive], with Parameters: [Alex, White, alexwhite@example.com, 9876543521, Pass@123]
536947 [Test worker] INFO  allcom.tests.TestBase -- Start test: [registerNewUserWithValidDataPositive]
538795 [Test worker] INFO  allcom.tests.TestBase -- PASSED: [registerNewUserWithValidDataPositive], with Parameters: [Emma, Taylor, emataylor@example.com, 6543251098, Test@456]
538795 [Test worker] INFO  allcom.tests.TestBase -- Start test: [registerNewUserWithValidDataPositive]
540551 [Test worker] INFO  allcom.tests.TestBase -- PASSED: [registerNewUserWithValidDataPositive], with Parameters: [Daniel, Baker, danielbaker@example.com, 3251098765, Secure@789]
540551 [Test worker] INFO  allcom.tests.TestBase -- Start test: [registerNewUserWithValidDataPositive]
542292 [Test worker] INFO  allcom.tests.TestBase -- PASSED: [registerNewUserWithValidDataPositive], with Parameters: [Grace, Turner, graceturner@example.com, 7859012345, Pass!2022]
542292 [Test worker] INFO  allcom.tests.TestBase -- Start test: [registerNewUserWithValidDataPositive]
544022 [Test worker] INFO  allcom.tests.TestBase -- PASSED: [registerNewUserWithValidDataPositive], with Parameters: [Oliver, Hall, oliverhall@example.com, 2109587654, Explore@2023]
544022 [Test worker] INFO  allcom.tests.TestBase -- Start test: [registerNewUserWithValidDataPositive]
545824 [Test worker] INFO  allcom.tests.TestBase -- PASSED: [registerNewUserWithValidDataPositive], with Parameters: [Mia, Wilson, miawilson@example.com, 5432105987, Beta@Tester!33]
545824 [Test worker] INFO  allcom.tests.TestBase -- Start test: [registerNewUserWithValidDataPositive]
547603 [Test worker] INFO  allcom.tests.TestBase -- PASSED: [registerNewUserWithValidDataPositive], with Parameters: [Sophia, Moore, sophiamoore@example.com, 8756543210, Verify@4567]
547603 [Test worker] INFO  allcom.tests.TestBase -- Start test: [registerNewUserWithValidDataPositive]
549406 [Test worker] INFO  allcom.tests.TestBase -- PASSED: [registerNewUserWithValidDataPositive], with Parameters: [Liam, Carter, liamcarter@example.com, 1098576543, Happy@2023]
549407 [Test worker] INFO  allcom.tests.TestBase -- Start test: [registerNewUserWithValidDataPositive]
551125 [Test worker] INFO  allcom.tests.TestBase -- PASSED: [registerNewUserWithValidDataPositive], with Parameters: [Ava, Martin, avamartin@example.com, 7654325109, Test@12345]
551125 [Test worker] INFO  allcom.tests.TestBase -- Start test: [registerNewUserWithValidDataPositive]
552900 [Test worker] INFO  allcom.tests.TestBase -- PASSED: [registerNewUserWithValidDataPositive], with Parameters: [Lucas, Harris, lucasharris@example.com, 98576543210, Pass@2022]
552900 [Test worker] INFO  allcom.tests.TestBase -- Start test: [registerNewUserWithValidDataPositive]
554641 [Test worker] INFO  allcom.tests.TestBase -- PASSED: [registerNewUserWithValidDataPositive], with Parameters: [Ella, Cooper, ellacooper@example.com, 8765432109, Secure@1234]
554642 [Test worker] INFO  allcom.tests.TestBase -- Start test: [registerNewUserWithValidDataPositive]
556393 [Test worker] INFO  allcom.tests.TestBase -- PASSED: [registerNewUserWithValidDataPositive], with Parameters: [Jackson, Fisher, jacksonfisher@example.com, 7654321098, Test@5678]
556393 [Test worker] INFO  allcom.tests.TestBase -- Start test: [registerNewUserWithValidDataPositive]
558164 [Test worker] INFO  allcom.tests.TestBase -- PASSED: [registerNewUserWithValidDataPositive], with Parameters: [Isabella, Clark, isabellaclark@example.com, 10987654321, Awesome@2022]
558164 [Test worker] INFO  allcom.tests.TestBase -- Start test: [registerNewUserWithValidDataPositive]
559917 [Test worker] INFO  allcom.tests.TestBase -- PASSED: [registerNewUserWithValidDataPositive], with Parameters: [Leo, Ward, leoward@example.com, 87654321098, Dummy@4567]
559917 [Test worker] INFO  allcom.tests.TestBase -- Start test: [registerNewUserWithValidDataPositive]
561914 [Test worker] INFO  allcom.tests.TestBase -- PASSED: [registerNewUserWithValidDataPositive], with Parameters: [Aria, Martin, ariamartin@example.com, 10987654321, Explore@Tester!33]
561914 [Test worker] INFO  allcom.tests.TestBase -- Start test: [registerNewUserWithValidDataPositive]
563667 [Test worker] INFO  allcom.tests.TestBase -- PASSED: [registerNewUserWithValidDataPositive], with Parameters: [Oliver, Adams, oliveradams@example.com, 7654321098, Beta@Tester456]
563667 [Test worker] INFO  allcom.tests.TestBase -- Start test: [registerNewUserWithValidDataPositive]
565418 [Test worker] INFO  allcom.tests.TestBase -- PASSED: [registerNewUserWithValidDataPositive], with Parameters: [Liam, Grey, liamgrey@example.com, 10987654321, Verify@Tester2022]
565418 [Test worker] INFO  allcom.tests.TestBase -- Start test: [registerNewUserWithValidDataPositive]
567172 [Test worker] INFO  allcom.tests.TestBase -- PASSED: [registerNewUserWithValidDataPositive], with Parameters: [Zoe, Turner, zoeturner@example.com, 76543210987, Happy@Tester2022]
567173 [Test worker] INFO  allcom.tests.TestBase -- Start test: [registerNewUserWithValidDataPositive]
569039 [Test worker] INFO  allcom.tests.TestBase -- PASSED: [registerNewUserWithValidDataPositive], with Parameters: [Ethan, Williams, ethanwilliams@example.com, 10987654321, Test@Tester123]
569039 [Test worker] INFO  allcom.tests.TestBase -- Start test: [registerNewUserWithValidDataPositive]
570848 [Test worker] INFO  allcom.tests.TestBase -- PASSED: [registerNewUserWithValidDataPositive], with Parameters: [Luna, Knight, lunaknight@example.com, 87654321098, Pass@Tester2022]
570848 [Test worker] INFO  allcom.tests.TestBase -- Start test: [registerNewUserWithValidDataPositive]
572804 [Test worker] INFO  allcom.tests.TestBase -- PASSED: [registerNewUserWithValidDataPositive], with Parameters: [Nikolay, Kotenko, nikolenkotenikolenkotenikolenkotenikolenkotenikolenkotenikolenk@gmail.com, 4567894012, secureusersecureuserD@User202]
572804 [Test worker] INFO  allcom.tests.TestBase -- Start test: [registerNewUserWithValidDataPositive]
575618 [Test worker] INFO  allcom.tests.TestBase -- PASSED: [registerNewUserWithValidDataPositive], with Parameters: [Gmail, Kotenko, nikolenkotenikolenkotenikolenkotenikolenkotenikolenkotenikolenk@gmailgmailgmailgmailgmailgmailgmailgmailgmailgmailgmailgmailgma.com, 3210948765, ecureusersecureuserecureusersecureuserecureusersecureuserecureusersecureuserecureusersecureuserecureusersecureuserecureusersecureuserecureusersecureuserecureusersecureuserecureusersecureuserecureusersecureusaD@User2022]
575619 [Test worker] INFO  allcom.tests.TestBase -- Start test: [registerNewUserWithValidRandomDataPositive]
577586 [Test worker] INFO  allcom.tests.TestBase -- PASSED: [registerNewUserWithValidRandomDataPositive], with Parameters: []
577586 [Test worker] INFO  allcom.tests.TestBase -- Start test: [registerNewUserWithValidRandomDataPositive]
579460 [Test worker] INFO  allcom.tests.TestBase -- PASSED: [registerNewUserWithValidRandomDataPositive], with Parameters: []
579460 [Test worker] INFO  allcom.tests.TestBase -- Start test: [registerNewUserWithValidRandomDataPositive]
581315 [Test worker] INFO  allcom.tests.TestBase -- PASSED: [registerNewUserWithValidRandomDataPositive], with Parameters: []
581316 [Test worker] INFO  allcom.tests.TestBase -- Start test: [registerNewUserWithValidRandomDataPositive]
583165 [Test worker] INFO  allcom.tests.TestBase -- PASSED: [registerNewUserWithValidRandomDataPositive], with Parameters: []
583166 [Test worker] INFO  allcom.tests.TestBase -- Start test: [registerNewUserWithValidRandomDataPositive]
585030 [Test worker] INFO  allcom.tests.TestBase -- PASSED: [registerNewUserWithValidRandomDataPositive], with Parameters: []
585030 [Test worker] INFO  allcom.tests.TestBase -- Start test: [registerNewUserWithValidRandomDataPositive]
586852 [Test worker] INFO  allcom.tests.TestBase -- PASSED: [registerNewUserWithValidRandomDataPositive], with Parameters: []
586852 [Test worker] INFO  allcom.tests.TestBase -- Start test: [registerNewUserWithValidRandomDataPositive]
588687 [Test worker] INFO  allcom.tests.TestBase -- PASSED: [registerNewUserWithValidRandomDataPositive], with Parameters: []
588687 [Test worker] INFO  allcom.tests.TestBase -- Start test: [registerNewUserWithValidRandomDataPositive]
590547 [Test worker] INFO  allcom.tests.TestBase -- PASSED: [registerNewUserWithValidRandomDataPositive], with Parameters: []
590548 [Test worker] INFO  allcom.tests.TestBase -- Start test: [registerNewUserWithValidRandomDataPositive]
592401 [Test worker] INFO  allcom.tests.TestBase -- PASSED: [registerNewUserWithValidRandomDataPositive], with Parameters: []
592401 [Test worker] INFO  allcom.tests.TestBase -- Start test: [registerNewUserWithValidRandomDataPositive]
594405 [Test worker] INFO  allcom.tests.TestBase -- PASSED: [registerNewUserWithValidRandomDataPositive], with Parameters: []
594405 [Test worker] INFO  allcom.tests.TestBase -- Start test: [registerNewUserWithValidRandomDataPositive]
596260 [Test worker] INFO  allcom.tests.TestBase -- PASSED: [registerNewUserWithValidRandomDataPositive], with Parameters: []
596260 [Test worker] INFO  allcom.tests.TestBase -- Start test: [registerNewUserWithValidRandomDataPositive]
598149 [Test worker] INFO  allcom.tests.TestBase -- PASSED: [registerNewUserWithValidRandomDataPositive], with Parameters: []
598149 [Test worker] INFO  allcom.tests.TestBase -- Start test: [registerNewUserWithValidRandomDataPositive]
600005 [Test worker] INFO  allcom.tests.TestBase -- PASSED: [registerNewUserWithValidRandomDataPositive], with Parameters: []
600005 [Test worker] INFO  allcom.tests.TestBase -- Start test: [registerNewUserWithValidRandomDataPositive]
601891 [Test worker] INFO  allcom.tests.TestBase -- PASSED: [registerNewUserWithValidRandomDataPositive], with Parameters: []
601891 [Test worker] INFO  allcom.tests.TestBase -- Start test: [registerNewUserWithValidRandomDataPositive]
603742 [Test worker] INFO  allcom.tests.TestBase -- PASSED: [registerNewUserWithValidRandomDataPositive], with Parameters: []
603742 [Test worker] INFO  allcom.tests.TestBase -- Start test: [registerNewUserWithValidRandomDataPositive]
605605 [Test worker] INFO  allcom.tests.TestBase -- PASSED: [registerNewUserWithValidRandomDataPositive], with Parameters: []
605606 [Test worker] INFO  allcom.tests.TestBase -- Start test: [registerNewUserWithValidRandomDataPositive]
607538 [Test worker] INFO  allcom.tests.TestBase -- PASSED: [registerNewUserWithValidRandomDataPositive], with Parameters: []
607538 [Test worker] INFO  allcom.tests.TestBase -- Start test: [registerNewUserWithValidRandomDataPositive]
609429 [Test worker] INFO  allcom.tests.TestBase -- PASSED: [registerNewUserWithValidRandomDataPositive], with Parameters: []
609429 [Test worker] INFO  allcom.tests.TestBase -- Start test: [registerNewUserWithValidRandomDataPositive]
611257 [Test worker] INFO  allcom.tests.TestBase -- PASSED: [registerNewUserWithValidRandomDataPositive], with Parameters: []
611257 [Test worker] INFO  allcom.tests.TestBase -- Start test: [registerNewUserWithValidRandomDataPositive]
613111 [Test worker] INFO  allcom.tests.TestBase -- PASSED: [registerNewUserWithValidRandomDataPositive], with Parameters: []
613112 [Test worker] INFO  allcom.tests.TestBase -- Start test: [registerNewUserWithValidRandomDataPositive]
614951 [Test worker] INFO  allcom.tests.TestBase -- PASSED: [registerNewUserWithValidRandomDataPositive], with Parameters: []
614952 [Test worker] INFO  allcom.tests.TestBase -- Start test: [registerNewUserWithValidRandomDataPositive]
616832 [Test worker] INFO  allcom.tests.TestBase -- PASSED: [registerNewUserWithValidRandomDataPositive], with Parameters: []
616832 [Test worker] INFO  allcom.tests.TestBase -- Start test: [registerNewUserWithValidRandomDataPositive]
618740 [Test worker] INFO  allcom.tests.TestBase -- PASSED: [registerNewUserWithValidRandomDataPositive], with Parameters: []
618740 [Test worker] INFO  allcom.tests.TestBase -- Start test: [registerNewUserWithValidRandomDataPositive]
620656 [Test worker] INFO  allcom.tests.TestBase -- PASSED: [registerNewUserWithValidRandomDataPositive], with Parameters: []
620656 [Test worker] INFO  allcom.tests.TestBase -- Start test: [registerNewUserWithValidRandomDataPositive]
622546 [Test worker] INFO  allcom.tests.TestBase -- PASSED: [registerNewUserWithValidRandomDataPositive], with Parameters: []
622547 [Test worker] INFO  allcom.tests.TestBase -- Start test: [registerNewUserWithValidRandomDataPositive]
624422 [Test worker] INFO  allcom.tests.TestBase -- PASSED: [registerNewUserWithValidRandomDataPositive], with Parameters: []
624423 [Test worker] INFO  allcom.tests.TestBase -- Start test: [registerNewUserWithValidRandomDataPositive]
626326 [Test worker] INFO  allcom.tests.TestBase -- PASSED: [registerNewUserWithValidRandomDataPositive], with Parameters: []
626326 [Test worker] INFO  allcom.tests.TestBase -- Start test: [registerNewUserWithValidRandomDataPositive]
628210 [Test worker] INFO  allcom.tests.TestBase -- PASSED: [registerNewUserWithValidRandomDataPositive], with Parameters: []
628210 [Test worker] INFO  allcom.tests.TestBase -- Start test: [registerNewUserWithValidRandomDataPositive]
630084 [Test worker] INFO  allcom.tests.TestBase -- PASSED: [registerNewUserWithValidRandomDataPositive], with Parameters: []
630084 [Test worker] INFO  allcom.tests.TestBase -- Start test: [registerNewUserWithValidRandomDataPositive]
631965 [Test worker] INFO  allcom.tests.TestBase -- PASSED: [registerNewUserWithValidRandomDataPositive], with Parameters: []
631965 [Test worker] INFO  allcom.tests.TestBase -- Start test: [validateComparePasswordsEqualityPositiveData]
633105 [Test worker] INFO  allcom.tests.TestBase -- PASSED: [validateComparePasswordsEqualityPositiveData], with Parameters: []
