2975 [Test worker] INFO  allcom.tests.TestBase -- Start test: [clickAboutUsLink]
3252 [Test worker] INFO  allcom.tests.TestBase -- PASSED: [clickAboutUsLink], with Parameters: []
3254 [Test worker] INFO  allcom.tests.TestBase -- Start test: [clickAllcomBottomLink]
3423 [Test worker] INFO  allcom.tests.TestBase -- PASSED: [clickAllcomBottomLink], with Parameters: []
3425 [Test worker] INFO  allcom.tests.TestBase -- Start test: [clickContactLink]
3641 [Test worker] INFO  allcom.tests.TestBase -- PASSED: [clickContactLink], with Parameters: []
3642 [Test worker] INFO  allcom.tests.TestBase -- Start test: [clickFacebookLink]
4096 [Test worker] ERROR allcom.tests.TestBase -- ERROR FAILED TEST: [clickFacebookLink], with Parameters: []
4097 [Test worker] ERROR allcom.tests.TestBase -- ERROR TEST MESSAGE: Current page status does not match the expected status expected [true] but found [false]
4383 [Test worker] ERROR allcom.tests.TestBase -- ERROR TEST SCREENSHOT: C:\Users\PORTISHEAD\Desktop\ALLCOM\allcom_qa\src\screenshots\screenshot_error_139028.png
4384 [Test worker] INFO  allcom.tests.TestBase -- [==================================================================================================]
4385 [Test worker] INFO  allcom.tests.TestBase -- Start test: [clickFavoritesAuctionsLink]
4618 [Test worker] INFO  allcom.tests.TestBase -- PASSED: [clickFavoritesAuctionsLink], with Parameters: []
4619 [Test worker] INFO  allcom.tests.TestBase -- Start test: [clickInstagramLink]
5114 [Test worker] ERROR allcom.tests.TestBase -- ERROR FAILED TEST: [clickInstagramLink], with Parameters: []
5114 [Test worker] ERROR allcom.tests.TestBase -- ERROR TEST MESSAGE: Current page status does not match the expected status expected [true] but found [false]
5347 [Test worker] ERROR allcom.tests.TestBase -- ERROR TEST SCREENSHOT: C:\Users\PORTISHEAD\Desktop\ALLCOM\allcom_qa\src\screenshots\screenshot_error_139038.png
5347 [Test worker] INFO  allcom.tests.TestBase -- [==================================================================================================]
5348 [Test worker] INFO  allcom.tests.TestBase -- Start test: [clickLoginLink]
5580 [Test worker] INFO  allcom.tests.TestBase -- PASSED: [clickLoginLink], with Parameters: []
5581 [Test worker] INFO  allcom.tests.TestBase -- Start test: [clickMyAccountLink]
5803 [Test worker] INFO  allcom.tests.TestBase -- PASSED: [clickMyAccountLink], with Parameters: []
5804 [Test worker] INFO  allcom.tests.TestBase -- Start test: [clickMyAuctionsLink]
6027 [Test worker] INFO  allcom.tests.TestBase -- PASSED: [clickMyAuctionsLink], with Parameters: []
6028 [Test worker] INFO  allcom.tests.TestBase -- Start test: [clickPortfolioLink]
6268 [Test worker] INFO  allcom.tests.TestBase -- PASSED: [clickPortfolioLink], with Parameters: []
6269 [Test worker] INFO  allcom.tests.TestBase -- Start test: [clickPrivacyPolicyLink]
6521 [Test worker] INFO  allcom.tests.TestBase -- PASSED: [clickPrivacyPolicyLink], with Parameters: []
6522 [Test worker] INFO  allcom.tests.TestBase -- Start test: [clickRegisterLink]
6770 [Test worker] INFO  allcom.tests.TestBase -- PASSED: [clickRegisterLink], with Parameters: []
6770 [Test worker] INFO  allcom.tests.TestBase -- Start test: [clickTwitterLink]
7496 [Test worker] ERROR allcom.tests.TestBase -- ERROR FAILED TEST: [clickTwitterLink], with Parameters: []
7497 [Test worker] ERROR allcom.tests.TestBase -- ERROR TEST MESSAGE: Current page status does not match the expected status expected [true] but found [false]
7708 [Test worker] ERROR allcom.tests.TestBase -- ERROR TEST SCREENSHOT: C:\Users\PORTISHEAD\Desktop\ALLCOM\allcom_qa\src\screenshots\screenshot_error_139062.png
7708 [Test worker] INFO  allcom.tests.TestBase -- [==================================================================================================]
7709 [Test worker] INFO  allcom.tests.TestBase -- Start test: [clickYoutubeLink]
8140 [Test worker] ERROR allcom.tests.TestBase -- ERROR FAILED TEST: [clickYoutubeLink], with Parameters: []
8140 [Test worker] ERROR allcom.tests.TestBase -- ERROR TEST MESSAGE: Current page status does not match the expected status expected [true] but found [false]
8328 [Test worker] ERROR allcom.tests.TestBase -- ERROR TEST SCREENSHOT: C:\Users\PORTISHEAD\Desktop\ALLCOM\allcom_qa\src\screenshots\screenshot_error_139068.png
8329 [Test worker] INFO  allcom.tests.TestBase -- [==================================================================================================]
