6654 [Test worker] INFO  allcom.tests.TestBase -- Start test: [aboutUsContentIsPresent]
6929 [Test worker] INFO  allcom.tests.TestBase -- PASSED: [aboutUsContentIsPresent], with Parameters: []
6930 [Test worker] INFO  allcom.tests.TestBase -- Start test: [aboutUsHeaderIsPresent]
7189 [Test worker] INFO  allcom.tests.TestBase -- PASSED: [aboutUsHeaderIsPresent], with Parameters: []
7191 [Test worker] INFO  allcom.tests.TestBase -- Start test: [aboutUsMapContainerIsPresent]
7368 [Test worker] INFO  allcom.tests.TestBase -- PASSED: [aboutUsMapContainerIsPresent], with Parameters: []
7371 [Test worker] INFO  allcom.tests.TestBase -- Start test: [allcomLogoIsPresent]
7483 [Test worker] INFO  allcom.tests.TestBase -- PASSED: [allcomLogoIsPresent], with Parameters: []
7485 [Test worker] INFO  allcom.tests.TestBase -- Start test: [clickAllcomLogoNavigatesToHomePage]
7874 [Test worker] INFO  allcom.tests.TestBase -- PASSED: [clickAllcomLogoNavigatesToHomePage], with Parameters: []
7875 [Test worker] INFO  allcom.tests.TestBase -- Start test: [allElementsAreKeyboardNavigable]
7984 [Test worker] ERROR allcom.tests.TestBase -- ERROR FAILED TEST: [allElementsAreKeyboardNavigable], with Parameters: []
7984 [Test worker] ERROR allcom.tests.TestBase -- ERROR TEST MESSAGE: null
8127 [Test worker] ERROR allcom.tests.TestBase -- ERROR TEST SCREENSHOT: C:\Users\PORTISHEAD\Desktop\ALLCOM\allcom_qa\src\screenshots\screenshot_error_201655.png
8127 [Test worker] INFO  allcom.tests.TestBase -- [==================================================================================================]
8128 [Test worker] INFO  allcom.tests.TestBase -- Start test: [allInteractiveElementsAreAccessible]
8243 [Test worker] ERROR allcom.tests.TestBase -- ERROR FAILED TEST: [allInteractiveElementsAreAccessible], with Parameters: []
8244 [Test worker] ERROR allcom.tests.TestBase -- ERROR TEST MESSAGE: null
8378 [Test worker] ERROR allcom.tests.TestBase -- ERROR TEST SCREENSHOT: C:\Users\PORTISHEAD\Desktop\ALLCOM\allcom_qa\src\screenshots\screenshot_error_201657.png
8378 [Test worker] INFO  allcom.tests.TestBase -- [==================================================================================================]
8379 [Test worker] INFO  allcom.tests.TestBase -- Start test: [cartTopIsPresent]
8507 [Test worker] INFO  allcom.tests.TestBase -- PASSED: [cartTopIsPresent], with Parameters: []
8508 [Test worker] INFO  allcom.tests.TestBase -- Start test: [clickCartTopNavigatesToCorrectPage]
8672 [Test worker] INFO  allcom.tests.TestBase -- PASSED: [clickCartTopNavigatesToCorrectPage], with Parameters: []
8672 [Test worker] INFO  allcom.tests.TestBase -- Start test: [clickMyAccountTopNavigatesToCorrectPage]
8840 [Test worker] INFO  allcom.tests.TestBase -- PASSED: [clickMyAccountTopNavigatesToCorrectPage], with Parameters: []
8841 [Test worker] INFO  allcom.tests.TestBase -- Start test: [clickWishlistTopNavigatesToCorrectPage]
8994 [Test worker] INFO  allcom.tests.TestBase -- PASSED: [clickWishlistTopNavigatesToCorrectPage], with Parameters: []
8994 [Test worker] INFO  allcom.tests.TestBase -- Start test: [myAccountTopIsPresent]
9099 [Test worker] INFO  allcom.tests.TestBase -- PASSED: [myAccountTopIsPresent], with Parameters: []
9099 [Test worker] INFO  allcom.tests.TestBase -- Start test: [textContrastIsReadable]
9208 [Test worker] ERROR allcom.tests.TestBase -- ERROR FAILED TEST: [textContrastIsReadable], with Parameters: []
9208 [Test worker] ERROR allcom.tests.TestBase -- ERROR TEST MESSAGE: null
9341 [Test worker] ERROR allcom.tests.TestBase -- ERROR TEST SCREENSHOT: C:\Users\PORTISHEAD\Desktop\ALLCOM\allcom_qa\src\screenshots\screenshot_error_201667.png
9341 [Test worker] INFO  allcom.tests.TestBase -- [==================================================================================================]
9342 [Test worker] INFO  allcom.tests.TestBase -- Start test: [wishlistTopIsPresent]
9466 [Test worker] INFO  allcom.tests.TestBase -- PASSED: [wishlistTopIsPresent], with Parameters: []
9467 [Test worker] INFO  allcom.tests.TestBase -- Start test: [searchBoxAcceptsLongInput]
9896 [Test worker] INFO  allcom.tests.TestBase -- PASSED: [searchBoxAcceptsLongInput], with Parameters: []
9897 [Test worker] INFO  allcom.tests.TestBase -- Start test: [searchBoxAcceptsSpecialCharacters]
10108 [Test worker] INFO  allcom.tests.TestBase -- PASSED: [searchBoxAcceptsSpecialCharacters], with Parameters: []
10109 [Test worker] INFO  allcom.tests.TestBase -- Start test: [searchBoxInputIsPresent]
10216 [Test worker] INFO  allcom.tests.TestBase -- PASSED: [searchBoxInputIsPresent], with Parameters: []
10228 [Test worker] INFO  allcom.tests.TestBase -- Start test: [searchBoxInputTest]
10445 [Test worker] INFO  allcom.tests.TestBase -- PASSED: [searchBoxInputTest], with Parameters: []
10446 [Test worker] INFO  allcom.tests.TestBase -- Start test: [searchBoxInputTest]
10650 [Test worker] INFO  allcom.tests.TestBase -- PASSED: [searchBoxInputTest], with Parameters: [ ]
10651 [Test worker] INFO  allcom.tests.TestBase -- Start test: [searchBoxInputTest]
10871 [Test worker] INFO  allcom.tests.TestBase -- PASSED: [searchBoxInputTest], with Parameters: [<script>]
10871 [Test worker] INFO  allcom.tests.TestBase -- Start test: [searchBoxInputTest]
11079 [Test worker] INFO  allcom.tests.TestBase -- PASSED: [searchBoxInputTest], with Parameters: [</script>]
11080 [Test worker] INFO  allcom.tests.TestBase -- Start test: [searchBoxInputTest]
11297 [Test worker] INFO  allcom.tests.TestBase -- PASSED: [searchBoxInputTest], with Parameters: [<script>]
11297 [Test worker] INFO  allcom.tests.TestBase -- Start test: [searchBoxInputTest]
11504 [Test worker] INFO  allcom.tests.TestBase -- PASSED: [searchBoxInputTest], with Parameters: [<img>]
11504 [Test worker] INFO  allcom.tests.TestBase -- Start test: [searchBoxInputTest]
11724 [Test worker] INFO  allcom.tests.TestBase -- PASSED: [searchBoxInputTest], with Parameters: [<div>]
11724 [Test worker] INFO  allcom.tests.TestBase -- Start test: [searchBoxInputTest]
11950 [Test worker] INFO  allcom.tests.TestBase -- PASSED: [searchBoxInputTest], with Parameters: [<iframe>]
11951 [Test worker] INFO  allcom.tests.TestBase -- Start test: [searchBoxInputTest]
12199 [Test worker] INFO  allcom.tests.TestBase -- PASSED: [searchBoxInputTest], with Parameters: [<input>]
12200 [Test worker] INFO  allcom.tests.TestBase -- Start test: [searchBoxInputTest]
12405 [Test worker] INFO  allcom.tests.TestBase -- PASSED: [searchBoxInputTest], with Parameters: [@@]
12405 [Test worker] INFO  allcom.tests.TestBase -- Start test: [searchBoxInputTest]
12624 [Test worker] INFO  allcom.tests.TestBase -- PASSED: [searchBoxInputTest], with Parameters: [char]
12624 [Test worker] INFO  allcom.tests.TestBase -- Start test: [searchBoxInputTest]
12831 [Test worker] INFO  allcom.tests.TestBase -- PASSED: [searchBoxInputTest], with Parameters: [nchar]
12831 [Test worker] INFO  allcom.tests.TestBase -- Start test: [searchBoxInputTest]
13033 [Test worker] INFO  allcom.tests.TestBase -- PASSED: [searchBoxInputTest], with Parameters: [varchar]
13033 [Test worker] INFO  allcom.tests.TestBase -- Start test: [searchBoxInputTest]
13275 [Test worker] INFO  allcom.tests.TestBase -- PASSED: [searchBoxInputTest], with Parameters: [nvarchar]
13275 [Test worker] INFO  allcom.tests.TestBase -- Start test: [searchBoxInputTest]
13501 [Test worker] INFO  allcom.tests.TestBase -- PASSED: [searchBoxInputTest], with Parameters: [alter]
13501 [Test worker] INFO  allcom.tests.TestBase -- Start test: [searchBoxInputTest]
13763 [Test worker] INFO  allcom.tests.TestBase -- PASSED: [searchBoxInputTest], with Parameters: [begin]
13765 [Test worker] INFO  allcom.tests.TestBase -- Start test: [searchBoxInputTest]
13972 [Test worker] INFO  allcom.tests.TestBase -- PASSED: [searchBoxInputTest], with Parameters: [cast]
13972 [Test worker] INFO  allcom.tests.TestBase -- Start test: [searchBoxInputTest]
14222 [Test worker] INFO  allcom.tests.TestBase -- PASSED: [searchBoxInputTest], with Parameters: [create]
14222 [Test worker] INFO  allcom.tests.TestBase -- Start test: [searchBoxInputTest]
14470 [Test worker] INFO  allcom.tests.TestBase -- PASSED: [searchBoxInputTest], with Parameters: [cursor]
14470 [Test worker] INFO  allcom.tests.TestBase -- Start test: [searchBoxInputTest]
14670 [Test worker] INFO  allcom.tests.TestBase -- PASSED: [searchBoxInputTest], with Parameters: [declare]
14671 [Test worker] INFO  allcom.tests.TestBase -- Start test: [searchBoxInputTest]
14877 [Test worker] INFO  allcom.tests.TestBase -- PASSED: [searchBoxInputTest], with Parameters: [delete]
14878 [Test worker] INFO  allcom.tests.TestBase -- Start test: [searchBoxInputTest]
15117 [Test worker] INFO  allcom.tests.TestBase -- PASSED: [searchBoxInputTest], with Parameters: [drop]
15118 [Test worker] INFO  allcom.tests.TestBase -- Start test: [searchBoxInputTest]
15318 [Test worker] INFO  allcom.tests.TestBase -- PASSED: [searchBoxInputTest], with Parameters: [exec]
15318 [Test worker] INFO  allcom.tests.TestBase -- Start test: [searchBoxInputTest]
15532 [Test worker] INFO  allcom.tests.TestBase -- PASSED: [searchBoxInputTest], with Parameters: [execute]
15532 [Test worker] INFO  allcom.tests.TestBase -- Start test: [searchBoxInputTest]
15752 [Test worker] INFO  allcom.tests.TestBase -- PASSED: [searchBoxInputTest], with Parameters: [fetch]
15752 [Test worker] INFO  allcom.tests.TestBase -- Start test: [searchBoxInputTest]
15953 [Test worker] INFO  allcom.tests.TestBase -- PASSED: [searchBoxInputTest], with Parameters: [insert]
15953 [Test worker] INFO  allcom.tests.TestBase -- Start test: [searchBoxInputTest]
16156 [Test worker] INFO  allcom.tests.TestBase -- PASSED: [searchBoxInputTest], with Parameters: [kill]
16156 [Test worker] INFO  allcom.tests.TestBase -- Start test: [searchBoxInputTest]
16379 [Test worker] INFO  allcom.tests.TestBase -- PASSED: [searchBoxInputTest], with Parameters: [select]
16380 [Test worker] INFO  allcom.tests.TestBase -- Start test: [searchBoxInputTest]
16593 [Test worker] INFO  allcom.tests.TestBase -- PASSED: [searchBoxInputTest], with Parameters: [sys]
16593 [Test worker] INFO  allcom.tests.TestBase -- Start test: [searchBoxInputTest]
16805 [Test worker] INFO  allcom.tests.TestBase -- PASSED: [searchBoxInputTest], with Parameters: [sysobjects]
16805 [Test worker] INFO  allcom.tests.TestBase -- Start test: [searchBoxInputTest]
17012 [Test worker] INFO  allcom.tests.TestBase -- PASSED: [searchBoxInputTest], with Parameters: [syscolumns]
17013 [Test worker] INFO  allcom.tests.TestBase -- Start test: [searchBoxInputTest]
17227 [Test worker] INFO  allcom.tests.TestBase -- PASSED: [searchBoxInputTest], with Parameters: [<script></script>]
17228 [Test worker] INFO  allcom.tests.TestBase -- Start test: [searchBoxInputTextTest]
17449 [Test worker] INFO  allcom.tests.TestBase -- PASSED: [searchBoxInputTextTest], with Parameters: []
17449 [Test worker] INFO  allcom.tests.TestBase -- Start test: [searchBoxIsAbsentOnLowResolution]
17797 [Test worker] INFO  allcom.tests.TestBase -- PASSED: [searchBoxIsAbsentOnLowResolution], with Parameters: []
17798 [Test worker] INFO  allcom.tests.TestBase -- Start test: [searchBoxIsClickableOnDifferentResolutions]
18461 [Test worker] INFO  allcom.tests.TestBase -- PASSED: [searchBoxIsClickableOnDifferentResolutions], with Parameters: []
18461 [Test worker] INFO  allcom.tests.TestBase -- Start test: [searchBoxIsEmptyBeforeInput]
18699 [Test worker] INFO  allcom.tests.TestBase -- PASSED: [searchBoxIsEmptyBeforeInput], with Parameters: []
18699 [Test worker] INFO  allcom.tests.TestBase -- Start test: [searchBoxIsPresent]
18894 [Test worker] INFO  allcom.tests.TestBase -- PASSED: [searchBoxIsPresent], with Parameters: []
18895 [Test worker] INFO  allcom.tests.TestBase -- Start test: [searchBoxIsPresentOnHighResolution]
19260 [Test worker] INFO  allcom.tests.TestBase -- PASSED: [searchBoxIsPresentOnHighResolution], with Parameters: []
19260 [Test worker] INFO  allcom.tests.TestBase -- Start test: [searchButtonBottomIsAbsentOnHighResolution]
19760 [Test worker] INFO  allcom.tests.TestBase -- PASSED: [searchButtonBottomIsAbsentOnHighResolution], with Parameters: []
19762 [Test worker] INFO  allcom.tests.TestBase -- Start test: [searchButtonBottomIsClickable]
20263 [Test worker] INFO  allcom.tests.TestBase -- PASSED: [searchButtonBottomIsClickable], with Parameters: []
20263 [Test worker] INFO  allcom.tests.TestBase -- Start test: [searchButtonBottomIsPresentOnLowResolution]
20786 [Test worker] INFO  allcom.tests.TestBase -- PASSED: [searchButtonBottomIsPresentOnLowResolution], with Parameters: []
20786 [Test worker] INFO  allcom.tests.TestBase -- Start test: [searchButtonIsClickable]
21354 [Test worker] INFO  allcom.tests.TestBase -- PASSED: [searchButtonIsClickable], with Parameters: []
21355 [Test worker] INFO  allcom.tests.TestBase -- Start test: [searchRedirectsToCorrectPageTest]
21872 [Test worker] INFO  allcom.tests.TestBase -- PASSED: [searchRedirectsToCorrectPageTest], with Parameters: []
21873 [Test worker] INFO  allcom.tests.TestBase -- Start test: [validateSearchWithIncorrectData]
22058 [Test worker] INFO  allcom.tests.TestBase -- PASSED: [validateSearchWithIncorrectData], with Parameters: []
22058 [Test worker] INFO  allcom.tests.TestBase -- Start test: [validateSearchWithIncorrectData]
22256 [Test worker] INFO  allcom.tests.TestBase -- PASSED: [validateSearchWithIncorrectData], with Parameters: [ ]
22256 [Test worker] INFO  allcom.tests.TestBase -- Start test: [validateSearchWithIncorrectData]
22456 [Test worker] INFO  allcom.tests.TestBase -- PASSED: [validateSearchWithIncorrectData], with Parameters: [<script>]
22457 [Test worker] INFO  allcom.tests.TestBase -- Start test: [validateSearchWithIncorrectData]
22656 [Test worker] INFO  allcom.tests.TestBase -- PASSED: [validateSearchWithIncorrectData], with Parameters: [</script>]
22656 [Test worker] INFO  allcom.tests.TestBase -- Start test: [validateSearchWithIncorrectData]
22848 [Test worker] INFO  allcom.tests.TestBase -- PASSED: [validateSearchWithIncorrectData], with Parameters: [<script>]
22849 [Test worker] INFO  allcom.tests.TestBase -- Start test: [validateSearchWithIncorrectData]
23031 [Test worker] INFO  allcom.tests.TestBase -- PASSED: [validateSearchWithIncorrectData], with Parameters: [<img>]
23031 [Test worker] INFO  allcom.tests.TestBase -- Start test: [validateSearchWithIncorrectData]
23203 [Test worker] INFO  allcom.tests.TestBase -- PASSED: [validateSearchWithIncorrectData], with Parameters: [<div>]
23203 [Test worker] INFO  allcom.tests.TestBase -- Start test: [validateSearchWithIncorrectData]
23391 [Test worker] INFO  allcom.tests.TestBase -- PASSED: [validateSearchWithIncorrectData], with Parameters: [<iframe>]
23391 [Test worker] INFO  allcom.tests.TestBase -- Start test: [validateSearchWithIncorrectData]
23569 [Test worker] INFO  allcom.tests.TestBase -- PASSED: [validateSearchWithIncorrectData], with Parameters: [<input>]
23569 [Test worker] INFO  allcom.tests.TestBase -- Start test: [validateSearchWithIncorrectData]
23765 [Test worker] INFO  allcom.tests.TestBase -- PASSED: [validateSearchWithIncorrectData], with Parameters: [@@]
23765 [Test worker] INFO  allcom.tests.TestBase -- Start test: [validateSearchWithIncorrectData]
23946 [Test worker] INFO  allcom.tests.TestBase -- PASSED: [validateSearchWithIncorrectData], with Parameters: [char]
23946 [Test worker] INFO  allcom.tests.TestBase -- Start test: [validateSearchWithIncorrectData]
24136 [Test worker] INFO  allcom.tests.TestBase -- PASSED: [validateSearchWithIncorrectData], with Parameters: [nchar]
24136 [Test worker] INFO  allcom.tests.TestBase -- Start test: [validateSearchWithIncorrectData]
24327 [Test worker] INFO  allcom.tests.TestBase -- PASSED: [validateSearchWithIncorrectData], with Parameters: [varchar]
24327 [Test worker] INFO  allcom.tests.TestBase -- Start test: [validateSearchWithIncorrectData]
24548 [Test worker] INFO  allcom.tests.TestBase -- PASSED: [validateSearchWithIncorrectData], with Parameters: [nvarchar]
24548 [Test worker] INFO  allcom.tests.TestBase -- Start test: [validateSearchWithIncorrectData]
24737 [Test worker] INFO  allcom.tests.TestBase -- PASSED: [validateSearchWithIncorrectData], with Parameters: [alter]
24737 [Test worker] INFO  allcom.tests.TestBase -- Start test: [validateSearchWithIncorrectData]
24913 [Test worker] INFO  allcom.tests.TestBase -- PASSED: [validateSearchWithIncorrectData], with Parameters: [begin]
24913 [Test worker] INFO  allcom.tests.TestBase -- Start test: [validateSearchWithIncorrectData]
25110 [Test worker] INFO  allcom.tests.TestBase -- PASSED: [validateSearchWithIncorrectData], with Parameters: [cast]
25110 [Test worker] INFO  allcom.tests.TestBase -- Start test: [validateSearchWithIncorrectData]
25305 [Test worker] INFO  allcom.tests.TestBase -- PASSED: [validateSearchWithIncorrectData], with Parameters: [create]
25305 [Test worker] INFO  allcom.tests.TestBase -- Start test: [validateSearchWithIncorrectData]
25493 [Test worker] INFO  allcom.tests.TestBase -- PASSED: [validateSearchWithIncorrectData], with Parameters: [cursor]
25494 [Test worker] INFO  allcom.tests.TestBase -- Start test: [validateSearchWithIncorrectData]
25673 [Test worker] INFO  allcom.tests.TestBase -- PASSED: [validateSearchWithIncorrectData], with Parameters: [declare]
25673 [Test worker] INFO  allcom.tests.TestBase -- Start test: [validateSearchWithIncorrectData]
25851 [Test worker] INFO  allcom.tests.TestBase -- PASSED: [validateSearchWithIncorrectData], with Parameters: [delete]
25851 [Test worker] INFO  allcom.tests.TestBase -- Start test: [validateSearchWithIncorrectData]
26039 [Test worker] INFO  allcom.tests.TestBase -- PASSED: [validateSearchWithIncorrectData], with Parameters: [drop]
26039 [Test worker] INFO  allcom.tests.TestBase -- Start test: [validateSearchWithIncorrectData]
26220 [Test worker] INFO  allcom.tests.TestBase -- PASSED: [validateSearchWithIncorrectData], with Parameters: [exec]
26220 [Test worker] INFO  allcom.tests.TestBase -- Start test: [validateSearchWithIncorrectData]
26407 [Test worker] INFO  allcom.tests.TestBase -- PASSED: [validateSearchWithIncorrectData], with Parameters: [execute]
26407 [Test worker] INFO  allcom.tests.TestBase -- Start test: [validateSearchWithIncorrectData]
26601 [Test worker] INFO  allcom.tests.TestBase -- PASSED: [validateSearchWithIncorrectData], with Parameters: [fetch]
26602 [Test worker] INFO  allcom.tests.TestBase -- Start test: [validateSearchWithIncorrectData]
26792 [Test worker] INFO  allcom.tests.TestBase -- PASSED: [validateSearchWithIncorrectData], with Parameters: [insert]
26793 [Test worker] INFO  allcom.tests.TestBase -- Start test: [validateSearchWithIncorrectData]
26982 [Test worker] INFO  allcom.tests.TestBase -- PASSED: [validateSearchWithIncorrectData], with Parameters: [kill]
26983 [Test worker] INFO  allcom.tests.TestBase -- Start test: [validateSearchWithIncorrectData]
27177 [Test worker] INFO  allcom.tests.TestBase -- PASSED: [validateSearchWithIncorrectData], with Parameters: [select]
27178 [Test worker] INFO  allcom.tests.TestBase -- Start test: [validateSearchWithIncorrectData]
27353 [Test worker] INFO  allcom.tests.TestBase -- PASSED: [validateSearchWithIncorrectData], with Parameters: [sys]
27355 [Test worker] INFO  allcom.tests.TestBase -- Start test: [validateSearchWithIncorrectData]
27545 [Test worker] INFO  allcom.tests.TestBase -- PASSED: [validateSearchWithIncorrectData], with Parameters: [sysobjects]
27545 [Test worker] INFO  allcom.tests.TestBase -- Start test: [validateSearchWithIncorrectData]
27725 [Test worker] INFO  allcom.tests.TestBase -- PASSED: [validateSearchWithIncorrectData], with Parameters: [syscolumns]
27725 [Test worker] INFO  allcom.tests.TestBase -- Start test: [validateSearchWithIncorrectData]
28068 [Test worker] INFO  allcom.tests.TestBase -- PASSED: [validateSearchWithIncorrectData], with Parameters: [<script></script>]
28069 [Test worker] INFO  allcom.tests.TestBase -- Start test: [clickOnForgotYourPasswordLabel]
28239 [Test worker] INFO  allcom.tests.TestBase -- PASSED: [clickOnForgotYourPasswordLabel], with Parameters: []
28239 [Test worker] INFO  allcom.tests.TestBase -- Start test: [clickOnLoginButtonWOData]
28692 [Test worker] INFO  allcom.tests.TestBase -- PASSED: [clickOnLoginButtonWOData], with Parameters: []
28693 [Test worker] INFO  allcom.tests.TestBase -- Start test: [clickOnRegisterButton]
28876 [Test worker] INFO  allcom.tests.TestBase -- PASSED: [clickOnRegisterButton], with Parameters: []
28877 [Test worker] INFO  allcom.tests.TestBase -- Start test: [loginWithInvalidData]
29375 [Test worker] INFO  allcom.tests.TestBase -- PASSED: [loginWithInvalidData], with Parameters: [﻿email, password]
29375 [Test worker] INFO  allcom.tests.TestBase -- Start test: [loginWithInvalidData]
29852 [Test worker] INFO  allcom.tests.TestBase -- PASSED: [loginWithInvalidData], with Parameters: [test@gmail.com, ]
29852 [Test worker] INFO  allcom.tests.TestBase -- Start test: [loginWithInvalidData]
30328 [Test worker] INFO  allcom.tests.TestBase -- PASSED: [loginWithInvalidData], with Parameters: [test@gmail.com, ]
30328 [Test worker] INFO  allcom.tests.TestBase -- Start test: [loginWithInvalidData]
30841 [Test worker] INFO  allcom.tests.TestBase -- PASSED: [loginWithInvalidData], with Parameters: [test@gmail.com, Tes123]
30841 [Test worker] INFO  allcom.tests.TestBase -- Start test: [loginWithInvalidData]
31348 [Test worker] INFO  allcom.tests.TestBase -- PASSED: [loginWithInvalidData], with Parameters: [test@gmail.com, Tes1234]
31348 [Test worker] INFO  allcom.tests.TestBase -- Start test: [loginWithInvalidData]
32062 [Test worker] INFO  allcom.tests.TestBase -- PASSED: [loginWithInvalidData], with Parameters: [test@gmail.com, Test1234555555555555555555555555555555555555555555555555555555555555555555555555555555555555]
32062 [Test worker] INFO  allcom.tests.TestBase -- Start test: [loginWithInvalidData]
32600 [Test worker] INFO  allcom.tests.TestBase -- PASSED: [loginWithInvalidData], with Parameters: [test@gmail.com, 11111E+12]
32600 [Test worker] INFO  allcom.tests.TestBase -- Start test: [loginWithInvalidData]
33117 [Test worker] INFO  allcom.tests.TestBase -- PASSED: [loginWithInvalidData], with Parameters: [test@gmail.com, *&^(*&%$##@]
33117 [Test worker] INFO  allcom.tests.TestBase -- Start test: [loginWithInvalidData]
33642 [Test worker] INFO  allcom.tests.TestBase -- PASSED: [loginWithInvalidData], with Parameters: [test@gmail.com, Qwertyuiop@1ы]
33643 [Test worker] INFO  allcom.tests.TestBase -- Start test: [loginWithInvalidData]
34241 [Test worker] INFO  allcom.tests.TestBase -- PASSED: [loginWithInvalidData], with Parameters: [test@gmail.com, ФЫВААПкгущуцз]
34242 [Test worker] INFO  allcom.tests.TestBase -- Start test: [loginWithInvalidData]
