2648 [Test worker] INFO  allcom.tests.TestBase -- Start test: [clickAboutUsLink]
2996 [Test worker] INFO  allcom.tests.TestBase -- PASSED: [clickAboutUsLink], with Parameters: []
2997 [Test worker] INFO  allcom.tests.TestBase -- Start test: [clickAllcomBottomLink]
3164 [Test worker] INFO  allcom.tests.TestBase -- PASSED: [clickAllcomBottomLink], with Parameters: []
3165 [Test worker] INFO  allcom.tests.TestBase -- Start test: [clickContactLink]
3414 [Test worker] INFO  allcom.tests.TestBase -- PASSED: [clickContactLink], with Parameters: []
3417 [Test worker] INFO  allcom.tests.TestBase -- Start test: [clickFacebookLink]
4763 [Test worker] ERROR allcom.tests.TestBase -- ERROR FAILED TEST: [clickFacebookLink], with Parameters: []
4764 [Test worker] ERROR allcom.tests.TestBase -- ERROR TEST MESSAGE: null
4989 [Test worker] ERROR allcom.tests.TestBase -- ERROR TEST SCREENSHOT: C:\Users\PORTISHEAD\Desktop\ALLCOM\allcom_qa\src\screenshots\screenshot_error_140955.png
4989 [Test worker] INFO  allcom.tests.TestBase -- [==================================================================================================]
4990 [Test worker] INFO  allcom.tests.TestBase -- Start test: [clickFavoritesAuctionsLink]
5463 [Test worker] INFO  allcom.tests.TestBase -- PASSED: [clickFavoritesAuctionsLink], with Parameters: []
5464 [Test worker] INFO  allcom.tests.TestBase -- Start test: [clickInstagramLink]
5703 [Test worker] ERROR allcom.tests.TestBase -- ERROR FAILED TEST: [clickInstagramLink], with Parameters: []
5704 [Test worker] ERROR allcom.tests.TestBase -- ERROR TEST MESSAGE: Current page status does not match the expected status expected [true] but found [false]
5979 [Test worker] ERROR allcom.tests.TestBase -- ERROR TEST SCREENSHOT: C:\Users\PORTISHEAD\Desktop\ALLCOM\allcom_qa\src\screenshots\screenshot_error_140965.png
5980 [Test worker] INFO  allcom.tests.TestBase -- [==================================================================================================]
5981 [Test worker] INFO  allcom.tests.TestBase -- Start test: [clickLoginLink]
6418 [Test worker] INFO  allcom.tests.TestBase -- PASSED: [clickLoginLink], with Parameters: []
6420 [Test worker] INFO  allcom.tests.TestBase -- Start test: [clickMyAccountLink]
6688 [Test worker] INFO  allcom.tests.TestBase -- PASSED: [clickMyAccountLink], with Parameters: []
6689 [Test worker] INFO  allcom.tests.TestBase -- Start test: [clickMyAuctionsLink]
6962 [Test worker] INFO  allcom.tests.TestBase -- PASSED: [clickMyAuctionsLink], with Parameters: []
6964 [Test worker] INFO  allcom.tests.TestBase -- Start test: [clickPortfolioLink]
7223 [Test worker] INFO  allcom.tests.TestBase -- PASSED: [clickPortfolioLink], with Parameters: []
7225 [Test worker] INFO  allcom.tests.TestBase -- Start test: [clickPrivacyPolicyLink]
7500 [Test worker] INFO  allcom.tests.TestBase -- PASSED: [clickPrivacyPolicyLink], with Parameters: []
7501 [Test worker] INFO  allcom.tests.TestBase -- Start test: [clickRegisterLink]
7783 [Test worker] INFO  allcom.tests.TestBase -- PASSED: [clickRegisterLink], with Parameters: []
7784 [Test worker] INFO  allcom.tests.TestBase -- Start test: [clickTwitterLink]
8024 [Test worker] ERROR allcom.tests.TestBase -- ERROR FAILED TEST: [clickTwitterLink], with Parameters: []
8024 [Test worker] ERROR allcom.tests.TestBase -- ERROR TEST MESSAGE: Current page status does not match the expected status expected [true] but found [false]
8231 [Test worker] ERROR allcom.tests.TestBase -- ERROR TEST SCREENSHOT: C:\Users\PORTISHEAD\Desktop\ALLCOM\allcom_qa\src\screenshots\screenshot_error_140988.png
8232 [Test worker] INFO  allcom.tests.TestBase -- [==================================================================================================]
8233 [Test worker] INFO  allcom.tests.TestBase -- Start test: [clickYoutubeLink]
8734 [Test worker] ERROR allcom.tests.TestBase -- ERROR FAILED TEST: [clickYoutubeLink], with Parameters: []
8734 [Test worker] ERROR allcom.tests.TestBase -- ERROR TEST MESSAGE: Current page status does not match the expected status expected [true] but found [false]
9228 [Test worker] ERROR allcom.tests.TestBase -- ERROR TEST SCREENSHOT: C:\Users\PORTISHEAD\Desktop\ALLCOM\allcom_qa\src\screenshots\screenshot_error_140995.png
9228 [Test worker] INFO  allcom.tests.TestBase -- [==================================================================================================]
