2660 [Test worker] INFO  allcom.tests.TestBase -- Start test: [clickAboutUsLink]
3122 [Test worker] INFO  allcom.tests.TestBase -- PASSED: [clickAboutUsLink], with Parameters: []
3124 [Test worker] INFO  allcom.tests.TestBase -- Start test: [clickAllcomBottomLink]
3280 [Test worker] INFO  allcom.tests.TestBase -- PASSED: [clickAllcomBottomLink], with Parameters: []
3282 [Test worker] INFO  allcom.tests.TestBase -- Start test: [clickContactLink]
3677 [Test worker] INFO  allcom.tests.TestBase -- PASSED: [clickContactLink], with Parameters: []
3678 [Test worker] INFO  allcom.tests.TestBase -- Start test: [clickFacebookLink]
3937 [Test worker] ERROR allcom.tests.TestBase -- ERROR FAILED TEST: [clickFacebookLink], with Parameters: []
3937 [Test worker] ERROR allcom.tests.TestBase -- ERROR TEST MESSAGE: Current page status does not match the expected status expected [true] but found [false]
4233 [Test worker] ERROR allcom.tests.TestBase -- ERROR TEST SCREENSHOT: C:\Users\PORTISHEAD\Desktop\ALLCOM\allcom_qa\src\screenshots\screenshot_error_138340.png
4233 [Test worker] INFO  allcom.tests.TestBase -- [==================================================================================================]
4234 [Test worker] INFO  allcom.tests.TestBase -- Start test: [clickFavoritesAuctionsLink]
4643 [Test worker] INFO  allcom.tests.TestBase -- PASSED: [clickFavoritesAuctionsLink], with Parameters: []
4644 [Test worker] INFO  allcom.tests.TestBase -- Start test: [clickInstagramLink]
4917 [Test worker] ERROR allcom.tests.TestBase -- ERROR FAILED TEST: [clickInstagramLink], with Parameters: []
4918 [Test worker] ERROR allcom.tests.TestBase -- ERROR TEST MESSAGE: Current page status does not match the expected status expected [true] but found [false]
5128 [Test worker] ERROR allcom.tests.TestBase -- ERROR TEST SCREENSHOT: C:\Users\PORTISHEAD\Desktop\ALLCOM\allcom_qa\src\screenshots\screenshot_error_138350.png
5129 [Test worker] INFO  allcom.tests.TestBase -- [==================================================================================================]
5130 [Test worker] INFO  allcom.tests.TestBase -- Start test: [clickLoginLink]
5519 [Test worker] INFO  allcom.tests.TestBase -- PASSED: [clickLoginLink], with Parameters: []
5520 [Test worker] INFO  allcom.tests.TestBase -- Start test: [clickMyAccountLink]
5785 [Test worker] INFO  allcom.tests.TestBase -- PASSED: [clickMyAccountLink], with Parameters: []
5785 [Test worker] INFO  allcom.tests.TestBase -- Start test: [clickMyAuctionsLink]
6179 [Test worker] INFO  allcom.tests.TestBase -- PASSED: [clickMyAuctionsLink], with Parameters: []
6180 [Test worker] INFO  allcom.tests.TestBase -- Start test: [clickPortfolioLink]
6572 [Test worker] INFO  allcom.tests.TestBase -- PASSED: [clickPortfolioLink], with Parameters: []
6573 [Test worker] INFO  allcom.tests.TestBase -- Start test: [clickPrivacyPolicyLink]
7000 [Test worker] INFO  allcom.tests.TestBase -- PASSED: [clickPrivacyPolicyLink], with Parameters: []
7002 [Test worker] INFO  allcom.tests.TestBase -- Start test: [clickRegisterLink]
7418 [Test worker] INFO  allcom.tests.TestBase -- PASSED: [clickRegisterLink], with Parameters: []
7419 [Test worker] INFO  allcom.tests.TestBase -- Start test: [clickTwitterLink]
7643 [Test worker] ERROR allcom.tests.TestBase -- ERROR FAILED TEST: [clickTwitterLink], with Parameters: []
7643 [Test worker] ERROR allcom.tests.TestBase -- ERROR TEST MESSAGE: Current page status does not match the expected status expected [true] but found [false]
7832 [Test worker] ERROR allcom.tests.TestBase -- ERROR TEST SCREENSHOT: C:\Users\PORTISHEAD\Desktop\ALLCOM\allcom_qa\src\screenshots\screenshot_error_138377.png
7833 [Test worker] INFO  allcom.tests.TestBase -- [==================================================================================================]
7833 [Test worker] INFO  allcom.tests.TestBase -- Start test: [clickYoutubeLink]
8069 [Test worker] ERROR allcom.tests.TestBase -- ERROR FAILED TEST: [clickYoutubeLink], with Parameters: []
8069 [Test worker] ERROR allcom.tests.TestBase -- ERROR TEST MESSAGE: Current page status does not match the expected status expected [true] but found [false]
8282 [Test worker] ERROR allcom.tests.TestBase -- ERROR TEST SCREENSHOT: C:\Users\PORTISHEAD\Desktop\ALLCOM\allcom_qa\src\screenshots\screenshot_error_138381.png
8283 [Test worker] INFO  allcom.tests.TestBase -- [==================================================================================================]
