2356 [Test worker] INFO  allcom.tests.TestBase -- Start test: [clickAboutUsLink]
2742 [Test worker] INFO  allcom.tests.TestBase -- PASSED: [clickAboutUsLink], with Parameters: []
2744 [Test worker] INFO  allcom.tests.TestBase -- Start test: [clickAllcomBottomLink]
2876 [Test worker] INFO  allcom.tests.TestBase -- PASSED: [clickAllcomBottomLink], with Parameters: []
2877 [Test worker] INFO  allcom.tests.TestBase -- Start test: [clickContactLink]
3263 [Test worker] INFO  allcom.tests.TestBase -- PASSED: [clickContactLink], with Parameters: []
3265 [Test worker] INFO  allcom.tests.TestBase -- Start test: [clickFacebookLink]
3449 [Test worker] ERROR allcom.tests.TestBase -- ERROR FAILED TEST: [clickFacebookLink], with Parameters: []
3450 [Test worker] ERROR allcom.tests.TestBase -- ERROR TEST MESSAGE: null
3610 [Test worker] ERROR allcom.tests.TestBase -- ERROR TEST SCREENSHOT: C:\Users\PORTISHEAD\Desktop\ALLCOM\allcom_qa\src\screenshots\screenshot_error_109393.png
3610 [Test worker] INFO  allcom.tests.TestBase -- [==================================================================================================]
3612 [Test worker] INFO  allcom.tests.TestBase -- Start test: [clickFavoritesAuctionsLink]
4000 [Test worker] INFO  allcom.tests.TestBase -- PASSED: [clickFavoritesAuctionsLink], with Parameters: []
4002 [Test worker] INFO  allcom.tests.TestBase -- Start test: [clickInstagramLink]
4141 [Test worker] ERROR allcom.tests.TestBase -- ERROR FAILED TEST: [clickInstagramLink], with Parameters: []
4142 [Test worker] ERROR allcom.tests.TestBase -- ERROR TEST MESSAGE: null
4326 [Test worker] ERROR allcom.tests.TestBase -- ERROR TEST SCREENSHOT: C:\Users\PORTISHEAD\Desktop\ALLCOM\allcom_qa\src\screenshots\screenshot_error_109400.png
4327 [Test worker] INFO  allcom.tests.TestBase -- [==================================================================================================]
4329 [Test worker] INFO  allcom.tests.TestBase -- Start test: [clickLoginLink]
4745 [Test worker] INFO  allcom.tests.TestBase -- PASSED: [clickLoginLink], with Parameters: []
4747 [Test worker] INFO  allcom.tests.TestBase -- Start test: [clickMyAccountLink]
5077 [Test worker] INFO  allcom.tests.TestBase -- PASSED: [clickMyAccountLink], with Parameters: []
5078 [Test worker] INFO  allcom.tests.TestBase -- Start test: [clickMyAuctionsLink]
5431 [Test worker] INFO  allcom.tests.TestBase -- PASSED: [clickMyAuctionsLink], with Parameters: []
5432 [Test worker] INFO  allcom.tests.TestBase -- Start test: [clickPortfolioLink]
5764 [Test worker] INFO  allcom.tests.TestBase -- PASSED: [clickPortfolioLink], with Parameters: []
5765 [Test worker] INFO  allcom.tests.TestBase -- Start test: [clickPrivacyPolicyLink]
5991 [Test worker] INFO  allcom.tests.TestBase -- PASSED: [clickPrivacyPolicyLink], with Parameters: []
5993 [Test worker] INFO  allcom.tests.TestBase -- Start test: [clickRegisterLink]
6380 [Test worker] INFO  allcom.tests.TestBase -- PASSED: [clickRegisterLink], with Parameters: []
6382 [Test worker] INFO  allcom.tests.TestBase -- Start test: [clickTwitterLink]
6511 [Test worker] ERROR allcom.tests.TestBase -- ERROR FAILED TEST: [clickTwitterLink], with Parameters: []
6511 [Test worker] ERROR allcom.tests.TestBase -- ERROR TEST MESSAGE: null
6657 [Test worker] ERROR allcom.tests.TestBase -- ERROR TEST SCREENSHOT: C:\Users\PORTISHEAD\Desktop\ALLCOM\allcom_qa\src\screenshots\screenshot_error_109423.png
6658 [Test worker] INFO  allcom.tests.TestBase -- [==================================================================================================]
6660 [Test worker] INFO  allcom.tests.TestBase -- Start test: [clickYoutubeLink]
6814 [Test worker] ERROR allcom.tests.TestBase -- ERROR FAILED TEST: [clickYoutubeLink], with Parameters: []
6814 [Test worker] ERROR allcom.tests.TestBase -- ERROR TEST MESSAGE: null
6936 [Test worker] ERROR allcom.tests.TestBase -- ERROR TEST SCREENSHOT: C:\Users\PORTISHEAD\Desktop\ALLCOM\allcom_qa\src\screenshots\screenshot_error_109426.png
6937 [Test worker] INFO  allcom.tests.TestBase -- [==================================================================================================]
